[2024-11-11T00:10:56.687+0700] {processor.py:186} INFO - Started process (PID=62470) to work on /home/game/.cache/pypoetry/virtualenvs/airflow-install-dU2IC21M-py3.12/lib/python3.12/site-packages/airflow/example_dags/example_dataset_alias.py
[2024-11-11T00:10:56.687+0700] {processor.py:914} INFO - Processing file /home/game/.cache/pypoetry/virtualenvs/airflow-install-dU2IC21M-py3.12/lib/python3.12/site-packages/airflow/example_dags/example_dataset_alias.py for tasks to queue
[2024-11-11T00:10:56.688+0700] {logging_mixin.py:190} INFO - [2024-11-11T00:10:56.688+0700] {dagbag.py:588} INFO - Filling up the DagBag from /home/game/.cache/pypoetry/virtualenvs/airflow-install-dU2IC21M-py3.12/lib/python3.12/site-packages/airflow/example_dags/example_dataset_alias.py
[2024-11-11T00:10:56.699+0700] {processor.py:925} INFO - DAG(s) 'dataset_s3_bucket_producer', 'dataset_alias_example_alias_producer', 'dataset_s3_bucket_consumer', 'dataset_alias_example_alias_consumer' retrieved from /home/game/.cache/pypoetry/virtualenvs/airflow-install-dU2IC21M-py3.12/lib/python3.12/site-packages/airflow/example_dags/example_dataset_alias.py
[2024-11-11T00:10:56.752+0700] {logging_mixin.py:190} INFO - [2024-11-11T00:10:56.752+0700] {override.py:1911} INFO - Created Permission View: can read on DAG:dataset_s3_bucket_producer
[2024-11-11T00:10:56.759+0700] {logging_mixin.py:190} INFO - [2024-11-11T00:10:56.759+0700] {override.py:1911} INFO - Created Permission View: can edit on DAG:dataset_s3_bucket_producer
[2024-11-11T00:10:56.764+0700] {logging_mixin.py:190} INFO - [2024-11-11T00:10:56.764+0700] {override.py:1911} INFO - Created Permission View: can delete on DAG:dataset_s3_bucket_producer
[2024-11-11T00:10:56.773+0700] {logging_mixin.py:190} INFO - [2024-11-11T00:10:56.773+0700] {override.py:1911} INFO - Created Permission View: can read on DAG Run:dataset_s3_bucket_producer
[2024-11-11T00:10:56.779+0700] {logging_mixin.py:190} INFO - [2024-11-11T00:10:56.779+0700] {override.py:1911} INFO - Created Permission View: menu access on DAG Run:dataset_s3_bucket_producer
[2024-11-11T00:10:56.784+0700] {logging_mixin.py:190} INFO - [2024-11-11T00:10:56.784+0700] {override.py:1911} INFO - Created Permission View: can delete on DAG Run:dataset_s3_bucket_producer
[2024-11-11T00:10:56.789+0700] {logging_mixin.py:190} INFO - [2024-11-11T00:10:56.789+0700] {override.py:1911} INFO - Created Permission View: can create on DAG Run:dataset_s3_bucket_producer
[2024-11-11T00:10:56.803+0700] {logging_mixin.py:190} INFO - [2024-11-11T00:10:56.803+0700] {override.py:1911} INFO - Created Permission View: can read on DAG:dataset_alias_example_alias_producer
[2024-11-11T00:10:56.809+0700] {logging_mixin.py:190} INFO - [2024-11-11T00:10:56.809+0700] {override.py:1911} INFO - Created Permission View: can edit on DAG:dataset_alias_example_alias_producer
[2024-11-11T00:10:56.814+0700] {logging_mixin.py:190} INFO - [2024-11-11T00:10:56.814+0700] {override.py:1911} INFO - Created Permission View: can delete on DAG:dataset_alias_example_alias_producer
[2024-11-11T00:10:56.822+0700] {logging_mixin.py:190} INFO - [2024-11-11T00:10:56.822+0700] {override.py:1911} INFO - Created Permission View: can read on DAG Run:dataset_alias_example_alias_producer
[2024-11-11T00:10:56.828+0700] {logging_mixin.py:190} INFO - [2024-11-11T00:10:56.828+0700] {override.py:1911} INFO - Created Permission View: menu access on DAG Run:dataset_alias_example_alias_producer
[2024-11-11T00:10:56.833+0700] {logging_mixin.py:190} INFO - [2024-11-11T00:10:56.833+0700] {override.py:1911} INFO - Created Permission View: can delete on DAG Run:dataset_alias_example_alias_producer
[2024-11-11T00:10:56.839+0700] {logging_mixin.py:190} INFO - [2024-11-11T00:10:56.838+0700] {override.py:1911} INFO - Created Permission View: can create on DAG Run:dataset_alias_example_alias_producer
[2024-11-11T00:10:56.850+0700] {logging_mixin.py:190} INFO - [2024-11-11T00:10:56.849+0700] {override.py:1911} INFO - Created Permission View: can read on DAG:dataset_s3_bucket_consumer
[2024-11-11T00:10:56.857+0700] {logging_mixin.py:190} INFO - [2024-11-11T00:10:56.856+0700] {override.py:1911} INFO - Created Permission View: can edit on DAG:dataset_s3_bucket_consumer
[2024-11-11T00:10:56.863+0700] {logging_mixin.py:190} INFO - [2024-11-11T00:10:56.863+0700] {override.py:1911} INFO - Created Permission View: can delete on DAG:dataset_s3_bucket_consumer
[2024-11-11T00:10:56.873+0700] {logging_mixin.py:190} INFO - [2024-11-11T00:10:56.873+0700] {override.py:1911} INFO - Created Permission View: can read on DAG Run:dataset_s3_bucket_consumer
[2024-11-11T00:10:56.883+0700] {logging_mixin.py:190} INFO - [2024-11-11T00:10:56.882+0700] {override.py:1911} INFO - Created Permission View: menu access on DAG Run:dataset_s3_bucket_consumer
[2024-11-11T00:10:56.890+0700] {logging_mixin.py:190} INFO - [2024-11-11T00:10:56.890+0700] {override.py:1911} INFO - Created Permission View: can delete on DAG Run:dataset_s3_bucket_consumer
[2024-11-11T00:10:56.896+0700] {logging_mixin.py:190} INFO - [2024-11-11T00:10:56.896+0700] {override.py:1911} INFO - Created Permission View: can create on DAG Run:dataset_s3_bucket_consumer
[2024-11-11T00:10:56.908+0700] {logging_mixin.py:190} INFO - [2024-11-11T00:10:56.908+0700] {override.py:1911} INFO - Created Permission View: can read on DAG:dataset_alias_example_alias_consumer
[2024-11-11T00:10:56.914+0700] {logging_mixin.py:190} INFO - [2024-11-11T00:10:56.914+0700] {override.py:1911} INFO - Created Permission View: can edit on DAG:dataset_alias_example_alias_consumer
[2024-11-11T00:10:56.919+0700] {logging_mixin.py:190} INFO - [2024-11-11T00:10:56.919+0700] {override.py:1911} INFO - Created Permission View: can delete on DAG:dataset_alias_example_alias_consumer
[2024-11-11T00:10:56.929+0700] {logging_mixin.py:190} INFO - [2024-11-11T00:10:56.929+0700] {override.py:1911} INFO - Created Permission View: can read on DAG Run:dataset_alias_example_alias_consumer
[2024-11-11T00:10:56.935+0700] {logging_mixin.py:190} INFO - [2024-11-11T00:10:56.935+0700] {override.py:1911} INFO - Created Permission View: menu access on DAG Run:dataset_alias_example_alias_consumer
[2024-11-11T00:10:56.940+0700] {logging_mixin.py:190} INFO - [2024-11-11T00:10:56.939+0700] {override.py:1911} INFO - Created Permission View: can delete on DAG Run:dataset_alias_example_alias_consumer
[2024-11-11T00:10:56.945+0700] {logging_mixin.py:190} INFO - [2024-11-11T00:10:56.945+0700] {override.py:1911} INFO - Created Permission View: can create on DAG Run:dataset_alias_example_alias_consumer
[2024-11-11T00:10:56.945+0700] {logging_mixin.py:190} INFO - [2024-11-11T00:10:56.945+0700] {dag.py:3239} INFO - Sync 4 DAGs
[2024-11-11T00:10:56.951+0700] {logging_mixin.py:190} INFO - [2024-11-11T00:10:56.951+0700] {dag.py:3262} INFO - Creating ORM DAG for dataset_s3_bucket_producer
[2024-11-11T00:10:56.952+0700] {logging_mixin.py:190} INFO - [2024-11-11T00:10:56.952+0700] {dag.py:3262} INFO - Creating ORM DAG for dataset_alias_example_alias_producer
[2024-11-11T00:10:56.952+0700] {logging_mixin.py:190} INFO - [2024-11-11T00:10:56.952+0700] {dag.py:3262} INFO - Creating ORM DAG for dataset_s3_bucket_consumer
[2024-11-11T00:10:56.952+0700] {logging_mixin.py:190} INFO - [2024-11-11T00:10:56.952+0700] {dag.py:3262} INFO - Creating ORM DAG for dataset_alias_example_alias_consumer
[2024-11-11T00:10:56.956+0700] {logging_mixin.py:190} INFO - [2024-11-11T00:10:56.956+0700] {dag.py:4180} INFO - Setting next_dagrun for dataset_alias_example_alias_consumer to None, run_after=None
[2024-11-11T00:10:56.956+0700] {logging_mixin.py:190} INFO - [2024-11-11T00:10:56.956+0700] {dag.py:4180} INFO - Setting next_dagrun for dataset_alias_example_alias_producer to None, run_after=None
[2024-11-11T00:10:56.957+0700] {logging_mixin.py:190} INFO - [2024-11-11T00:10:56.957+0700] {dag.py:4180} INFO - Setting next_dagrun for dataset_s3_bucket_consumer to None, run_after=None
[2024-11-11T00:10:56.957+0700] {logging_mixin.py:190} INFO - [2024-11-11T00:10:56.957+0700] {dag.py:4180} INFO - Setting next_dagrun for dataset_s3_bucket_producer to None, run_after=None
[2024-11-11T00:10:56.973+0700] {processor.py:208} INFO - Processing /home/game/.cache/pypoetry/virtualenvs/airflow-install-dU2IC21M-py3.12/lib/python3.12/site-packages/airflow/example_dags/example_dataset_alias.py took 0.290 seconds
