[2024-11-11T00:11:14.900+0700] {processor.py:186} INFO - Started process (PID=62666) to work on /home/game/.cache/pypoetry/virtualenvs/airflow-install-dU2IC21M-py3.12/lib/python3.12/site-packages/airflow/example_dags/example_external_task_marker_dag.py
[2024-11-11T00:11:14.901+0700] {processor.py:914} INFO - Processing file /home/game/.cache/pypoetry/virtualenvs/airflow-install-dU2IC21M-py3.12/lib/python3.12/site-packages/airflow/example_dags/example_external_task_marker_dag.py for tasks to queue
[2024-11-11T00:11:14.902+0700] {logging_mixin.py:190} INFO - [2024-11-11T00:11:14.901+0700] {dagbag.py:588} INFO - Filling up the DagBag from /home/game/.cache/pypoetry/virtualenvs/airflow-install-dU2IC21M-py3.12/lib/python3.12/site-packages/airflow/example_dags/example_external_task_marker_dag.py
[2024-11-11T00:11:14.906+0700] {processor.py:925} INFO - DAG(s) 'example_external_task_marker_child', 'example_external_task_marker_parent' retrieved from /home/game/.cache/pypoetry/virtualenvs/airflow-install-dU2IC21M-py3.12/lib/python3.12/site-packages/airflow/example_dags/example_external_task_marker_dag.py
[2024-11-11T00:11:14.962+0700] {logging_mixin.py:190} INFO - [2024-11-11T00:11:14.962+0700] {override.py:1911} INFO - Created Permission View: can read on DAG:example_external_task_marker_child
[2024-11-11T00:11:14.970+0700] {logging_mixin.py:190} INFO - [2024-11-11T00:11:14.970+0700] {override.py:1911} INFO - Created Permission View: can edit on DAG:example_external_task_marker_child
[2024-11-11T00:11:14.976+0700] {logging_mixin.py:190} INFO - [2024-11-11T00:11:14.976+0700] {override.py:1911} INFO - Created Permission View: can delete on DAG:example_external_task_marker_child
[2024-11-11T00:11:14.986+0700] {logging_mixin.py:190} INFO - [2024-11-11T00:11:14.986+0700] {override.py:1911} INFO - Created Permission View: can read on DAG Run:example_external_task_marker_child
[2024-11-11T00:11:14.992+0700] {logging_mixin.py:190} INFO - [2024-11-11T00:11:14.991+0700] {override.py:1911} INFO - Created Permission View: menu access on DAG Run:example_external_task_marker_child
[2024-11-11T00:11:14.998+0700] {logging_mixin.py:190} INFO - [2024-11-11T00:11:14.998+0700] {override.py:1911} INFO - Created Permission View: can delete on DAG Run:example_external_task_marker_child
[2024-11-11T00:11:15.003+0700] {logging_mixin.py:190} INFO - [2024-11-11T00:11:15.003+0700] {override.py:1911} INFO - Created Permission View: can create on DAG Run:example_external_task_marker_child
[2024-11-11T00:11:15.015+0700] {logging_mixin.py:190} INFO - [2024-11-11T00:11:15.014+0700] {override.py:1911} INFO - Created Permission View: can read on DAG:example_external_task_marker_parent
[2024-11-11T00:11:15.020+0700] {logging_mixin.py:190} INFO - [2024-11-11T00:11:15.020+0700] {override.py:1911} INFO - Created Permission View: can edit on DAG:example_external_task_marker_parent
[2024-11-11T00:11:15.026+0700] {logging_mixin.py:190} INFO - [2024-11-11T00:11:15.025+0700] {override.py:1911} INFO - Created Permission View: can delete on DAG:example_external_task_marker_parent
[2024-11-11T00:11:15.034+0700] {logging_mixin.py:190} INFO - [2024-11-11T00:11:15.034+0700] {override.py:1911} INFO - Created Permission View: can read on DAG Run:example_external_task_marker_parent
[2024-11-11T00:11:15.040+0700] {logging_mixin.py:190} INFO - [2024-11-11T00:11:15.039+0700] {override.py:1911} INFO - Created Permission View: menu access on DAG Run:example_external_task_marker_parent
[2024-11-11T00:11:15.045+0700] {logging_mixin.py:190} INFO - [2024-11-11T00:11:15.045+0700] {override.py:1911} INFO - Created Permission View: can delete on DAG Run:example_external_task_marker_parent
[2024-11-11T00:11:15.052+0700] {logging_mixin.py:190} INFO - [2024-11-11T00:11:15.051+0700] {override.py:1911} INFO - Created Permission View: can create on DAG Run:example_external_task_marker_parent
[2024-11-11T00:11:15.052+0700] {logging_mixin.py:190} INFO - [2024-11-11T00:11:15.052+0700] {dag.py:3239} INFO - Sync 2 DAGs
[2024-11-11T00:11:15.062+0700] {logging_mixin.py:190} INFO - [2024-11-11T00:11:15.062+0700] {dag.py:3262} INFO - Creating ORM DAG for example_external_task_marker_parent
[2024-11-11T00:11:15.062+0700] {logging_mixin.py:190} INFO - [2024-11-11T00:11:15.062+0700] {dag.py:3262} INFO - Creating ORM DAG for example_external_task_marker_child
[2024-11-11T00:11:15.063+0700] {logging_mixin.py:190} INFO - [2024-11-11T00:11:15.062+0700] {dag.py:4180} INFO - Setting next_dagrun for example_external_task_marker_child to None, run_after=None
[2024-11-11T00:11:15.063+0700] {logging_mixin.py:190} INFO - [2024-11-11T00:11:15.063+0700] {dag.py:4180} INFO - Setting next_dagrun for example_external_task_marker_parent to None, run_after=None
[2024-11-11T00:11:15.077+0700] {processor.py:208} INFO - Processing /home/game/.cache/pypoetry/virtualenvs/airflow-install-dU2IC21M-py3.12/lib/python3.12/site-packages/airflow/example_dags/example_external_task_marker_dag.py took 0.181 seconds
