[2024-11-11T00:11:06.535+0700] {processor.py:186} INFO - Started process (PID=62551) to work on /home/game/.cache/pypoetry/virtualenvs/airflow-install-dU2IC21M-py3.12/lib/python3.12/site-packages/airflow/example_dags/example_subdag_operator.py
[2024-11-11T00:11:06.536+0700] {processor.py:914} INFO - Processing file /home/game/.cache/pypoetry/virtualenvs/airflow-install-dU2IC21M-py3.12/lib/python3.12/site-packages/airflow/example_dags/example_subdag_operator.py for tasks to queue
[2024-11-11T00:11:06.537+0700] {logging_mixin.py:190} INFO - [2024-11-11T00:11:06.537+0700] {dagbag.py:588} INFO - Filling up the DagBag from /home/game/.cache/pypoetry/virtualenvs/airflow-install-dU2IC21M-py3.12/lib/python3.12/site-packages/airflow/example_dags/example_subdag_operator.py
[2024-11-11T00:11:06.549+0700] {processor.py:925} INFO - DAG(s) 'example_subdag_operator.section-1', 'example_subdag_operator.section-2', 'example_subdag_operator' retrieved from /home/game/.cache/pypoetry/virtualenvs/airflow-install-dU2IC21M-py3.12/lib/python3.12/site-packages/airflow/example_dags/example_subdag_operator.py
[2024-11-11T00:11:06.605+0700] {logging_mixin.py:190} INFO - [2024-11-11T00:11:06.604+0700] {override.py:1911} INFO - Created Permission View: can read on DAG:example_subdag_operator
[2024-11-11T00:11:06.615+0700] {logging_mixin.py:190} INFO - [2024-11-11T00:11:06.615+0700] {override.py:1911} INFO - Created Permission View: can edit on DAG:example_subdag_operator
[2024-11-11T00:11:06.626+0700] {logging_mixin.py:190} INFO - [2024-11-11T00:11:06.625+0700] {override.py:1911} INFO - Created Permission View: can delete on DAG:example_subdag_operator
[2024-11-11T00:11:06.639+0700] {logging_mixin.py:190} INFO - [2024-11-11T00:11:06.638+0700] {override.py:1911} INFO - Created Permission View: can read on DAG Run:example_subdag_operator
[2024-11-11T00:11:06.647+0700] {logging_mixin.py:190} INFO - [2024-11-11T00:11:06.646+0700] {override.py:1911} INFO - Created Permission View: menu access on DAG Run:example_subdag_operator
[2024-11-11T00:11:06.656+0700] {logging_mixin.py:190} INFO - [2024-11-11T00:11:06.655+0700] {override.py:1911} INFO - Created Permission View: can delete on DAG Run:example_subdag_operator
[2024-11-11T00:11:06.664+0700] {logging_mixin.py:190} INFO - [2024-11-11T00:11:06.663+0700] {override.py:1911} INFO - Created Permission View: can create on DAG Run:example_subdag_operator
[2024-11-11T00:11:06.664+0700] {logging_mixin.py:190} INFO - [2024-11-11T00:11:06.664+0700] {dag.py:3239} INFO - Sync 3 DAGs
[2024-11-11T00:11:06.672+0700] {logging_mixin.py:190} INFO - [2024-11-11T00:11:06.672+0700] {dag.py:3262} INFO - Creating ORM DAG for example_subdag_operator
[2024-11-11T00:11:06.673+0700] {logging_mixin.py:190} INFO - [2024-11-11T00:11:06.673+0700] {dag.py:3262} INFO - Creating ORM DAG for example_subdag_operator.section-2
[2024-11-11T00:11:06.673+0700] {logging_mixin.py:190} INFO - [2024-11-11T00:11:06.673+0700] {dag.py:3262} INFO - Creating ORM DAG for example_subdag_operator.section-1
[2024-11-11T00:11:06.677+0700] {logging_mixin.py:190} INFO - [2024-11-11T00:11:06.677+0700] {dag.py:4180} INFO - Setting next_dagrun for example_subdag_operator to 2022-01-01 00:00:00+00:00, run_after=2022-01-01 00:00:00+00:00
[2024-11-11T00:11:06.678+0700] {logging_mixin.py:190} INFO - [2024-11-11T00:11:06.678+0700] {dag.py:4180} INFO - Setting next_dagrun for example_subdag_operator.section-1 to None, run_after=None
[2024-11-11T00:11:06.678+0700] {logging_mixin.py:190} INFO - [2024-11-11T00:11:06.678+0700] {dag.py:4180} INFO - Setting next_dagrun for example_subdag_operator.section-2 to None, run_after=None
[2024-11-11T00:11:06.681+0700] {logging_mixin.py:190} INFO - [2024-11-11T00:11:06.681+0700] {dag.py:3239} INFO - Sync 2 DAGs
[2024-11-11T00:11:06.683+0700] {logging_mixin.py:190} INFO - [2024-11-11T00:11:06.683+0700] {dag.py:4180} INFO - Setting next_dagrun for example_subdag_operator.section-1 to None, run_after=None
[2024-11-11T00:11:06.685+0700] {logging_mixin.py:190} INFO - [2024-11-11T00:11:06.684+0700] {dag.py:4180} INFO - Setting next_dagrun for example_subdag_operator.section-2 to None, run_after=None
[2024-11-11T00:11:06.694+0700] {processor.py:208} INFO - Processing /home/game/.cache/pypoetry/virtualenvs/airflow-install-dU2IC21M-py3.12/lib/python3.12/site-packages/airflow/example_dags/example_subdag_operator.py took 0.162 seconds
