[2024-11-11T00:11:16.669+0700] {processor.py:186} INFO - Started process (PID=62672) to work on /home/game/.cache/pypoetry/virtualenvs/airflow-install-dU2IC21M-py3.12/lib/python3.12/site-packages/airflow/example_dags/example_inlet_event_extra.py
[2024-11-11T00:11:16.669+0700] {processor.py:914} INFO - Processing file /home/game/.cache/pypoetry/virtualenvs/airflow-install-dU2IC21M-py3.12/lib/python3.12/site-packages/airflow/example_dags/example_inlet_event_extra.py for tasks to queue
[2024-11-11T00:11:16.670+0700] {logging_mixin.py:190} INFO - [2024-11-11T00:11:16.670+0700] {dagbag.py:588} INFO - Filling up the DagBag from /home/game/.cache/pypoetry/virtualenvs/airflow-install-dU2IC21M-py3.12/lib/python3.12/site-packages/airflow/example_dags/example_inlet_event_extra.py
[2024-11-11T00:11:16.676+0700] {processor.py:925} INFO - DAG(s) 'read_dataset_event', 'read_dataset_event_from_classic' retrieved from /home/game/.cache/pypoetry/virtualenvs/airflow-install-dU2IC21M-py3.12/lib/python3.12/site-packages/airflow/example_dags/example_inlet_event_extra.py
[2024-11-11T00:11:16.742+0700] {logging_mixin.py:190} INFO - [2024-11-11T00:11:16.742+0700] {override.py:1911} INFO - Created Permission View: can read on DAG:read_dataset_event
[2024-11-11T00:11:16.752+0700] {logging_mixin.py:190} INFO - [2024-11-11T00:11:16.751+0700] {override.py:1911} INFO - Created Permission View: can edit on DAG:read_dataset_event
[2024-11-11T00:11:16.758+0700] {logging_mixin.py:190} INFO - [2024-11-11T00:11:16.758+0700] {override.py:1911} INFO - Created Permission View: can delete on DAG:read_dataset_event
[2024-11-11T00:11:16.767+0700] {logging_mixin.py:190} INFO - [2024-11-11T00:11:16.767+0700] {override.py:1911} INFO - Created Permission View: can read on DAG Run:read_dataset_event
[2024-11-11T00:11:16.773+0700] {logging_mixin.py:190} INFO - [2024-11-11T00:11:16.773+0700] {override.py:1911} INFO - Created Permission View: menu access on DAG Run:read_dataset_event
[2024-11-11T00:11:16.779+0700] {logging_mixin.py:190} INFO - [2024-11-11T00:11:16.778+0700] {override.py:1911} INFO - Created Permission View: can delete on DAG Run:read_dataset_event
[2024-11-11T00:11:16.784+0700] {logging_mixin.py:190} INFO - [2024-11-11T00:11:16.784+0700] {override.py:1911} INFO - Created Permission View: can create on DAG Run:read_dataset_event
[2024-11-11T00:11:16.796+0700] {logging_mixin.py:190} INFO - [2024-11-11T00:11:16.795+0700] {override.py:1911} INFO - Created Permission View: can read on DAG:read_dataset_event_from_classic
[2024-11-11T00:11:16.802+0700] {logging_mixin.py:190} INFO - [2024-11-11T00:11:16.802+0700] {override.py:1911} INFO - Created Permission View: can edit on DAG:read_dataset_event_from_classic
[2024-11-11T00:11:16.809+0700] {logging_mixin.py:190} INFO - [2024-11-11T00:11:16.808+0700] {override.py:1911} INFO - Created Permission View: can delete on DAG:read_dataset_event_from_classic
[2024-11-11T00:11:16.820+0700] {logging_mixin.py:190} INFO - [2024-11-11T00:11:16.820+0700] {override.py:1911} INFO - Created Permission View: can read on DAG Run:read_dataset_event_from_classic
[2024-11-11T00:11:16.826+0700] {logging_mixin.py:190} INFO - [2024-11-11T00:11:16.826+0700] {override.py:1911} INFO - Created Permission View: menu access on DAG Run:read_dataset_event_from_classic
[2024-11-11T00:11:16.833+0700] {logging_mixin.py:190} INFO - [2024-11-11T00:11:16.833+0700] {override.py:1911} INFO - Created Permission View: can delete on DAG Run:read_dataset_event_from_classic
[2024-11-11T00:11:16.839+0700] {logging_mixin.py:190} INFO - [2024-11-11T00:11:16.839+0700] {override.py:1911} INFO - Created Permission View: can create on DAG Run:read_dataset_event_from_classic
[2024-11-11T00:11:16.839+0700] {logging_mixin.py:190} INFO - [2024-11-11T00:11:16.839+0700] {dag.py:3239} INFO - Sync 2 DAGs
[2024-11-11T00:11:16.845+0700] {logging_mixin.py:190} INFO - [2024-11-11T00:11:16.844+0700] {dag.py:3262} INFO - Creating ORM DAG for read_dataset_event
[2024-11-11T00:11:16.845+0700] {logging_mixin.py:190} INFO - [2024-11-11T00:11:16.845+0700] {dag.py:3262} INFO - Creating ORM DAG for read_dataset_event_from_classic
[2024-11-11T00:11:16.849+0700] {logging_mixin.py:190} INFO - [2024-11-11T00:11:16.849+0700] {dag.py:4180} INFO - Setting next_dagrun for read_dataset_event to 2024-11-09 00:00:00+00:00, run_after=2024-11-10 00:00:00+00:00
[2024-11-11T00:11:16.850+0700] {logging_mixin.py:190} INFO - [2024-11-11T00:11:16.850+0700] {dag.py:4180} INFO - Setting next_dagrun for read_dataset_event_from_classic to 2024-11-09 00:00:00+00:00, run_after=2024-11-10 00:00:00+00:00
[2024-11-11T00:11:16.863+0700] {processor.py:208} INFO - Processing /home/game/.cache/pypoetry/virtualenvs/airflow-install-dU2IC21M-py3.12/lib/python3.12/site-packages/airflow/example_dags/example_inlet_event_extra.py took 0.196 seconds
