[2024-11-11T00:10:46.463+0700] {processor.py:186} INFO - Started process (PID=62404) to work on /home/game/.cache/pypoetry/virtualenvs/airflow-install-dU2IC21M-py3.12/lib/python3.12/site-packages/airflow/example_dags/example_outlet_event_extra.py
[2024-11-11T00:10:46.463+0700] {processor.py:914} INFO - Processing file /home/game/.cache/pypoetry/virtualenvs/airflow-install-dU2IC21M-py3.12/lib/python3.12/site-packages/airflow/example_dags/example_outlet_event_extra.py for tasks to queue
[2024-11-11T00:10:46.464+0700] {logging_mixin.py:190} INFO - [2024-11-11T00:10:46.464+0700] {dagbag.py:588} INFO - Filling up the DagBag from /home/game/.cache/pypoetry/virtualenvs/airflow-install-dU2IC21M-py3.12/lib/python3.12/site-packages/airflow/example_dags/example_outlet_event_extra.py
[2024-11-11T00:10:46.472+0700] {processor.py:925} INFO - DAG(s) 'dataset_with_extra_from_classic_operator', 'dataset_with_extra_by_yield', 'dataset_with_extra_by_context' retrieved from /home/game/.cache/pypoetry/virtualenvs/airflow-install-dU2IC21M-py3.12/lib/python3.12/site-packages/airflow/example_dags/example_outlet_event_extra.py
[2024-11-11T00:10:46.526+0700] {logging_mixin.py:190} INFO - [2024-11-11T00:10:46.526+0700] {override.py:1911} INFO - Created Permission View: can read on DAG:dataset_with_extra_from_classic_operator
[2024-11-11T00:10:46.533+0700] {logging_mixin.py:190} INFO - [2024-11-11T00:10:46.533+0700] {override.py:1911} INFO - Created Permission View: can edit on DAG:dataset_with_extra_from_classic_operator
[2024-11-11T00:10:46.539+0700] {logging_mixin.py:190} INFO - [2024-11-11T00:10:46.539+0700] {override.py:1911} INFO - Created Permission View: can delete on DAG:dataset_with_extra_from_classic_operator
[2024-11-11T00:10:46.549+0700] {logging_mixin.py:190} INFO - [2024-11-11T00:10:46.549+0700] {override.py:1911} INFO - Created Permission View: can read on DAG Run:dataset_with_extra_from_classic_operator
[2024-11-11T00:10:46.555+0700] {logging_mixin.py:190} INFO - [2024-11-11T00:10:46.554+0700] {override.py:1911} INFO - Created Permission View: menu access on DAG Run:dataset_with_extra_from_classic_operator
[2024-11-11T00:10:46.560+0700] {logging_mixin.py:190} INFO - [2024-11-11T00:10:46.560+0700] {override.py:1911} INFO - Created Permission View: can delete on DAG Run:dataset_with_extra_from_classic_operator
[2024-11-11T00:10:46.565+0700] {logging_mixin.py:190} INFO - [2024-11-11T00:10:46.565+0700] {override.py:1911} INFO - Created Permission View: can create on DAG Run:dataset_with_extra_from_classic_operator
[2024-11-11T00:10:46.577+0700] {logging_mixin.py:190} INFO - [2024-11-11T00:10:46.577+0700] {override.py:1911} INFO - Created Permission View: can read on DAG:dataset_with_extra_by_yield
[2024-11-11T00:10:46.584+0700] {logging_mixin.py:190} INFO - [2024-11-11T00:10:46.584+0700] {override.py:1911} INFO - Created Permission View: can edit on DAG:dataset_with_extra_by_yield
[2024-11-11T00:10:46.591+0700] {logging_mixin.py:190} INFO - [2024-11-11T00:10:46.591+0700] {override.py:1911} INFO - Created Permission View: can delete on DAG:dataset_with_extra_by_yield
[2024-11-11T00:10:46.602+0700] {logging_mixin.py:190} INFO - [2024-11-11T00:10:46.602+0700] {override.py:1911} INFO - Created Permission View: can read on DAG Run:dataset_with_extra_by_yield
[2024-11-11T00:10:46.609+0700] {logging_mixin.py:190} INFO - [2024-11-11T00:10:46.609+0700] {override.py:1911} INFO - Created Permission View: menu access on DAG Run:dataset_with_extra_by_yield
[2024-11-11T00:10:46.616+0700] {logging_mixin.py:190} INFO - [2024-11-11T00:10:46.616+0700] {override.py:1911} INFO - Created Permission View: can delete on DAG Run:dataset_with_extra_by_yield
[2024-11-11T00:10:46.624+0700] {logging_mixin.py:190} INFO - [2024-11-11T00:10:46.624+0700] {override.py:1911} INFO - Created Permission View: can create on DAG Run:dataset_with_extra_by_yield
[2024-11-11T00:10:46.638+0700] {logging_mixin.py:190} INFO - [2024-11-11T00:10:46.638+0700] {override.py:1911} INFO - Created Permission View: can read on DAG:dataset_with_extra_by_context
[2024-11-11T00:10:46.645+0700] {logging_mixin.py:190} INFO - [2024-11-11T00:10:46.645+0700] {override.py:1911} INFO - Created Permission View: can edit on DAG:dataset_with_extra_by_context
[2024-11-11T00:10:46.652+0700] {logging_mixin.py:190} INFO - [2024-11-11T00:10:46.652+0700] {override.py:1911} INFO - Created Permission View: can delete on DAG:dataset_with_extra_by_context
[2024-11-11T00:10:46.661+0700] {logging_mixin.py:190} INFO - [2024-11-11T00:10:46.661+0700] {override.py:1911} INFO - Created Permission View: can read on DAG Run:dataset_with_extra_by_context
[2024-11-11T00:10:46.666+0700] {logging_mixin.py:190} INFO - [2024-11-11T00:10:46.666+0700] {override.py:1911} INFO - Created Permission View: menu access on DAG Run:dataset_with_extra_by_context
[2024-11-11T00:10:46.672+0700] {logging_mixin.py:190} INFO - [2024-11-11T00:10:46.672+0700] {override.py:1911} INFO - Created Permission View: can delete on DAG Run:dataset_with_extra_by_context
[2024-11-11T00:10:46.677+0700] {logging_mixin.py:190} INFO - [2024-11-11T00:10:46.677+0700] {override.py:1911} INFO - Created Permission View: can create on DAG Run:dataset_with_extra_by_context
[2024-11-11T00:10:46.677+0700] {logging_mixin.py:190} INFO - [2024-11-11T00:10:46.677+0700] {dag.py:3239} INFO - Sync 3 DAGs
[2024-11-11T00:10:46.683+0700] {logging_mixin.py:190} INFO - [2024-11-11T00:10:46.682+0700] {dag.py:3262} INFO - Creating ORM DAG for dataset_with_extra_from_classic_operator
[2024-11-11T00:10:46.683+0700] {logging_mixin.py:190} INFO - [2024-11-11T00:10:46.683+0700] {dag.py:3262} INFO - Creating ORM DAG for dataset_with_extra_by_yield
[2024-11-11T00:10:46.683+0700] {logging_mixin.py:190} INFO - [2024-11-11T00:10:46.683+0700] {dag.py:3262} INFO - Creating ORM DAG for dataset_with_extra_by_context
[2024-11-11T00:10:46.687+0700] {logging_mixin.py:190} INFO - [2024-11-11T00:10:46.687+0700] {dag.py:4180} INFO - Setting next_dagrun for dataset_with_extra_by_context to 2024-11-09 00:00:00+00:00, run_after=2024-11-10 00:00:00+00:00
[2024-11-11T00:10:46.688+0700] {logging_mixin.py:190} INFO - [2024-11-11T00:10:46.688+0700] {dag.py:4180} INFO - Setting next_dagrun for dataset_with_extra_by_yield to 2024-11-09 00:00:00+00:00, run_after=2024-11-10 00:00:00+00:00
[2024-11-11T00:10:46.689+0700] {logging_mixin.py:190} INFO - [2024-11-11T00:10:46.689+0700] {dag.py:4180} INFO - Setting next_dagrun for dataset_with_extra_from_classic_operator to 2024-11-09 00:00:00+00:00, run_after=2024-11-10 00:00:00+00:00
[2024-11-11T00:10:46.702+0700] {processor.py:208} INFO - Processing /home/game/.cache/pypoetry/virtualenvs/airflow-install-dU2IC21M-py3.12/lib/python3.12/site-packages/airflow/example_dags/example_outlet_event_extra.py took 0.242 seconds
