[2024-11-10 02:22:31,365] {taskinstance.py:903} INFO - Dependencies all met for <TaskInstance: tutorial.templated 2024-11-09T00:00:00+00:00 [queued]>
[2024-11-10 02:22:31,383] {taskinstance.py:903} INFO - Dependencies all met for <TaskInstance: tutorial.templated 2024-11-09T00:00:00+00:00 [queued]>
[2024-11-10 02:22:31,383] {taskinstance.py:1095} INFO - 
--------------------------------------------------------------------------------
[2024-11-10 02:22:31,383] {taskinstance.py:1096} INFO - Starting attempt 1 of 2
[2024-11-10 02:22:31,383] {taskinstance.py:1097} INFO - 
--------------------------------------------------------------------------------
[2024-11-10 02:22:31,393] {taskinstance.py:1115} INFO - Executing <Task(BashOperator): templated> on 2024-11-09T00:00:00+00:00
[2024-11-10 02:22:31,398] {standard_task_runner.py:52} INFO - Started process 7513 to run task
[2024-11-10 02:22:31,403] {standard_task_runner.py:76} INFO - Running: ['***', 'tasks', 'run', 'tutorial', 'templated', '2024-11-09T00:00:00+00:00', '--job-id', '442', '--pool', 'default_pool', '--raw', '--subdir', '/home/***/.local/lib/python3.6/site-packages/***/example_dags/tutorial.py', '--cfg-path', '/tmp/tmp20n1j4_y', '--error-file', '/tmp/tmppv91i_tj']
[2024-11-10 02:22:31,403] {standard_task_runner.py:77} INFO - Job 442: Subtask templated
[2024-11-10 02:22:31,451] {logging_mixin.py:109} INFO - Running <TaskInstance: tutorial.templated 2024-11-09T00:00:00+00:00 [running]> on host 1d84451931cc
[2024-11-10 02:22:31,523] {taskinstance.py:1254} INFO - Exporting the following env vars:
AIRFLOW_CTX_DAG_EMAIL=***@example.com
AIRFLOW_CTX_DAG_OWNER=***
AIRFLOW_CTX_DAG_ID=tutorial
AIRFLOW_CTX_TASK_ID=templated
AIRFLOW_CTX_EXECUTION_DATE=2024-11-09T00:00:00+00:00
AIRFLOW_CTX_DAG_RUN_ID=scheduled__2024-11-09T00:00:00+00:00
[2024-11-10 02:22:31,524] {subprocess.py:52} INFO - Tmp dir root location: 
 /tmp
[2024-11-10 02:22:31,525] {subprocess.py:63} INFO - Running command: ['bash', '-c', '\n\n    echo "2024-11-09"\n    echo "2024-11-16"\n    echo "Parameter I passed in"\n\n    echo "2024-11-09"\n    echo "2024-11-16"\n    echo "Parameter I passed in"\n\n    echo "2024-11-09"\n    echo "2024-11-16"\n    echo "Parameter I passed in"\n\n    echo "2024-11-09"\n    echo "2024-11-16"\n    echo "Parameter I passed in"\n\n    echo "2024-11-09"\n    echo "2024-11-16"\n    echo "Parameter I passed in"\n']
[2024-11-10 02:22:31,537] {subprocess.py:74} INFO - Output:
[2024-11-10 02:22:31,540] {subprocess.py:78} INFO - 2024-11-09
[2024-11-10 02:22:31,540] {subprocess.py:78} INFO - 2024-11-16
[2024-11-10 02:22:31,540] {subprocess.py:78} INFO - Parameter I passed in
[2024-11-10 02:22:31,540] {subprocess.py:78} INFO - 2024-11-09
[2024-11-10 02:22:31,540] {subprocess.py:78} INFO - 2024-11-16
[2024-11-10 02:22:31,540] {subprocess.py:78} INFO - Parameter I passed in
[2024-11-10 02:22:31,540] {subprocess.py:78} INFO - 2024-11-09
[2024-11-10 02:22:31,540] {subprocess.py:78} INFO - 2024-11-16
[2024-11-10 02:22:31,541] {subprocess.py:78} INFO - Parameter I passed in
[2024-11-10 02:22:31,541] {subprocess.py:78} INFO - 2024-11-09
[2024-11-10 02:22:31,541] {subprocess.py:78} INFO - 2024-11-16
[2024-11-10 02:22:31,541] {subprocess.py:78} INFO - Parameter I passed in
[2024-11-10 02:22:31,541] {subprocess.py:78} INFO - 2024-11-09
[2024-11-10 02:22:31,541] {subprocess.py:78} INFO - 2024-11-16
[2024-11-10 02:22:31,541] {subprocess.py:78} INFO - Parameter I passed in
[2024-11-10 02:22:31,541] {subprocess.py:82} INFO - Command exited with return code 0
[2024-11-10 02:22:31,574] {taskinstance.py:1219} INFO - Marking task as SUCCESS. dag_id=tutorial, task_id=templated, execution_date=20241109T000000, start_date=20241110T022231, end_date=20241110T022231
[2024-11-10 02:22:31,617] {local_task_job.py:151} INFO - Task exited with return code 0
[2024-11-10 02:22:31,643] {local_task_job.py:261} INFO - 0 downstream tasks scheduled from follow-on schedule check
