[2024-11-06 17:13:50,070] {taskinstance.py:903} INFO - Dependencies all met for <TaskInstance: tutorial.print_date 2024-11-04T00:00:00+00:00 [queued]>
[2024-11-06 17:13:50,083] {taskinstance.py:903} INFO - Dependencies all met for <TaskInstance: tutorial.print_date 2024-11-04T00:00:00+00:00 [queued]>
[2024-11-06 17:13:50,083] {taskinstance.py:1095} INFO - 
--------------------------------------------------------------------------------
[2024-11-06 17:13:50,083] {taskinstance.py:1096} INFO - Starting attempt 1 of 2
[2024-11-06 17:13:50,083] {taskinstance.py:1097} INFO - 
--------------------------------------------------------------------------------
[2024-11-06 17:13:50,090] {taskinstance.py:1115} INFO - Executing <Task(BashOperator): print_date> on 2024-11-04T00:00:00+00:00
[2024-11-06 17:13:50,094] {standard_task_runner.py:52} INFO - Started process 1050 to run task
[2024-11-06 17:13:50,097] {standard_task_runner.py:76} INFO - Running: ['***', 'tasks', 'run', 'tutorial', 'print_date', '2024-11-04T00:00:00+00:00', '--job-id', '2', '--pool', 'default_pool', '--raw', '--subdir', '/home/***/.local/lib/python3.6/site-packages/***/example_dags/tutorial.py', '--cfg-path', '/tmp/tmpwcxti9ez', '--error-file', '/tmp/tmp8wung6bz']
[2024-11-06 17:13:50,097] {standard_task_runner.py:77} INFO - Job 2: Subtask print_date
[2024-11-06 17:13:50,129] {logging_mixin.py:109} INFO - Running <TaskInstance: tutorial.print_date 2024-11-04T00:00:00+00:00 [running]> on host 1d84451931cc
[2024-11-06 17:13:50,172] {taskinstance.py:1254} INFO - Exporting the following env vars:
AIRFLOW_CTX_DAG_EMAIL=***@example.com
AIRFLOW_CTX_DAG_OWNER=***
AIRFLOW_CTX_DAG_ID=tutorial
AIRFLOW_CTX_TASK_ID=print_date
AIRFLOW_CTX_EXECUTION_DATE=2024-11-04T00:00:00+00:00
AIRFLOW_CTX_DAG_RUN_ID=scheduled__2024-11-04T00:00:00+00:00
[2024-11-06 17:13:50,173] {subprocess.py:52} INFO - Tmp dir root location: 
 /tmp
[2024-11-06 17:13:50,173] {subprocess.py:63} INFO - Running command: ['bash', '-c', 'date']
[2024-11-06 17:13:50,182] {subprocess.py:74} INFO - Output:
[2024-11-06 17:13:50,185] {subprocess.py:78} INFO - Wed Nov  6 17:13:50 UTC 2024
[2024-11-06 17:13:50,185] {subprocess.py:82} INFO - Command exited with return code 0
[2024-11-06 17:13:50,208] {taskinstance.py:1219} INFO - Marking task as SUCCESS. dag_id=tutorial, task_id=print_date, execution_date=20241104T000000, start_date=20241106T171350, end_date=20241106T171350
[2024-11-06 17:13:50,230] {local_task_job.py:151} INFO - Task exited with return code 0
[2024-11-06 17:13:50,253] {local_task_job.py:261} INFO - 2 downstream tasks scheduled from follow-on schedule check
