[2024-11-06 17:41:40,003] {taskinstance.py:903} INFO - Dependencies all met for <TaskInstance: check_disk_space_dag.check_disk_space 2023-10-02T00:00:00+00:00 [queued]>
[2024-11-06 17:41:40,019] {taskinstance.py:903} INFO - Dependencies all met for <TaskInstance: check_disk_space_dag.check_disk_space 2023-10-02T00:00:00+00:00 [queued]>
[2024-11-06 17:41:40,019] {taskinstance.py:1095} INFO - 
--------------------------------------------------------------------------------
[2024-11-06 17:41:40,019] {taskinstance.py:1096} INFO - Starting attempt 1 of 2
[2024-11-06 17:41:40,019] {taskinstance.py:1097} INFO - 
--------------------------------------------------------------------------------
[2024-11-06 17:41:40,029] {taskinstance.py:1115} INFO - Executing <Task(PythonOperator): check_disk_space> on 2023-10-02T00:00:00+00:00
[2024-11-06 17:41:40,033] {standard_task_runner.py:52} INFO - Started process 4612 to run task
[2024-11-06 17:41:40,038] {standard_task_runner.py:76} INFO - Running: ['***', 'tasks', 'run', 'check_disk_space_dag', 'check_disk_space', '2023-10-02T00:00:00+00:00', '--job-id', '18', '--pool', 'default_pool', '--raw', '--subdir', 'DAGS_FOLDER/hello_dag.py', '--cfg-path', '/tmp/tmpihqtszxf', '--error-file', '/tmp/tmp121daa19']
[2024-11-06 17:41:40,038] {standard_task_runner.py:77} INFO - Job 18: Subtask check_disk_space
[2024-11-06 17:41:40,084] {logging_mixin.py:109} INFO - Running <TaskInstance: check_disk_space_dag.check_disk_space 2023-10-02T00:00:00+00:00 [running]> on host 1d84451931cc
[2024-11-06 17:41:40,133] {taskinstance.py:1254} INFO - Exporting the following env vars:
AIRFLOW_CTX_DAG_OWNER=***
AIRFLOW_CTX_DAG_ID=check_disk_space_dag
AIRFLOW_CTX_TASK_ID=check_disk_space
AIRFLOW_CTX_EXECUTION_DATE=2023-10-02T00:00:00+00:00
AIRFLOW_CTX_DAG_RUN_ID=scheduled__2023-10-02T00:00:00+00:00
[2024-11-06 17:41:40,133] {logging_mixin.py:109} INFO - Free disk space on /: 123.08 GB
[2024-11-06 17:41:40,151] {python.py:151} INFO - Done. Returned value was: None
[2024-11-06 17:41:40,167] {taskinstance.py:1219} INFO - Marking task as SUCCESS. dag_id=check_disk_space_dag, task_id=check_disk_space, execution_date=20231002T000000, start_date=20241106T174140, end_date=20241106T174140
[2024-11-06 17:41:40,212] {local_task_job.py:151} INFO - Task exited with return code 0
[2024-11-06 17:41:40,240] {local_task_job.py:261} INFO - 0 downstream tasks scheduled from follow-on schedule check
