[2024-11-06 17:13:55,536] {taskinstance.py:903} INFO - Dependencies all met for <TaskInstance: tutorial.templated 2024-11-06T17:13:53.607700+00:00 [queued]>
[2024-11-06 17:13:55,541] {taskinstance.py:903} INFO - Dependencies all met for <TaskInstance: tutorial.templated 2024-11-06T17:13:53.607700+00:00 [queued]>
[2024-11-06 17:13:55,541] {taskinstance.py:1095} INFO - 
--------------------------------------------------------------------------------
[2024-11-06 17:13:55,541] {taskinstance.py:1096} INFO - Starting attempt 1 of 2
[2024-11-06 17:13:55,541] {taskinstance.py:1097} INFO - 
--------------------------------------------------------------------------------
[2024-11-06 17:13:55,551] {taskinstance.py:1115} INFO - Executing <Task(BashOperator): templated> on 2024-11-06T17:13:53.607700+00:00
[2024-11-06 17:13:55,554] {standard_task_runner.py:52} INFO - Started process 1089 to run task
[2024-11-06 17:13:55,557] {standard_task_runner.py:76} INFO - Running: ['***', 'tasks', 'run', 'tutorial', 'templated', '2024-11-06T17:13:53.607700+00:00', '--job-id', '9', '--pool', 'default_pool', '--raw', '--subdir', '/home/***/.local/lib/python3.6/site-packages/***/example_dags/tutorial.py', '--cfg-path', '/tmp/tmpuvjgr39a', '--error-file', '/tmp/tmpxchnnli1']
[2024-11-06 17:13:55,557] {standard_task_runner.py:77} INFO - Job 9: Subtask templated
[2024-11-06 17:13:55,587] {logging_mixin.py:109} INFO - Running <TaskInstance: tutorial.templated 2024-11-06T17:13:53.607700+00:00 [running]> on host 1d84451931cc
[2024-11-06 17:13:55,628] {taskinstance.py:1254} INFO - Exporting the following env vars:
AIRFLOW_CTX_DAG_EMAIL=***@example.com
AIRFLOW_CTX_DAG_OWNER=***
AIRFLOW_CTX_DAG_ID=tutorial
AIRFLOW_CTX_TASK_ID=templated
AIRFLOW_CTX_EXECUTION_DATE=2024-11-06T17:13:53.607700+00:00
AIRFLOW_CTX_DAG_RUN_ID=manual__2024-11-06T17:13:53.607700+00:00
[2024-11-06 17:13:55,629] {subprocess.py:52} INFO - Tmp dir root location: 
 /tmp
[2024-11-06 17:13:55,629] {subprocess.py:63} INFO - Running command: ['bash', '-c', '\n\n    echo "2024-11-06"\n    echo "2024-11-13"\n    echo "Parameter I passed in"\n\n    echo "2024-11-06"\n    echo "2024-11-13"\n    echo "Parameter I passed in"\n\n    echo "2024-11-06"\n    echo "2024-11-13"\n    echo "Parameter I passed in"\n\n    echo "2024-11-06"\n    echo "2024-11-13"\n    echo "Parameter I passed in"\n\n    echo "2024-11-06"\n    echo "2024-11-13"\n    echo "Parameter I passed in"\n']
[2024-11-06 17:13:55,636] {subprocess.py:74} INFO - Output:
[2024-11-06 17:13:55,638] {subprocess.py:78} INFO - 2024-11-06
[2024-11-06 17:13:55,638] {subprocess.py:78} INFO - 2024-11-13
[2024-11-06 17:13:55,638] {subprocess.py:78} INFO - Parameter I passed in
[2024-11-06 17:13:55,638] {subprocess.py:78} INFO - 2024-11-06
[2024-11-06 17:13:55,638] {subprocess.py:78} INFO - 2024-11-13
[2024-11-06 17:13:55,638] {subprocess.py:78} INFO - Parameter I passed in
[2024-11-06 17:13:55,638] {subprocess.py:78} INFO - 2024-11-06
[2024-11-06 17:13:55,638] {subprocess.py:78} INFO - 2024-11-13
[2024-11-06 17:13:55,638] {subprocess.py:78} INFO - Parameter I passed in
[2024-11-06 17:13:55,638] {subprocess.py:78} INFO - 2024-11-06
[2024-11-06 17:13:55,639] {subprocess.py:78} INFO - 2024-11-13
[2024-11-06 17:13:55,639] {subprocess.py:78} INFO - Parameter I passed in
[2024-11-06 17:13:55,639] {subprocess.py:78} INFO - 2024-11-06
[2024-11-06 17:13:55,639] {subprocess.py:78} INFO - 2024-11-13
[2024-11-06 17:13:55,639] {subprocess.py:78} INFO - Parameter I passed in
[2024-11-06 17:13:55,639] {subprocess.py:82} INFO - Command exited with return code 0
[2024-11-06 17:13:55,660] {taskinstance.py:1219} INFO - Marking task as SUCCESS. dag_id=tutorial, task_id=templated, execution_date=20241106T171353, start_date=20241106T171355, end_date=20241106T171355
[2024-11-06 17:13:55,690] {local_task_job.py:151} INFO - Task exited with return code 0
[2024-11-06 17:13:55,724] {local_task_job.py:261} INFO - 0 downstream tasks scheduled from follow-on schedule check
