[2024-11-06 17:42:47,283] {taskinstance.py:903} INFO - Dependencies all met for <TaskInstance: check_disk_space_dag.check_disk_space 2024-10-12T00:00:00+00:00 [queued]>
[2024-11-06 17:42:47,302] {taskinstance.py:903} INFO - Dependencies all met for <TaskInstance: check_disk_space_dag.check_disk_space 2024-10-12T00:00:00+00:00 [queued]>
[2024-11-06 17:42:47,302] {taskinstance.py:1095} INFO - 
--------------------------------------------------------------------------------
[2024-11-06 17:42:47,303] {taskinstance.py:1096} INFO - Starting attempt 1 of 2
[2024-11-06 17:42:47,303] {taskinstance.py:1097} INFO - 
--------------------------------------------------------------------------------
[2024-11-06 17:42:47,314] {taskinstance.py:1115} INFO - Executing <Task(PythonOperator): check_disk_space> on 2024-10-12T00:00:00+00:00
[2024-11-06 17:42:47,320] {standard_task_runner.py:52} INFO - Started process 5504 to run task
[2024-11-06 17:42:47,327] {standard_task_runner.py:76} INFO - Running: ['***', 'tasks', 'run', 'check_disk_space_dag', 'check_disk_space', '2024-10-12T00:00:00+00:00', '--job-id', '394', '--pool', 'default_pool', '--raw', '--subdir', 'DAGS_FOLDER/hello_dag.py', '--cfg-path', '/tmp/tmpvfs2hnm3', '--error-file', '/tmp/tmpn0zsnjmn']
[2024-11-06 17:42:47,328] {standard_task_runner.py:77} INFO - Job 394: Subtask check_disk_space
[2024-11-06 17:42:47,398] {logging_mixin.py:109} INFO - Running <TaskInstance: check_disk_space_dag.check_disk_space 2024-10-12T00:00:00+00:00 [running]> on host 1d84451931cc
[2024-11-06 17:42:47,476] {taskinstance.py:1254} INFO - Exporting the following env vars:
AIRFLOW_CTX_DAG_OWNER=***
AIRFLOW_CTX_DAG_ID=check_disk_space_dag
AIRFLOW_CTX_TASK_ID=check_disk_space
AIRFLOW_CTX_EXECUTION_DATE=2024-10-12T00:00:00+00:00
AIRFLOW_CTX_DAG_RUN_ID=scheduled__2024-10-12T00:00:00+00:00
[2024-11-06 17:42:47,478] {logging_mixin.py:109} INFO - Free disk space on /: 123.06 GB
[2024-11-06 17:42:47,498] {python.py:151} INFO - Done. Returned value was: None
[2024-11-06 17:42:47,521] {taskinstance.py:1219} INFO - Marking task as SUCCESS. dag_id=check_disk_space_dag, task_id=check_disk_space, execution_date=20241012T000000, start_date=20241106T174247, end_date=20241106T174247
[2024-11-06 17:42:47,582] {local_task_job.py:151} INFO - Task exited with return code 0
[2024-11-06 17:42:47,623] {local_task_job.py:261} INFO - 0 downstream tasks scheduled from follow-on schedule check
