[2024-11-06 17:42:27,084] {taskinstance.py:903} INFO - Dependencies all met for <TaskInstance: check_disk_space_dag.check_disk_space 2024-06-22T00:00:00+00:00 [queued]>
[2024-11-06 17:42:27,103] {taskinstance.py:903} INFO - Dependencies all met for <TaskInstance: check_disk_space_dag.check_disk_space 2024-06-22T00:00:00+00:00 [queued]>
[2024-11-06 17:42:27,104] {taskinstance.py:1095} INFO - 
--------------------------------------------------------------------------------
[2024-11-06 17:42:27,104] {taskinstance.py:1096} INFO - Starting attempt 1 of 2
[2024-11-06 17:42:27,104] {taskinstance.py:1097} INFO - 
--------------------------------------------------------------------------------
[2024-11-06 17:42:27,114] {taskinstance.py:1115} INFO - Executing <Task(PythonOperator): check_disk_space> on 2024-06-22T00:00:00+00:00
[2024-11-06 17:42:27,123] {standard_task_runner.py:76} INFO - Running: ['***', 'tasks', 'run', 'check_disk_space_dag', 'check_disk_space', '2024-06-22T00:00:00+00:00', '--job-id', '282', '--pool', 'default_pool', '--raw', '--subdir', 'DAGS_FOLDER/hello_dag.py', '--cfg-path', '/tmp/tmpoxviw61k', '--error-file', '/tmp/tmpp2avif31']
[2024-11-06 17:42:27,124] {standard_task_runner.py:77} INFO - Job 282: Subtask check_disk_space
[2024-11-06 17:42:27,120] {standard_task_runner.py:52} INFO - Started process 5230 to run task
[2024-11-06 17:42:27,176] {logging_mixin.py:109} INFO - Running <TaskInstance: check_disk_space_dag.check_disk_space 2024-06-22T00:00:00+00:00 [running]> on host 1d84451931cc
[2024-11-06 17:42:27,237] {taskinstance.py:1254} INFO - Exporting the following env vars:
AIRFLOW_CTX_DAG_OWNER=***
AIRFLOW_CTX_DAG_ID=check_disk_space_dag
AIRFLOW_CTX_TASK_ID=check_disk_space
AIRFLOW_CTX_EXECUTION_DATE=2024-06-22T00:00:00+00:00
AIRFLOW_CTX_DAG_RUN_ID=scheduled__2024-06-22T00:00:00+00:00
[2024-11-06 17:42:27,238] {logging_mixin.py:109} INFO - Free disk space on /: 123.08 GB
[2024-11-06 17:42:27,255] {python.py:151} INFO - Done. Returned value was: None
[2024-11-06 17:42:27,270] {taskinstance.py:1219} INFO - Marking task as SUCCESS. dag_id=check_disk_space_dag, task_id=check_disk_space, execution_date=20240622T000000, start_date=20241106T174227, end_date=20241106T174227
[2024-11-06 17:42:27,298] {local_task_job.py:151} INFO - Task exited with return code 0
[2024-11-06 17:42:27,328] {local_task_job.py:261} INFO - 0 downstream tasks scheduled from follow-on schedule check
