[2024-11-06 17:42:33,924] {taskinstance.py:903} INFO - Dependencies all met for <TaskInstance: check_disk_space_dag.check_disk_space 2024-08-01T00:00:00+00:00 [queued]>
[2024-11-06 17:42:33,940] {taskinstance.py:903} INFO - Dependencies all met for <TaskInstance: check_disk_space_dag.check_disk_space 2024-08-01T00:00:00+00:00 [queued]>
[2024-11-06 17:42:33,940] {taskinstance.py:1095} INFO - 
--------------------------------------------------------------------------------
[2024-11-06 17:42:33,940] {taskinstance.py:1096} INFO - Starting attempt 1 of 2
[2024-11-06 17:42:33,941] {taskinstance.py:1097} INFO - 
--------------------------------------------------------------------------------
[2024-11-06 17:42:33,948] {taskinstance.py:1115} INFO - Executing <Task(PythonOperator): check_disk_space> on 2024-08-01T00:00:00+00:00
[2024-11-06 17:42:33,953] {standard_task_runner.py:52} INFO - Started process 5335 to run task
[2024-11-06 17:42:33,957] {standard_task_runner.py:76} INFO - Running: ['***', 'tasks', 'run', 'check_disk_space_dag', 'check_disk_space', '2024-08-01T00:00:00+00:00', '--job-id', '322', '--pool', 'default_pool', '--raw', '--subdir', 'DAGS_FOLDER/hello_dag.py', '--cfg-path', '/tmp/tmp5c3uu0xo', '--error-file', '/tmp/tmptcwyd9zl']
[2024-11-06 17:42:33,958] {standard_task_runner.py:77} INFO - Job 322: Subtask check_disk_space
[2024-11-06 17:42:34,005] {logging_mixin.py:109} INFO - Running <TaskInstance: check_disk_space_dag.check_disk_space 2024-08-01T00:00:00+00:00 [running]> on host 1d84451931cc
[2024-11-06 17:42:34,091] {taskinstance.py:1254} INFO - Exporting the following env vars:
AIRFLOW_CTX_DAG_OWNER=***
AIRFLOW_CTX_DAG_ID=check_disk_space_dag
AIRFLOW_CTX_TASK_ID=check_disk_space
AIRFLOW_CTX_EXECUTION_DATE=2024-08-01T00:00:00+00:00
AIRFLOW_CTX_DAG_RUN_ID=scheduled__2024-08-01T00:00:00+00:00
[2024-11-06 17:42:34,093] {logging_mixin.py:109} INFO - Free disk space on /: 123.08 GB
[2024-11-06 17:42:34,113] {python.py:151} INFO - Done. Returned value was: None
[2024-11-06 17:42:34,123] {taskinstance.py:1219} INFO - Marking task as SUCCESS. dag_id=check_disk_space_dag, task_id=check_disk_space, execution_date=20240801T000000, start_date=20241106T174233, end_date=20241106T174234
[2024-11-06 17:42:34,172] {local_task_job.py:151} INFO - Task exited with return code 0
[2024-11-06 17:42:34,202] {local_task_job.py:261} INFO - 0 downstream tasks scheduled from follow-on schedule check
