[2024-11-06 17:35:32,220] {taskinstance.py:903} INFO - Dependencies all met for <TaskInstance: tutorial.sleep 2024-11-06T17:35:29.662862+00:00 [queued]>
[2024-11-06 17:35:32,234] {taskinstance.py:903} INFO - Dependencies all met for <TaskInstance: tutorial.sleep 2024-11-06T17:35:29.662862+00:00 [queued]>
[2024-11-06 17:35:32,234] {taskinstance.py:1095} INFO - 
--------------------------------------------------------------------------------
[2024-11-06 17:35:32,234] {taskinstance.py:1096} INFO - Starting attempt 1 of 4
[2024-11-06 17:35:32,235] {taskinstance.py:1097} INFO - 
--------------------------------------------------------------------------------
[2024-11-06 17:35:32,257] {taskinstance.py:1115} INFO - Executing <Task(BashOperator): sleep> on 2024-11-06T17:35:29.662862+00:00
[2024-11-06 17:35:32,262] {standard_task_runner.py:52} INFO - Started process 3865 to run task
[2024-11-06 17:35:32,267] {standard_task_runner.py:76} INFO - Running: ['***', 'tasks', 'run', 'tutorial', 'sleep', '2024-11-06T17:35:29.662862+00:00', '--job-id', '14', '--pool', 'default_pool', '--raw', '--subdir', '/home/***/.local/lib/python3.6/site-packages/***/example_dags/tutorial.py', '--cfg-path', '/tmp/tmpnug2hr7j', '--error-file', '/tmp/tmpgp1cdq50']
[2024-11-06 17:35:32,268] {standard_task_runner.py:77} INFO - Job 14: Subtask sleep
[2024-11-06 17:35:32,339] {logging_mixin.py:109} INFO - Running <TaskInstance: tutorial.sleep 2024-11-06T17:35:29.662862+00:00 [running]> on host 1d84451931cc
[2024-11-06 17:35:32,413] {taskinstance.py:1254} INFO - Exporting the following env vars:
AIRFLOW_CTX_DAG_EMAIL=***@example.com
AIRFLOW_CTX_DAG_OWNER=***
AIRFLOW_CTX_DAG_ID=tutorial
AIRFLOW_CTX_TASK_ID=sleep
AIRFLOW_CTX_EXECUTION_DATE=2024-11-06T17:35:29.662862+00:00
AIRFLOW_CTX_DAG_RUN_ID=manual__2024-11-06T17:35:29.662862+00:00
[2024-11-06 17:35:32,414] {subprocess.py:52} INFO - Tmp dir root location: 
 /tmp
[2024-11-06 17:35:32,415] {subprocess.py:63} INFO - Running command: ['bash', '-c', 'sleep 5']
[2024-11-06 17:35:32,429] {subprocess.py:74} INFO - Output:
[2024-11-06 17:35:37,437] {subprocess.py:82} INFO - Command exited with return code 0
[2024-11-06 17:35:37,473] {taskinstance.py:1219} INFO - Marking task as SUCCESS. dag_id=tutorial, task_id=sleep, execution_date=20241106T173529, start_date=20241106T173532, end_date=20241106T173537
[2024-11-06 17:35:37,511] {local_task_job.py:151} INFO - Task exited with return code 0
[2024-11-06 17:35:37,539] {local_task_job.py:261} INFO - 0 downstream tasks scheduled from follow-on schedule check
