[2024-11-10 02:22:31,362] {taskinstance.py:903} INFO - Dependencies all met for <TaskInstance: tutorial.sleep 2024-11-09T00:00:00+00:00 [queued]>
[2024-11-10 02:22:31,377] {taskinstance.py:903} INFO - Dependencies all met for <TaskInstance: tutorial.sleep 2024-11-09T00:00:00+00:00 [queued]>
[2024-11-10 02:22:31,378] {taskinstance.py:1095} INFO - 
--------------------------------------------------------------------------------
[2024-11-10 02:22:31,378] {taskinstance.py:1096} INFO - Starting attempt 1 of 4
[2024-11-10 02:22:31,378] {taskinstance.py:1097} INFO - 
--------------------------------------------------------------------------------
[2024-11-10 02:22:31,386] {taskinstance.py:1115} INFO - Executing <Task(BashOperator): sleep> on 2024-11-09T00:00:00+00:00
[2024-11-10 02:22:31,395] {standard_task_runner.py:76} INFO - Running: ['***', 'tasks', 'run', 'tutorial', 'sleep', '2024-11-09T00:00:00+00:00', '--job-id', '441', '--pool', 'default_pool', '--raw', '--subdir', '/home/***/.local/lib/python3.6/site-packages/***/example_dags/tutorial.py', '--cfg-path', '/tmp/tmpk2ikhopl', '--error-file', '/tmp/tmpy1ocr1zp']
[2024-11-10 02:22:31,391] {standard_task_runner.py:52} INFO - Started process 7512 to run task
[2024-11-10 02:22:31,396] {standard_task_runner.py:77} INFO - Job 441: Subtask sleep
[2024-11-10 02:22:31,442] {logging_mixin.py:109} INFO - Running <TaskInstance: tutorial.sleep 2024-11-09T00:00:00+00:00 [running]> on host 1d84451931cc
[2024-11-10 02:22:31,504] {taskinstance.py:1254} INFO - Exporting the following env vars:
AIRFLOW_CTX_DAG_EMAIL=***@example.com
AIRFLOW_CTX_DAG_OWNER=***
AIRFLOW_CTX_DAG_ID=tutorial
AIRFLOW_CTX_TASK_ID=sleep
AIRFLOW_CTX_EXECUTION_DATE=2024-11-09T00:00:00+00:00
AIRFLOW_CTX_DAG_RUN_ID=scheduled__2024-11-09T00:00:00+00:00
[2024-11-10 02:22:31,506] {subprocess.py:52} INFO - Tmp dir root location: 
 /tmp
[2024-11-10 02:22:31,506] {subprocess.py:63} INFO - Running command: ['bash', '-c', 'sleep 5']
[2024-11-10 02:22:31,517] {subprocess.py:74} INFO - Output:
[2024-11-10 02:22:36,521] {subprocess.py:82} INFO - Command exited with return code 0
[2024-11-10 02:22:36,568] {taskinstance.py:1219} INFO - Marking task as SUCCESS. dag_id=tutorial, task_id=sleep, execution_date=20241109T000000, start_date=20241110T022231, end_date=20241110T022236
[2024-11-10 02:22:36,589] {local_task_job.py:151} INFO - Task exited with return code 0
[2024-11-10 02:22:36,618] {local_task_job.py:261} INFO - 0 downstream tasks scheduled from follow-on schedule check
