[2024-11-06 17:42:19,521] {taskinstance.py:903} INFO - Dependencies all met for <TaskInstance: check_disk_space_dag.check_disk_space 2024-05-11T00:00:00+00:00 [queued]>
[2024-11-06 17:42:19,541] {taskinstance.py:903} INFO - Dependencies all met for <TaskInstance: check_disk_space_dag.check_disk_space 2024-05-11T00:00:00+00:00 [queued]>
[2024-11-06 17:42:19,542] {taskinstance.py:1095} INFO - 
--------------------------------------------------------------------------------
[2024-11-06 17:42:19,542] {taskinstance.py:1096} INFO - Starting attempt 1 of 2
[2024-11-06 17:42:19,542] {taskinstance.py:1097} INFO - 
--------------------------------------------------------------------------------
[2024-11-06 17:42:19,553] {taskinstance.py:1115} INFO - Executing <Task(PythonOperator): check_disk_space> on 2024-05-11T00:00:00+00:00
[2024-11-06 17:42:19,557] {standard_task_runner.py:52} INFO - Started process 5131 to run task
[2024-11-06 17:42:19,562] {standard_task_runner.py:76} INFO - Running: ['***', 'tasks', 'run', 'check_disk_space_dag', 'check_disk_space', '2024-05-11T00:00:00+00:00', '--job-id', '240', '--pool', 'default_pool', '--raw', '--subdir', 'DAGS_FOLDER/hello_dag.py', '--cfg-path', '/tmp/tmp1ry0jtvx', '--error-file', '/tmp/tmp8y1n6zbb']
[2024-11-06 17:42:19,563] {standard_task_runner.py:77} INFO - Job 240: Subtask check_disk_space
[2024-11-06 17:42:19,607] {logging_mixin.py:109} INFO - Running <TaskInstance: check_disk_space_dag.check_disk_space 2024-05-11T00:00:00+00:00 [running]> on host 1d84451931cc
[2024-11-06 17:42:19,669] {taskinstance.py:1254} INFO - Exporting the following env vars:
AIRFLOW_CTX_DAG_OWNER=***
AIRFLOW_CTX_DAG_ID=check_disk_space_dag
AIRFLOW_CTX_TASK_ID=check_disk_space
AIRFLOW_CTX_EXECUTION_DATE=2024-05-11T00:00:00+00:00
AIRFLOW_CTX_DAG_RUN_ID=scheduled__2024-05-11T00:00:00+00:00
[2024-11-06 17:42:19,670] {logging_mixin.py:109} INFO - Free disk space on /: 123.08 GB
[2024-11-06 17:42:19,693] {python.py:151} INFO - Done. Returned value was: None
[2024-11-06 17:42:19,715] {taskinstance.py:1219} INFO - Marking task as SUCCESS. dag_id=check_disk_space_dag, task_id=check_disk_space, execution_date=20240511T000000, start_date=20241106T174219, end_date=20241106T174219
[2024-11-06 17:42:19,774] {local_task_job.py:151} INFO - Task exited with return code 0
[2024-11-06 17:42:19,800] {local_task_job.py:261} INFO - 0 downstream tasks scheduled from follow-on schedule check
