[2024-11-06 17:35:31,061] {taskinstance.py:903} INFO - Dependencies all met for <TaskInstance: tutorial.print_date 2024-11-06T17:35:29.662862+00:00 [queued]>
[2024-11-06 17:35:31,080] {taskinstance.py:903} INFO - Dependencies all met for <TaskInstance: tutorial.print_date 2024-11-06T17:35:29.662862+00:00 [queued]>
[2024-11-06 17:35:31,080] {taskinstance.py:1095} INFO - 
--------------------------------------------------------------------------------
[2024-11-06 17:35:31,080] {taskinstance.py:1096} INFO - Starting attempt 1 of 2
[2024-11-06 17:35:31,081] {taskinstance.py:1097} INFO - 
--------------------------------------------------------------------------------
[2024-11-06 17:35:31,091] {taskinstance.py:1115} INFO - Executing <Task(BashOperator): print_date> on 2024-11-06T17:35:29.662862+00:00
[2024-11-06 17:35:31,097] {standard_task_runner.py:52} INFO - Started process 3861 to run task
[2024-11-06 17:35:31,101] {standard_task_runner.py:76} INFO - Running: ['***', 'tasks', 'run', 'tutorial', 'print_date', '2024-11-06T17:35:29.662862+00:00', '--job-id', '13', '--pool', 'default_pool', '--raw', '--subdir', '/home/***/.local/lib/python3.6/site-packages/***/example_dags/tutorial.py', '--cfg-path', '/tmp/tmp70e8p1l1', '--error-file', '/tmp/tmpchykxo6a']
[2024-11-06 17:35:31,102] {standard_task_runner.py:77} INFO - Job 13: Subtask print_date
[2024-11-06 17:35:31,168] {logging_mixin.py:109} INFO - Running <TaskInstance: tutorial.print_date 2024-11-06T17:35:29.662862+00:00 [running]> on host 1d84451931cc
[2024-11-06 17:35:31,245] {taskinstance.py:1254} INFO - Exporting the following env vars:
AIRFLOW_CTX_DAG_EMAIL=***@example.com
AIRFLOW_CTX_DAG_OWNER=***
AIRFLOW_CTX_DAG_ID=tutorial
AIRFLOW_CTX_TASK_ID=print_date
AIRFLOW_CTX_EXECUTION_DATE=2024-11-06T17:35:29.662862+00:00
AIRFLOW_CTX_DAG_RUN_ID=manual__2024-11-06T17:35:29.662862+00:00
[2024-11-06 17:35:31,246] {subprocess.py:52} INFO - Tmp dir root location: 
 /tmp
[2024-11-06 17:35:31,246] {subprocess.py:63} INFO - Running command: ['bash', '-c', 'date']
[2024-11-06 17:35:31,259] {subprocess.py:74} INFO - Output:
[2024-11-06 17:35:31,268] {subprocess.py:78} INFO - Wed Nov  6 17:35:31 UTC 2024
[2024-11-06 17:35:31,268] {subprocess.py:82} INFO - Command exited with return code 0
[2024-11-06 17:35:31,333] {taskinstance.py:1219} INFO - Marking task as SUCCESS. dag_id=tutorial, task_id=print_date, execution_date=20241106T173529, start_date=20241106T173531, end_date=20241106T173531
[2024-11-06 17:35:31,395] {local_task_job.py:151} INFO - Task exited with return code 0
[2024-11-06 17:35:31,460] {local_task_job.py:261} INFO - 2 downstream tasks scheduled from follow-on schedule check
