[2024-11-07 13:10:13,713] {taskinstance.py:903} INFO - Dependencies all met for <TaskInstance: tutorial.print_date 2024-11-06T00:00:00+00:00 [queued]>
[2024-11-07 13:10:13,725] {taskinstance.py:903} INFO - Dependencies all met for <TaskInstance: tutorial.print_date 2024-11-06T00:00:00+00:00 [queued]>
[2024-11-07 13:10:13,725] {taskinstance.py:1095} INFO - 
--------------------------------------------------------------------------------
[2024-11-07 13:10:13,726] {taskinstance.py:1096} INFO - Starting attempt 1 of 2
[2024-11-07 13:10:13,726] {taskinstance.py:1097} INFO - 
--------------------------------------------------------------------------------
[2024-11-07 13:10:13,732] {taskinstance.py:1115} INFO - Executing <Task(BashOperator): print_date> on 2024-11-06T00:00:00+00:00
[2024-11-07 13:10:13,735] {standard_task_runner.py:52} INFO - Started process 68 to run task
[2024-11-07 13:10:13,738] {standard_task_runner.py:76} INFO - Running: ['***', 'tasks', 'run', 'tutorial', 'print_date', '2024-11-06T00:00:00+00:00', '--job-id', '421', '--pool', 'default_pool', '--raw', '--subdir', '/home/***/.local/lib/python3.6/site-packages/***/example_dags/tutorial.py', '--cfg-path', '/tmp/tmpm_zr9203', '--error-file', '/tmp/tmpm309jmr1']
[2024-11-07 13:10:13,738] {standard_task_runner.py:77} INFO - Job 421: Subtask print_date
[2024-11-07 13:10:13,770] {logging_mixin.py:109} INFO - Running <TaskInstance: tutorial.print_date 2024-11-06T00:00:00+00:00 [running]> on host 1d84451931cc
[2024-11-07 13:10:13,810] {taskinstance.py:1254} INFO - Exporting the following env vars:
AIRFLOW_CTX_DAG_EMAIL=***@example.com
AIRFLOW_CTX_DAG_OWNER=***
AIRFLOW_CTX_DAG_ID=tutorial
AIRFLOW_CTX_TASK_ID=print_date
AIRFLOW_CTX_EXECUTION_DATE=2024-11-06T00:00:00+00:00
AIRFLOW_CTX_DAG_RUN_ID=scheduled__2024-11-06T00:00:00+00:00
[2024-11-07 13:10:13,811] {subprocess.py:52} INFO - Tmp dir root location: 
 /tmp
[2024-11-07 13:10:13,812] {subprocess.py:63} INFO - Running command: ['bash', '-c', 'date']
[2024-11-07 13:10:13,821] {subprocess.py:74} INFO - Output:
[2024-11-07 13:10:13,825] {subprocess.py:78} INFO - Thu Nov  7 13:10:13 UTC 2024
[2024-11-07 13:10:13,825] {subprocess.py:82} INFO - Command exited with return code 0
[2024-11-07 13:10:13,850] {taskinstance.py:1219} INFO - Marking task as SUCCESS. dag_id=tutorial, task_id=print_date, execution_date=20241106T000000, start_date=20241107T131013, end_date=20241107T131013
[2024-11-07 13:10:13,871] {local_task_job.py:151} INFO - Task exited with return code 0
[2024-11-07 13:10:13,895] {local_task_job.py:261} INFO - 2 downstream tasks scheduled from follow-on schedule check
