[2024-11-11T00:16:36.795+0700] {processor.py:186} INFO - Started process (PID=69174) to work on /home/game/learning/12_DataEnd/airflow/airflow-install/airflow/dags/hello.py
[2024-11-11T00:16:36.795+0700] {processor.py:914} INFO - Processing file /home/game/learning/12_DataEnd/airflow/airflow-install/airflow/dags/hello.py for tasks to queue
[2024-11-11T00:16:36.796+0700] {logging_mixin.py:190} INFO - [2024-11-11T00:16:36.796+0700] {dagbag.py:588} INFO - Filling up the DagBag from /home/game/learning/12_DataEnd/airflow/airflow-install/airflow/dags/hello.py
[2024-11-11T00:16:36.800+0700] {processor.py:925} INFO - DAG(s) 'some_dag' retrieved from /home/game/learning/12_DataEnd/airflow/airflow-install/airflow/dags/hello.py
[2024-11-11T00:16:36.855+0700] {logging_mixin.py:190} INFO - [2024-11-11T00:16:36.855+0700] {override.py:1911} INFO - Created Permission View: can read on DAG:some_dag
[2024-11-11T00:16:36.864+0700] {logging_mixin.py:190} INFO - [2024-11-11T00:16:36.864+0700] {override.py:1911} INFO - Created Permission View: can delete on DAG:some_dag
[2024-11-11T00:16:36.872+0700] {logging_mixin.py:190} INFO - [2024-11-11T00:16:36.871+0700] {override.py:1911} INFO - Created Permission View: can edit on DAG:some_dag
[2024-11-11T00:16:36.881+0700] {logging_mixin.py:190} INFO - [2024-11-11T00:16:36.881+0700] {override.py:1911} INFO - Created Permission View: can read on DAG Run:some_dag
[2024-11-11T00:16:36.888+0700] {logging_mixin.py:190} INFO - [2024-11-11T00:16:36.888+0700] {override.py:1911} INFO - Created Permission View: can delete on DAG Run:some_dag
[2024-11-11T00:16:36.895+0700] {logging_mixin.py:190} INFO - [2024-11-11T00:16:36.895+0700] {override.py:1911} INFO - Created Permission View: can create on DAG Run:some_dag
[2024-11-11T00:16:36.901+0700] {logging_mixin.py:190} INFO - [2024-11-11T00:16:36.901+0700] {override.py:1911} INFO - Created Permission View: menu access on DAG Run:some_dag
[2024-11-11T00:16:36.901+0700] {logging_mixin.py:190} INFO - [2024-11-11T00:16:36.901+0700] {dag.py:3239} INFO - Sync 1 DAGs
[2024-11-11T00:16:36.906+0700] {logging_mixin.py:190} INFO - [2024-11-11T00:16:36.906+0700] {dag.py:3262} INFO - Creating ORM DAG for some_dag
[2024-11-11T00:16:36.911+0700] {logging_mixin.py:190} INFO - [2024-11-11T00:16:36.911+0700] {dag.py:4180} INFO - Setting next_dagrun for some_dag to 2024-11-10 17:16:36.797906+00:00, run_after=2024-11-11 17:16:36.797906+00:00
[2024-11-11T00:16:36.921+0700] {processor.py:208} INFO - Processing /home/game/learning/12_DataEnd/airflow/airflow-install/airflow/dags/hello.py took 0.128 seconds
[2024-11-11T00:17:07.866+0700] {processor.py:186} INFO - Started process (PID=69824) to work on /home/game/learning/12_DataEnd/airflow/airflow-install/airflow/dags/hello.py
[2024-11-11T00:17:07.869+0700] {processor.py:914} INFO - Processing file /home/game/learning/12_DataEnd/airflow/airflow-install/airflow/dags/hello.py for tasks to queue
[2024-11-11T00:17:07.871+0700] {logging_mixin.py:190} INFO - [2024-11-11T00:17:07.870+0700] {dagbag.py:588} INFO - Filling up the DagBag from /home/game/learning/12_DataEnd/airflow/airflow-install/airflow/dags/hello.py
[2024-11-11T00:17:07.878+0700] {processor.py:925} INFO - DAG(s) 'some_dag' retrieved from /home/game/learning/12_DataEnd/airflow/airflow-install/airflow/dags/hello.py
[2024-11-11T00:17:07.926+0700] {logging_mixin.py:190} INFO - [2024-11-11T00:17:07.926+0700] {dag.py:3239} INFO - Sync 1 DAGs
[2024-11-11T00:17:07.934+0700] {logging_mixin.py:190} INFO - [2024-11-11T00:17:07.934+0700] {dag.py:4180} INFO - Setting next_dagrun for some_dag to 2024-11-10 17:17:07.872863+00:00, run_after=2024-11-11 17:17:07.872863+00:00
[2024-11-11T00:17:07.947+0700] {processor.py:208} INFO - Processing /home/game/learning/12_DataEnd/airflow/airflow-install/airflow/dags/hello.py took 0.086 seconds
[2024-11-11T00:17:38.086+0700] {processor.py:186} INFO - Started process (PID=70518) to work on /home/game/learning/12_DataEnd/airflow/airflow-install/airflow/dags/hello.py
[2024-11-11T00:17:38.088+0700] {processor.py:914} INFO - Processing file /home/game/learning/12_DataEnd/airflow/airflow-install/airflow/dags/hello.py for tasks to queue
[2024-11-11T00:17:38.090+0700] {logging_mixin.py:190} INFO - [2024-11-11T00:17:38.090+0700] {dagbag.py:588} INFO - Filling up the DagBag from /home/game/learning/12_DataEnd/airflow/airflow-install/airflow/dags/hello.py
[2024-11-11T00:17:38.097+0700] {processor.py:925} INFO - DAG(s) 'some_dag' retrieved from /home/game/learning/12_DataEnd/airflow/airflow-install/airflow/dags/hello.py
[2024-11-11T00:17:38.143+0700] {logging_mixin.py:190} INFO - [2024-11-11T00:17:38.143+0700] {dag.py:3239} INFO - Sync 1 DAGs
[2024-11-11T00:17:38.151+0700] {logging_mixin.py:190} INFO - [2024-11-11T00:17:38.151+0700] {dag.py:4180} INFO - Setting next_dagrun for some_dag to 2024-11-10 17:17:38.092582+00:00, run_after=2024-11-11 17:17:38.092582+00:00
[2024-11-11T00:17:38.163+0700] {processor.py:208} INFO - Processing /home/game/learning/12_DataEnd/airflow/airflow-install/airflow/dags/hello.py took 0.082 seconds
[2024-11-11T00:18:08.326+0700] {processor.py:186} INFO - Started process (PID=71331) to work on /home/game/learning/12_DataEnd/airflow/airflow-install/airflow/dags/hello.py
[2024-11-11T00:18:08.328+0700] {processor.py:914} INFO - Processing file /home/game/learning/12_DataEnd/airflow/airflow-install/airflow/dags/hello.py for tasks to queue
[2024-11-11T00:18:08.329+0700] {logging_mixin.py:190} INFO - [2024-11-11T00:18:08.329+0700] {dagbag.py:588} INFO - Filling up the DagBag from /home/game/learning/12_DataEnd/airflow/airflow-install/airflow/dags/hello.py
[2024-11-11T00:18:08.335+0700] {processor.py:925} INFO - DAG(s) 'some_dag' retrieved from /home/game/learning/12_DataEnd/airflow/airflow-install/airflow/dags/hello.py
[2024-11-11T00:18:08.381+0700] {logging_mixin.py:190} INFO - [2024-11-11T00:18:08.381+0700] {dag.py:3239} INFO - Sync 1 DAGs
[2024-11-11T00:18:08.389+0700] {logging_mixin.py:190} INFO - [2024-11-11T00:18:08.389+0700] {dag.py:4180} INFO - Setting next_dagrun for some_dag to 2024-11-10 17:18:08.331453+00:00, run_after=2024-11-11 17:18:08.331453+00:00
[2024-11-11T00:18:08.401+0700] {processor.py:208} INFO - Processing /home/game/learning/12_DataEnd/airflow/airflow-install/airflow/dags/hello.py took 0.078 seconds
[2024-11-11T00:18:39.492+0700] {processor.py:186} INFO - Started process (PID=73070) to work on /home/game/learning/12_DataEnd/airflow/airflow-install/airflow/dags/hello.py
[2024-11-11T00:18:39.495+0700] {processor.py:914} INFO - Processing file /home/game/learning/12_DataEnd/airflow/airflow-install/airflow/dags/hello.py for tasks to queue
[2024-11-11T00:18:39.496+0700] {logging_mixin.py:190} INFO - [2024-11-11T00:18:39.496+0700] {dagbag.py:588} INFO - Filling up the DagBag from /home/game/learning/12_DataEnd/airflow/airflow-install/airflow/dags/hello.py
[2024-11-11T00:18:39.501+0700] {processor.py:925} INFO - DAG(s) 'some_dag' retrieved from /home/game/learning/12_DataEnd/airflow/airflow-install/airflow/dags/hello.py
[2024-11-11T00:18:39.550+0700] {logging_mixin.py:190} INFO - [2024-11-11T00:18:39.550+0700] {dag.py:3239} INFO - Sync 1 DAGs
[2024-11-11T00:18:39.558+0700] {logging_mixin.py:190} INFO - [2024-11-11T00:18:39.558+0700] {dag.py:4180} INFO - Setting next_dagrun for some_dag to 2024-11-10 17:18:39.497825+00:00, run_after=2024-11-11 17:18:39.497825+00:00
[2024-11-11T00:18:39.570+0700] {processor.py:208} INFO - Processing /home/game/learning/12_DataEnd/airflow/airflow-install/airflow/dags/hello.py took 0.083 seconds
[2024-11-11T00:19:10.378+0700] {processor.py:186} INFO - Started process (PID=75011) to work on /home/game/learning/12_DataEnd/airflow/airflow-install/airflow/dags/hello.py
[2024-11-11T00:19:10.380+0700] {processor.py:914} INFO - Processing file /home/game/learning/12_DataEnd/airflow/airflow-install/airflow/dags/hello.py for tasks to queue
[2024-11-11T00:19:10.381+0700] {logging_mixin.py:190} INFO - [2024-11-11T00:19:10.381+0700] {dagbag.py:588} INFO - Filling up the DagBag from /home/game/learning/12_DataEnd/airflow/airflow-install/airflow/dags/hello.py
[2024-11-11T00:19:10.386+0700] {processor.py:925} INFO - DAG(s) 'some_dag' retrieved from /home/game/learning/12_DataEnd/airflow/airflow-install/airflow/dags/hello.py
[2024-11-11T00:19:10.432+0700] {logging_mixin.py:190} INFO - [2024-11-11T00:19:10.432+0700] {dag.py:3239} INFO - Sync 1 DAGs
[2024-11-11T00:19:10.440+0700] {logging_mixin.py:190} INFO - [2024-11-11T00:19:10.440+0700] {dag.py:4180} INFO - Setting next_dagrun for some_dag to 2024-11-10 17:19:10.382935+00:00, run_after=2024-11-11 17:19:10.382935+00:00
[2024-11-11T00:19:10.452+0700] {processor.py:208} INFO - Processing /home/game/learning/12_DataEnd/airflow/airflow-install/airflow/dags/hello.py took 0.077 seconds
[2024-11-11T00:19:41.759+0700] {processor.py:186} INFO - Started process (PID=77007) to work on /home/game/learning/12_DataEnd/airflow/airflow-install/airflow/dags/hello.py
[2024-11-11T00:19:41.769+0700] {processor.py:914} INFO - Processing file /home/game/learning/12_DataEnd/airflow/airflow-install/airflow/dags/hello.py for tasks to queue
[2024-11-11T00:19:41.770+0700] {logging_mixin.py:190} INFO - [2024-11-11T00:19:41.770+0700] {dagbag.py:588} INFO - Filling up the DagBag from /home/game/learning/12_DataEnd/airflow/airflow-install/airflow/dags/hello.py
[2024-11-11T00:19:41.775+0700] {processor.py:925} INFO - DAG(s) 'some_dag' retrieved from /home/game/learning/12_DataEnd/airflow/airflow-install/airflow/dags/hello.py
[2024-11-11T00:19:41.821+0700] {logging_mixin.py:190} INFO - [2024-11-11T00:19:41.821+0700] {dag.py:3239} INFO - Sync 1 DAGs
[2024-11-11T00:19:41.829+0700] {logging_mixin.py:190} INFO - [2024-11-11T00:19:41.829+0700] {dag.py:4180} INFO - Setting next_dagrun for some_dag to 2024-11-10 17:19:41.772257+00:00, run_after=2024-11-11 17:19:41.772257+00:00
[2024-11-11T00:19:41.848+0700] {processor.py:208} INFO - Processing /home/game/learning/12_DataEnd/airflow/airflow-install/airflow/dags/hello.py took 0.094 seconds
[2024-11-11T00:20:12.429+0700] {processor.py:186} INFO - Started process (PID=78974) to work on /home/game/learning/12_DataEnd/airflow/airflow-install/airflow/dags/hello.py
[2024-11-11T00:20:12.795+0700] {processor.py:914} INFO - Processing file /home/game/learning/12_DataEnd/airflow/airflow-install/airflow/dags/hello.py for tasks to queue
[2024-11-11T00:20:12.796+0700] {logging_mixin.py:190} INFO - [2024-11-11T00:20:12.796+0700] {dagbag.py:588} INFO - Filling up the DagBag from /home/game/learning/12_DataEnd/airflow/airflow-install/airflow/dags/hello.py
[2024-11-11T00:20:12.804+0700] {processor.py:925} INFO - DAG(s) 'some_dag' retrieved from /home/game/learning/12_DataEnd/airflow/airflow-install/airflow/dags/hello.py
[2024-11-11T00:20:12.856+0700] {logging_mixin.py:190} INFO - [2024-11-11T00:20:12.856+0700] {dag.py:3239} INFO - Sync 1 DAGs
[2024-11-11T00:20:12.864+0700] {logging_mixin.py:190} INFO - [2024-11-11T00:20:12.864+0700] {dag.py:4180} INFO - Setting next_dagrun for some_dag to 2024-11-10 17:20:12.799080+00:00, run_after=2024-11-11 17:20:12.799080+00:00
[2024-11-11T00:20:12.877+0700] {processor.py:208} INFO - Processing /home/game/learning/12_DataEnd/airflow/airflow-install/airflow/dags/hello.py took 0.451 seconds
[2024-11-11T00:20:43.748+0700] {processor.py:186} INFO - Started process (PID=80899) to work on /home/game/learning/12_DataEnd/airflow/airflow-install/airflow/dags/hello.py
[2024-11-11T00:20:43.753+0700] {processor.py:914} INFO - Processing file /home/game/learning/12_DataEnd/airflow/airflow-install/airflow/dags/hello.py for tasks to queue
[2024-11-11T00:20:43.754+0700] {logging_mixin.py:190} INFO - [2024-11-11T00:20:43.754+0700] {dagbag.py:588} INFO - Filling up the DagBag from /home/game/learning/12_DataEnd/airflow/airflow-install/airflow/dags/hello.py
[2024-11-11T00:20:43.759+0700] {processor.py:925} INFO - DAG(s) 'some_dag' retrieved from /home/game/learning/12_DataEnd/airflow/airflow-install/airflow/dags/hello.py
[2024-11-11T00:20:43.810+0700] {logging_mixin.py:190} INFO - [2024-11-11T00:20:43.809+0700] {dag.py:3239} INFO - Sync 1 DAGs
[2024-11-11T00:20:43.818+0700] {logging_mixin.py:190} INFO - [2024-11-11T00:20:43.818+0700] {dag.py:4180} INFO - Setting next_dagrun for some_dag to 2024-11-10 17:20:43.755726+00:00, run_after=2024-11-11 17:20:43.755726+00:00
[2024-11-11T00:20:43.831+0700] {processor.py:208} INFO - Processing /home/game/learning/12_DataEnd/airflow/airflow-install/airflow/dags/hello.py took 0.087 seconds
[2024-11-11T00:21:14.181+0700] {processor.py:186} INFO - Started process (PID=82816) to work on /home/game/learning/12_DataEnd/airflow/airflow-install/airflow/dags/hello.py
[2024-11-11T00:21:14.183+0700] {processor.py:914} INFO - Processing file /home/game/learning/12_DataEnd/airflow/airflow-install/airflow/dags/hello.py for tasks to queue
[2024-11-11T00:21:14.185+0700] {logging_mixin.py:190} INFO - [2024-11-11T00:21:14.184+0700] {dagbag.py:588} INFO - Filling up the DagBag from /home/game/learning/12_DataEnd/airflow/airflow-install/airflow/dags/hello.py
[2024-11-11T00:21:14.191+0700] {processor.py:925} INFO - DAG(s) 'some_dag' retrieved from /home/game/learning/12_DataEnd/airflow/airflow-install/airflow/dags/hello.py
[2024-11-11T00:21:14.240+0700] {logging_mixin.py:190} INFO - [2024-11-11T00:21:14.240+0700] {dag.py:3239} INFO - Sync 1 DAGs
[2024-11-11T00:21:14.247+0700] {logging_mixin.py:190} INFO - [2024-11-11T00:21:14.247+0700] {dag.py:4180} INFO - Setting next_dagrun for some_dag to 2024-11-10 17:21:14.186555+00:00, run_after=2024-11-11 17:21:14.186555+00:00
[2024-11-11T00:21:14.260+0700] {processor.py:208} INFO - Processing /home/game/learning/12_DataEnd/airflow/airflow-install/airflow/dags/hello.py took 0.083 seconds
[2024-11-11T00:21:45.406+0700] {processor.py:186} INFO - Started process (PID=84708) to work on /home/game/learning/12_DataEnd/airflow/airflow-install/airflow/dags/hello.py
[2024-11-11T00:21:45.407+0700] {processor.py:914} INFO - Processing file /home/game/learning/12_DataEnd/airflow/airflow-install/airflow/dags/hello.py for tasks to queue
[2024-11-11T00:21:45.408+0700] {logging_mixin.py:190} INFO - [2024-11-11T00:21:45.408+0700] {dagbag.py:588} INFO - Filling up the DagBag from /home/game/learning/12_DataEnd/airflow/airflow-install/airflow/dags/hello.py
[2024-11-11T00:21:45.413+0700] {processor.py:925} INFO - DAG(s) 'some_dag' retrieved from /home/game/learning/12_DataEnd/airflow/airflow-install/airflow/dags/hello.py
[2024-11-11T00:21:45.458+0700] {logging_mixin.py:190} INFO - [2024-11-11T00:21:45.458+0700] {dag.py:3239} INFO - Sync 1 DAGs
[2024-11-11T00:21:45.467+0700] {logging_mixin.py:190} INFO - [2024-11-11T00:21:45.467+0700] {dag.py:4180} INFO - Setting next_dagrun for some_dag to 2024-11-10 17:21:45.410035+00:00, run_after=2024-11-11 17:21:45.410035+00:00
[2024-11-11T00:21:45.479+0700] {processor.py:208} INFO - Processing /home/game/learning/12_DataEnd/airflow/airflow-install/airflow/dags/hello.py took 0.077 seconds
[2024-11-11T00:22:16.218+0700] {processor.py:186} INFO - Started process (PID=86671) to work on /home/game/learning/12_DataEnd/airflow/airflow-install/airflow/dags/hello.py
[2024-11-11T00:22:16.219+0700] {processor.py:914} INFO - Processing file /home/game/learning/12_DataEnd/airflow/airflow-install/airflow/dags/hello.py for tasks to queue
[2024-11-11T00:22:16.220+0700] {logging_mixin.py:190} INFO - [2024-11-11T00:22:16.220+0700] {dagbag.py:588} INFO - Filling up the DagBag from /home/game/learning/12_DataEnd/airflow/airflow-install/airflow/dags/hello.py
[2024-11-11T00:22:16.225+0700] {processor.py:925} INFO - DAG(s) 'some_dag' retrieved from /home/game/learning/12_DataEnd/airflow/airflow-install/airflow/dags/hello.py
[2024-11-11T00:22:16.272+0700] {logging_mixin.py:190} INFO - [2024-11-11T00:22:16.272+0700] {dag.py:3239} INFO - Sync 1 DAGs
[2024-11-11T00:22:16.281+0700] {logging_mixin.py:190} INFO - [2024-11-11T00:22:16.280+0700] {dag.py:4180} INFO - Setting next_dagrun for some_dag to 2024-11-10 17:22:16.221993+00:00, run_after=2024-11-11 17:22:16.221993+00:00
[2024-11-11T00:22:16.293+0700] {processor.py:208} INFO - Processing /home/game/learning/12_DataEnd/airflow/airflow-install/airflow/dags/hello.py took 0.079 seconds
[2024-11-11T00:22:47.269+0700] {processor.py:186} INFO - Started process (PID=88616) to work on /home/game/learning/12_DataEnd/airflow/airflow-install/airflow/dags/hello.py
[2024-11-11T00:22:47.270+0700] {processor.py:914} INFO - Processing file /home/game/learning/12_DataEnd/airflow/airflow-install/airflow/dags/hello.py for tasks to queue
[2024-11-11T00:22:47.271+0700] {logging_mixin.py:190} INFO - [2024-11-11T00:22:47.271+0700] {dagbag.py:588} INFO - Filling up the DagBag from /home/game/learning/12_DataEnd/airflow/airflow-install/airflow/dags/hello.py
[2024-11-11T00:22:47.275+0700] {processor.py:925} INFO - DAG(s) 'some_dag' retrieved from /home/game/learning/12_DataEnd/airflow/airflow-install/airflow/dags/hello.py
[2024-11-11T00:22:47.322+0700] {logging_mixin.py:190} INFO - [2024-11-11T00:22:47.322+0700] {dag.py:3239} INFO - Sync 1 DAGs
[2024-11-11T00:22:47.331+0700] {logging_mixin.py:190} INFO - [2024-11-11T00:22:47.331+0700] {dag.py:4180} INFO - Setting next_dagrun for some_dag to 2024-11-10 17:22:47.272187+00:00, run_after=2024-11-11 17:22:47.272187+00:00
[2024-11-11T00:22:47.344+0700] {processor.py:208} INFO - Processing /home/game/learning/12_DataEnd/airflow/airflow-install/airflow/dags/hello.py took 0.078 seconds
[2024-11-11T00:23:18.086+0700] {processor.py:186} INFO - Started process (PID=90764) to work on /home/game/learning/12_DataEnd/airflow/airflow-install/airflow/dags/hello.py
[2024-11-11T00:23:18.087+0700] {processor.py:914} INFO - Processing file /home/game/learning/12_DataEnd/airflow/airflow-install/airflow/dags/hello.py for tasks to queue
[2024-11-11T00:23:18.089+0700] {logging_mixin.py:190} INFO - [2024-11-11T00:23:18.089+0700] {dagbag.py:588} INFO - Filling up the DagBag from /home/game/learning/12_DataEnd/airflow/airflow-install/airflow/dags/hello.py
[2024-11-11T00:23:18.096+0700] {processor.py:925} INFO - DAG(s) 'some_dag' retrieved from /home/game/learning/12_DataEnd/airflow/airflow-install/airflow/dags/hello.py
[2024-11-11T00:23:18.142+0700] {logging_mixin.py:190} INFO - [2024-11-11T00:23:18.142+0700] {dag.py:3239} INFO - Sync 1 DAGs
[2024-11-11T00:23:18.150+0700] {logging_mixin.py:190} INFO - [2024-11-11T00:23:18.150+0700] {dag.py:4180} INFO - Setting next_dagrun for some_dag to 2024-11-10 17:23:18.091431+00:00, run_after=2024-11-11 17:23:18.091431+00:00
[2024-11-11T00:23:18.161+0700] {processor.py:208} INFO - Processing /home/game/learning/12_DataEnd/airflow/airflow-install/airflow/dags/hello.py took 0.079 seconds
[2024-11-11T00:23:48.326+0700] {processor.py:186} INFO - Started process (PID=92900) to work on /home/game/learning/12_DataEnd/airflow/airflow-install/airflow/dags/hello.py
[2024-11-11T00:23:48.329+0700] {processor.py:914} INFO - Processing file /home/game/learning/12_DataEnd/airflow/airflow-install/airflow/dags/hello.py for tasks to queue
[2024-11-11T00:23:48.331+0700] {logging_mixin.py:190} INFO - [2024-11-11T00:23:48.331+0700] {dagbag.py:588} INFO - Filling up the DagBag from /home/game/learning/12_DataEnd/airflow/airflow-install/airflow/dags/hello.py
[2024-11-11T00:23:48.337+0700] {processor.py:925} INFO - DAG(s) 'some_dag' retrieved from /home/game/learning/12_DataEnd/airflow/airflow-install/airflow/dags/hello.py
[2024-11-11T00:23:48.383+0700] {logging_mixin.py:190} INFO - [2024-11-11T00:23:48.383+0700] {dag.py:3239} INFO - Sync 1 DAGs
[2024-11-11T00:23:48.391+0700] {logging_mixin.py:190} INFO - [2024-11-11T00:23:48.391+0700] {dag.py:4180} INFO - Setting next_dagrun for some_dag to 2024-11-10 17:23:48.333885+00:00, run_after=2024-11-11 17:23:48.333885+00:00
[2024-11-11T00:23:48.403+0700] {processor.py:208} INFO - Processing /home/game/learning/12_DataEnd/airflow/airflow-install/airflow/dags/hello.py took 0.081 seconds
[2024-11-11T00:24:18.510+0700] {processor.py:186} INFO - Started process (PID=93777) to work on /home/game/learning/12_DataEnd/airflow/airflow-install/airflow/dags/hello.py
[2024-11-11T00:24:18.511+0700] {processor.py:914} INFO - Processing file /home/game/learning/12_DataEnd/airflow/airflow-install/airflow/dags/hello.py for tasks to queue
[2024-11-11T00:24:18.512+0700] {logging_mixin.py:190} INFO - [2024-11-11T00:24:18.512+0700] {dagbag.py:588} INFO - Filling up the DagBag from /home/game/learning/12_DataEnd/airflow/airflow-install/airflow/dags/hello.py
[2024-11-11T00:24:18.517+0700] {processor.py:925} INFO - DAG(s) 'some_dag' retrieved from /home/game/learning/12_DataEnd/airflow/airflow-install/airflow/dags/hello.py
[2024-11-11T00:24:18.568+0700] {logging_mixin.py:190} INFO - [2024-11-11T00:24:18.568+0700] {dag.py:3239} INFO - Sync 1 DAGs
[2024-11-11T00:24:18.577+0700] {logging_mixin.py:190} INFO - [2024-11-11T00:24:18.576+0700] {dag.py:4180} INFO - Setting next_dagrun for some_dag to 2024-11-10 17:24:18.513910+00:00, run_after=2024-11-11 17:24:18.513910+00:00
[2024-11-11T00:24:18.591+0700] {processor.py:208} INFO - Processing /home/game/learning/12_DataEnd/airflow/airflow-install/airflow/dags/hello.py took 0.085 seconds
[2024-11-11T00:24:48.835+0700] {processor.py:186} INFO - Started process (PID=94392) to work on /home/game/learning/12_DataEnd/airflow/airflow-install/airflow/dags/hello.py
[2024-11-11T00:24:48.840+0700] {processor.py:914} INFO - Processing file /home/game/learning/12_DataEnd/airflow/airflow-install/airflow/dags/hello.py for tasks to queue
[2024-11-11T00:24:48.842+0700] {logging_mixin.py:190} INFO - [2024-11-11T00:24:48.841+0700] {dagbag.py:588} INFO - Filling up the DagBag from /home/game/learning/12_DataEnd/airflow/airflow-install/airflow/dags/hello.py
[2024-11-11T00:24:48.847+0700] {processor.py:925} INFO - DAG(s) 'some_dag' retrieved from /home/game/learning/12_DataEnd/airflow/airflow-install/airflow/dags/hello.py
[2024-11-11T00:24:48.897+0700] {logging_mixin.py:190} INFO - [2024-11-11T00:24:48.897+0700] {dag.py:3239} INFO - Sync 1 DAGs
[2024-11-11T00:24:48.907+0700] {logging_mixin.py:190} INFO - [2024-11-11T00:24:48.907+0700] {dag.py:4180} INFO - Setting next_dagrun for some_dag to 2024-11-10 17:24:48.843346+00:00, run_after=2024-11-11 17:24:48.843346+00:00
[2024-11-11T00:24:48.920+0700] {processor.py:208} INFO - Processing /home/game/learning/12_DataEnd/airflow/airflow-install/airflow/dags/hello.py took 0.090 seconds
[2024-11-11T00:25:19.172+0700] {processor.py:186} INFO - Started process (PID=94984) to work on /home/game/learning/12_DataEnd/airflow/airflow-install/airflow/dags/hello.py
[2024-11-11T00:25:19.178+0700] {processor.py:914} INFO - Processing file /home/game/learning/12_DataEnd/airflow/airflow-install/airflow/dags/hello.py for tasks to queue
[2024-11-11T00:25:19.180+0700] {logging_mixin.py:190} INFO - [2024-11-11T00:25:19.180+0700] {dagbag.py:588} INFO - Filling up the DagBag from /home/game/learning/12_DataEnd/airflow/airflow-install/airflow/dags/hello.py
[2024-11-11T00:25:19.186+0700] {processor.py:925} INFO - DAG(s) 'some_dag' retrieved from /home/game/learning/12_DataEnd/airflow/airflow-install/airflow/dags/hello.py
[2024-11-11T00:25:19.240+0700] {logging_mixin.py:190} INFO - [2024-11-11T00:25:19.240+0700] {dag.py:3239} INFO - Sync 1 DAGs
[2024-11-11T00:25:19.248+0700] {logging_mixin.py:190} INFO - [2024-11-11T00:25:19.248+0700] {dag.py:4180} INFO - Setting next_dagrun for some_dag to 2024-11-10 17:25:19.182395+00:00, run_after=2024-11-11 17:25:19.182395+00:00
[2024-11-11T00:25:19.262+0700] {processor.py:208} INFO - Processing /home/game/learning/12_DataEnd/airflow/airflow-install/airflow/dags/hello.py took 0.096 seconds
[2024-11-11T00:25:49.492+0700] {processor.py:186} INFO - Started process (PID=95587) to work on /home/game/learning/12_DataEnd/airflow/airflow-install/airflow/dags/hello.py
[2024-11-11T00:25:49.495+0700] {processor.py:914} INFO - Processing file /home/game/learning/12_DataEnd/airflow/airflow-install/airflow/dags/hello.py for tasks to queue
[2024-11-11T00:25:49.496+0700] {logging_mixin.py:190} INFO - [2024-11-11T00:25:49.496+0700] {dagbag.py:588} INFO - Filling up the DagBag from /home/game/learning/12_DataEnd/airflow/airflow-install/airflow/dags/hello.py
[2024-11-11T00:25:49.501+0700] {processor.py:925} INFO - DAG(s) 'some_dag' retrieved from /home/game/learning/12_DataEnd/airflow/airflow-install/airflow/dags/hello.py
[2024-11-11T00:25:49.554+0700] {logging_mixin.py:190} INFO - [2024-11-11T00:25:49.554+0700] {dag.py:3239} INFO - Sync 1 DAGs
[2024-11-11T00:25:49.564+0700] {logging_mixin.py:190} INFO - [2024-11-11T00:25:49.563+0700] {dag.py:4180} INFO - Setting next_dagrun for some_dag to 2024-11-10 17:25:49.497727+00:00, run_after=2024-11-11 17:25:49.497727+00:00
[2024-11-11T00:25:49.583+0700] {processor.py:208} INFO - Processing /home/game/learning/12_DataEnd/airflow/airflow-install/airflow/dags/hello.py took 0.093 seconds
[2024-11-11T00:26:19.822+0700] {processor.py:186} INFO - Started process (PID=96229) to work on /home/game/learning/12_DataEnd/airflow/airflow-install/airflow/dags/hello.py
[2024-11-11T00:26:19.825+0700] {processor.py:914} INFO - Processing file /home/game/learning/12_DataEnd/airflow/airflow-install/airflow/dags/hello.py for tasks to queue
[2024-11-11T00:26:19.827+0700] {logging_mixin.py:190} INFO - [2024-11-11T00:26:19.826+0700] {dagbag.py:588} INFO - Filling up the DagBag from /home/game/learning/12_DataEnd/airflow/airflow-install/airflow/dags/hello.py
[2024-11-11T00:26:19.833+0700] {processor.py:925} INFO - DAG(s) 'some_dag' retrieved from /home/game/learning/12_DataEnd/airflow/airflow-install/airflow/dags/hello.py
[2024-11-11T00:26:19.879+0700] {logging_mixin.py:190} INFO - [2024-11-11T00:26:19.879+0700] {dag.py:3239} INFO - Sync 1 DAGs
[2024-11-11T00:26:19.888+0700] {logging_mixin.py:190} INFO - [2024-11-11T00:26:19.888+0700] {dag.py:4180} INFO - Setting next_dagrun for some_dag to 2024-11-10 17:26:19.828704+00:00, run_after=2024-11-11 17:26:19.828704+00:00
[2024-11-11T00:26:19.900+0700] {processor.py:208} INFO - Processing /home/game/learning/12_DataEnd/airflow/airflow-install/airflow/dags/hello.py took 0.083 seconds
[2024-11-11T00:26:50.152+0700] {processor.py:186} INFO - Started process (PID=96869) to work on /home/game/learning/12_DataEnd/airflow/airflow-install/airflow/dags/hello.py
[2024-11-11T00:26:50.155+0700] {processor.py:914} INFO - Processing file /home/game/learning/12_DataEnd/airflow/airflow-install/airflow/dags/hello.py for tasks to queue
[2024-11-11T00:26:50.156+0700] {logging_mixin.py:190} INFO - [2024-11-11T00:26:50.155+0700] {dagbag.py:588} INFO - Filling up the DagBag from /home/game/learning/12_DataEnd/airflow/airflow-install/airflow/dags/hello.py
[2024-11-11T00:26:50.160+0700] {processor.py:925} INFO - DAG(s) 'some_dag' retrieved from /home/game/learning/12_DataEnd/airflow/airflow-install/airflow/dags/hello.py
[2024-11-11T00:26:50.206+0700] {logging_mixin.py:190} INFO - [2024-11-11T00:26:50.206+0700] {dag.py:3239} INFO - Sync 1 DAGs
[2024-11-11T00:26:50.215+0700] {logging_mixin.py:190} INFO - [2024-11-11T00:26:50.215+0700] {dag.py:4180} INFO - Setting next_dagrun for some_dag to 2024-11-10 17:26:50.157253+00:00, run_after=2024-11-11 17:26:50.157253+00:00
[2024-11-11T00:26:50.226+0700] {processor.py:208} INFO - Processing /home/game/learning/12_DataEnd/airflow/airflow-install/airflow/dags/hello.py took 0.077 seconds
[2024-11-11T00:27:20.499+0700] {processor.py:186} INFO - Started process (PID=97467) to work on /home/game/learning/12_DataEnd/airflow/airflow-install/airflow/dags/hello.py
[2024-11-11T00:27:20.502+0700] {processor.py:914} INFO - Processing file /home/game/learning/12_DataEnd/airflow/airflow-install/airflow/dags/hello.py for tasks to queue
[2024-11-11T00:27:20.504+0700] {logging_mixin.py:190} INFO - [2024-11-11T00:27:20.503+0700] {dagbag.py:588} INFO - Filling up the DagBag from /home/game/learning/12_DataEnd/airflow/airflow-install/airflow/dags/hello.py
[2024-11-11T00:27:20.509+0700] {processor.py:925} INFO - DAG(s) 'some_dag' retrieved from /home/game/learning/12_DataEnd/airflow/airflow-install/airflow/dags/hello.py
[2024-11-11T00:27:20.556+0700] {logging_mixin.py:190} INFO - [2024-11-11T00:27:20.556+0700] {dag.py:3239} INFO - Sync 1 DAGs
[2024-11-11T00:27:20.564+0700] {logging_mixin.py:190} INFO - [2024-11-11T00:27:20.564+0700] {dag.py:4180} INFO - Setting next_dagrun for some_dag to 2024-11-10 17:27:20.505900+00:00, run_after=2024-11-11 17:27:20.505900+00:00
[2024-11-11T00:27:20.576+0700] {processor.py:208} INFO - Processing /home/game/learning/12_DataEnd/airflow/airflow-install/airflow/dags/hello.py took 0.080 seconds
[2024-11-11T00:27:50.839+0700] {processor.py:186} INFO - Started process (PID=98068) to work on /home/game/learning/12_DataEnd/airflow/airflow-install/airflow/dags/hello.py
[2024-11-11T00:27:50.842+0700] {processor.py:914} INFO - Processing file /home/game/learning/12_DataEnd/airflow/airflow-install/airflow/dags/hello.py for tasks to queue
[2024-11-11T00:27:50.844+0700] {logging_mixin.py:190} INFO - [2024-11-11T00:27:50.844+0700] {dagbag.py:588} INFO - Filling up the DagBag from /home/game/learning/12_DataEnd/airflow/airflow-install/airflow/dags/hello.py
[2024-11-11T00:27:50.851+0700] {processor.py:925} INFO - DAG(s) 'some_dag' retrieved from /home/game/learning/12_DataEnd/airflow/airflow-install/airflow/dags/hello.py
[2024-11-11T00:27:50.899+0700] {logging_mixin.py:190} INFO - [2024-11-11T00:27:50.898+0700] {dag.py:3239} INFO - Sync 1 DAGs
[2024-11-11T00:27:50.906+0700] {logging_mixin.py:190} INFO - [2024-11-11T00:27:50.906+0700] {dag.py:4180} INFO - Setting next_dagrun for some_dag to 2024-11-10 17:27:50.846350+00:00, run_after=2024-11-11 17:27:50.846350+00:00
[2024-11-11T00:27:50.917+0700] {processor.py:208} INFO - Processing /home/game/learning/12_DataEnd/airflow/airflow-install/airflow/dags/hello.py took 0.083 seconds
[2024-11-11T00:28:21.181+0700] {processor.py:186} INFO - Started process (PID=98709) to work on /home/game/learning/12_DataEnd/airflow/airflow-install/airflow/dags/hello.py
[2024-11-11T00:28:21.184+0700] {processor.py:914} INFO - Processing file /home/game/learning/12_DataEnd/airflow/airflow-install/airflow/dags/hello.py for tasks to queue
[2024-11-11T00:28:21.186+0700] {logging_mixin.py:190} INFO - [2024-11-11T00:28:21.185+0700] {dagbag.py:588} INFO - Filling up the DagBag from /home/game/learning/12_DataEnd/airflow/airflow-install/airflow/dags/hello.py
[2024-11-11T00:28:21.191+0700] {processor.py:925} INFO - DAG(s) 'some_dag' retrieved from /home/game/learning/12_DataEnd/airflow/airflow-install/airflow/dags/hello.py
[2024-11-11T00:28:21.239+0700] {logging_mixin.py:190} INFO - [2024-11-11T00:28:21.239+0700] {dag.py:3239} INFO - Sync 1 DAGs
[2024-11-11T00:28:21.249+0700] {logging_mixin.py:190} INFO - [2024-11-11T00:28:21.249+0700] {dag.py:4180} INFO - Setting next_dagrun for some_dag to 2024-11-10 17:28:21.187485+00:00, run_after=2024-11-11 17:28:21.187485+00:00
[2024-11-11T00:28:21.261+0700] {processor.py:208} INFO - Processing /home/game/learning/12_DataEnd/airflow/airflow-install/airflow/dags/hello.py took 0.084 seconds
[2024-11-11T00:28:51.332+0700] {processor.py:186} INFO - Started process (PID=99310) to work on /home/game/learning/12_DataEnd/airflow/airflow-install/airflow/dags/hello.py
[2024-11-11T00:28:51.335+0700] {processor.py:914} INFO - Processing file /home/game/learning/12_DataEnd/airflow/airflow-install/airflow/dags/hello.py for tasks to queue
[2024-11-11T00:28:51.337+0700] {logging_mixin.py:190} INFO - [2024-11-11T00:28:51.336+0700] {dagbag.py:588} INFO - Filling up the DagBag from /home/game/learning/12_DataEnd/airflow/airflow-install/airflow/dags/hello.py
[2024-11-11T00:28:51.343+0700] {processor.py:925} INFO - DAG(s) 'some_dag' retrieved from /home/game/learning/12_DataEnd/airflow/airflow-install/airflow/dags/hello.py
[2024-11-11T00:28:51.393+0700] {logging_mixin.py:190} INFO - [2024-11-11T00:28:51.393+0700] {dag.py:3239} INFO - Sync 1 DAGs
[2024-11-11T00:28:51.403+0700] {logging_mixin.py:190} INFO - [2024-11-11T00:28:51.403+0700] {dag.py:4180} INFO - Setting next_dagrun for some_dag to 2024-11-10 17:28:51.338769+00:00, run_after=2024-11-11 17:28:51.338769+00:00
[2024-11-11T00:28:51.415+0700] {processor.py:208} INFO - Processing /home/game/learning/12_DataEnd/airflow/airflow-install/airflow/dags/hello.py took 0.087 seconds
[2024-11-11T00:29:21.505+0700] {processor.py:186} INFO - Started process (PID=99924) to work on /home/game/learning/12_DataEnd/airflow/airflow-install/airflow/dags/hello.py
[2024-11-11T00:29:21.508+0700] {processor.py:914} INFO - Processing file /home/game/learning/12_DataEnd/airflow/airflow-install/airflow/dags/hello.py for tasks to queue
[2024-11-11T00:29:21.510+0700] {logging_mixin.py:190} INFO - [2024-11-11T00:29:21.510+0700] {dagbag.py:588} INFO - Filling up the DagBag from /home/game/learning/12_DataEnd/airflow/airflow-install/airflow/dags/hello.py
[2024-11-11T00:29:21.517+0700] {processor.py:925} INFO - DAG(s) 'some_dag' retrieved from /home/game/learning/12_DataEnd/airflow/airflow-install/airflow/dags/hello.py
[2024-11-11T00:29:21.568+0700] {logging_mixin.py:190} INFO - [2024-11-11T00:29:21.567+0700] {dag.py:3239} INFO - Sync 1 DAGs
[2024-11-11T00:29:21.576+0700] {logging_mixin.py:190} INFO - [2024-11-11T00:29:21.575+0700] {dag.py:4180} INFO - Setting next_dagrun for some_dag to 2024-11-10 17:29:21.512241+00:00, run_after=2024-11-11 17:29:21.512241+00:00
[2024-11-11T00:29:21.588+0700] {processor.py:208} INFO - Processing /home/game/learning/12_DataEnd/airflow/airflow-install/airflow/dags/hello.py took 0.088 seconds
[2024-11-11T00:29:51.659+0700] {processor.py:186} INFO - Started process (PID=100513) to work on /home/game/learning/12_DataEnd/airflow/airflow-install/airflow/dags/hello.py
[2024-11-11T00:29:51.659+0700] {processor.py:914} INFO - Processing file /home/game/learning/12_DataEnd/airflow/airflow-install/airflow/dags/hello.py for tasks to queue
[2024-11-11T00:29:51.661+0700] {logging_mixin.py:190} INFO - [2024-11-11T00:29:51.661+0700] {dagbag.py:588} INFO - Filling up the DagBag from /home/game/learning/12_DataEnd/airflow/airflow-install/airflow/dags/hello.py
[2024-11-11T00:29:51.667+0700] {processor.py:925} INFO - DAG(s) 'some_dag' retrieved from /home/game/learning/12_DataEnd/airflow/airflow-install/airflow/dags/hello.py
[2024-11-11T00:29:51.719+0700] {logging_mixin.py:190} INFO - [2024-11-11T00:29:51.719+0700] {dag.py:3239} INFO - Sync 1 DAGs
[2024-11-11T00:29:51.728+0700] {logging_mixin.py:190} INFO - [2024-11-11T00:29:51.727+0700] {dag.py:4180} INFO - Setting next_dagrun for some_dag to 2024-11-10 17:29:51.662872+00:00, run_after=2024-11-11 17:29:51.662872+00:00
[2024-11-11T00:29:51.743+0700] {processor.py:208} INFO - Processing /home/game/learning/12_DataEnd/airflow/airflow-install/airflow/dags/hello.py took 0.088 seconds
[2024-11-11T00:30:21.824+0700] {processor.py:186} INFO - Started process (PID=101130) to work on /home/game/learning/12_DataEnd/airflow/airflow-install/airflow/dags/hello.py
[2024-11-11T00:30:21.827+0700] {processor.py:914} INFO - Processing file /home/game/learning/12_DataEnd/airflow/airflow-install/airflow/dags/hello.py for tasks to queue
[2024-11-11T00:30:21.829+0700] {logging_mixin.py:190} INFO - [2024-11-11T00:30:21.829+0700] {dagbag.py:588} INFO - Filling up the DagBag from /home/game/learning/12_DataEnd/airflow/airflow-install/airflow/dags/hello.py
[2024-11-11T00:30:21.839+0700] {processor.py:925} INFO - DAG(s) 'some_dag' retrieved from /home/game/learning/12_DataEnd/airflow/airflow-install/airflow/dags/hello.py
[2024-11-11T00:30:21.889+0700] {logging_mixin.py:190} INFO - [2024-11-11T00:30:21.889+0700] {dag.py:3239} INFO - Sync 1 DAGs
[2024-11-11T00:30:21.897+0700] {logging_mixin.py:190} INFO - [2024-11-11T00:30:21.897+0700] {dag.py:4180} INFO - Setting next_dagrun for some_dag to 2024-11-10 17:30:21.831916+00:00, run_after=2024-11-11 17:30:21.831916+00:00
[2024-11-11T00:30:21.974+0700] {processor.py:208} INFO - Processing /home/game/learning/12_DataEnd/airflow/airflow-install/airflow/dags/hello.py took 0.155 seconds
[2024-11-11T00:30:52.083+0700] {processor.py:186} INFO - Started process (PID=101755) to work on /home/game/learning/12_DataEnd/airflow/airflow-install/airflow/dags/hello.py
[2024-11-11T00:30:52.085+0700] {processor.py:914} INFO - Processing file /home/game/learning/12_DataEnd/airflow/airflow-install/airflow/dags/hello.py for tasks to queue
[2024-11-11T00:30:52.086+0700] {logging_mixin.py:190} INFO - [2024-11-11T00:30:52.086+0700] {dagbag.py:588} INFO - Filling up the DagBag from /home/game/learning/12_DataEnd/airflow/airflow-install/airflow/dags/hello.py
[2024-11-11T00:30:52.091+0700] {processor.py:925} INFO - DAG(s) 'some_dag' retrieved from /home/game/learning/12_DataEnd/airflow/airflow-install/airflow/dags/hello.py
[2024-11-11T00:30:52.139+0700] {logging_mixin.py:190} INFO - [2024-11-11T00:30:52.139+0700] {dag.py:3239} INFO - Sync 1 DAGs
[2024-11-11T00:30:52.223+0700] {logging_mixin.py:190} INFO - [2024-11-11T00:30:52.222+0700] {dag.py:4180} INFO - Setting next_dagrun for some_dag to 2024-11-10 17:30:52.087987+00:00, run_after=2024-11-11 17:30:52.087987+00:00
[2024-11-11T00:30:52.236+0700] {processor.py:208} INFO - Processing /home/game/learning/12_DataEnd/airflow/airflow-install/airflow/dags/hello.py took 0.156 seconds
[2024-11-11T00:31:23.405+0700] {processor.py:186} INFO - Started process (PID=102333) to work on /home/game/learning/12_DataEnd/airflow/airflow-install/airflow/dags/hello.py
[2024-11-11T00:31:23.407+0700] {processor.py:914} INFO - Processing file /home/game/learning/12_DataEnd/airflow/airflow-install/airflow/dags/hello.py for tasks to queue
[2024-11-11T00:31:23.409+0700] {logging_mixin.py:190} INFO - [2024-11-11T00:31:23.408+0700] {dagbag.py:588} INFO - Filling up the DagBag from /home/game/learning/12_DataEnd/airflow/airflow-install/airflow/dags/hello.py
[2024-11-11T00:31:23.413+0700] {processor.py:925} INFO - DAG(s) 'some_dag' retrieved from /home/game/learning/12_DataEnd/airflow/airflow-install/airflow/dags/hello.py
[2024-11-11T00:31:23.460+0700] {logging_mixin.py:190} INFO - [2024-11-11T00:31:23.460+0700] {dag.py:3239} INFO - Sync 1 DAGs
[2024-11-11T00:31:23.537+0700] {logging_mixin.py:190} INFO - [2024-11-11T00:31:23.537+0700] {dag.py:4180} INFO - Setting next_dagrun for some_dag to 2024-11-10 17:31:23.410213+00:00, run_after=2024-11-11 17:31:23.410213+00:00
[2024-11-11T00:31:23.551+0700] {processor.py:208} INFO - Processing /home/game/learning/12_DataEnd/airflow/airflow-install/airflow/dags/hello.py took 0.150 seconds
[2024-11-11T00:31:53.623+0700] {processor.py:186} INFO - Started process (PID=102925) to work on /home/game/learning/12_DataEnd/airflow/airflow-install/airflow/dags/hello.py
[2024-11-11T00:31:53.626+0700] {processor.py:914} INFO - Processing file /home/game/learning/12_DataEnd/airflow/airflow-install/airflow/dags/hello.py for tasks to queue
[2024-11-11T00:31:53.627+0700] {logging_mixin.py:190} INFO - [2024-11-11T00:31:53.627+0700] {dagbag.py:588} INFO - Filling up the DagBag from /home/game/learning/12_DataEnd/airflow/airflow-install/airflow/dags/hello.py
[2024-11-11T00:31:53.633+0700] {processor.py:925} INFO - DAG(s) 'some_dag' retrieved from /home/game/learning/12_DataEnd/airflow/airflow-install/airflow/dags/hello.py
[2024-11-11T00:31:53.746+0700] {logging_mixin.py:190} INFO - [2024-11-11T00:31:53.745+0700] {dag.py:3239} INFO - Sync 1 DAGs
[2024-11-11T00:31:53.753+0700] {logging_mixin.py:190} INFO - [2024-11-11T00:31:53.753+0700] {dag.py:4180} INFO - Setting next_dagrun for some_dag to 2024-11-10 17:31:53.629147+00:00, run_after=2024-11-11 17:31:53.629147+00:00
[2024-11-11T00:31:53.766+0700] {processor.py:208} INFO - Processing /home/game/learning/12_DataEnd/airflow/airflow-install/airflow/dags/hello.py took 0.151 seconds
[2024-11-11T00:32:23.858+0700] {processor.py:186} INFO - Started process (PID=103600) to work on /home/game/learning/12_DataEnd/airflow/airflow-install/airflow/dags/hello.py
[2024-11-11T00:32:23.864+0700] {processor.py:914} INFO - Processing file /home/game/learning/12_DataEnd/airflow/airflow-install/airflow/dags/hello.py for tasks to queue
[2024-11-11T00:32:23.865+0700] {logging_mixin.py:190} INFO - [2024-11-11T00:32:23.865+0700] {dagbag.py:588} INFO - Filling up the DagBag from /home/game/learning/12_DataEnd/airflow/airflow-install/airflow/dags/hello.py
[2024-11-11T00:32:23.871+0700] {processor.py:925} INFO - DAG(s) 'some_dag' retrieved from /home/game/learning/12_DataEnd/airflow/airflow-install/airflow/dags/hello.py
[2024-11-11T00:32:23.978+0700] {logging_mixin.py:190} INFO - [2024-11-11T00:32:23.978+0700] {dag.py:3239} INFO - Sync 1 DAGs
[2024-11-11T00:32:23.985+0700] {logging_mixin.py:190} INFO - [2024-11-11T00:32:23.985+0700] {dag.py:4180} INFO - Setting next_dagrun for some_dag to 2024-11-10 17:32:23.867156+00:00, run_after=2024-11-11 17:32:23.867156+00:00
[2024-11-11T00:32:24.001+0700] {processor.py:208} INFO - Processing /home/game/learning/12_DataEnd/airflow/airflow-install/airflow/dags/hello.py took 0.146 seconds
[2024-11-11T00:32:54.094+0700] {processor.py:186} INFO - Started process (PID=104251) to work on /home/game/learning/12_DataEnd/airflow/airflow-install/airflow/dags/hello.py
[2024-11-11T00:32:54.100+0700] {processor.py:914} INFO - Processing file /home/game/learning/12_DataEnd/airflow/airflow-install/airflow/dags/hello.py for tasks to queue
[2024-11-11T00:32:54.101+0700] {logging_mixin.py:190} INFO - [2024-11-11T00:32:54.101+0700] {dagbag.py:588} INFO - Filling up the DagBag from /home/game/learning/12_DataEnd/airflow/airflow-install/airflow/dags/hello.py
[2024-11-11T00:32:54.105+0700] {processor.py:925} INFO - DAG(s) 'some_dag' retrieved from /home/game/learning/12_DataEnd/airflow/airflow-install/airflow/dags/hello.py
[2024-11-11T00:32:54.225+0700] {logging_mixin.py:190} INFO - [2024-11-11T00:32:54.225+0700] {dag.py:3239} INFO - Sync 1 DAGs
[2024-11-11T00:32:54.233+0700] {logging_mixin.py:190} INFO - [2024-11-11T00:32:54.233+0700] {dag.py:4180} INFO - Setting next_dagrun for some_dag to 2024-11-10 17:32:54.102221+00:00, run_after=2024-11-11 17:32:54.102221+00:00
[2024-11-11T00:32:54.246+0700] {processor.py:208} INFO - Processing /home/game/learning/12_DataEnd/airflow/airflow-install/airflow/dags/hello.py took 0.154 seconds
[2024-11-11T00:33:24.338+0700] {processor.py:186} INFO - Started process (PID=104929) to work on /home/game/learning/12_DataEnd/airflow/airflow-install/airflow/dags/hello.py
[2024-11-11T00:33:24.343+0700] {processor.py:914} INFO - Processing file /home/game/learning/12_DataEnd/airflow/airflow-install/airflow/dags/hello.py for tasks to queue
[2024-11-11T00:33:24.345+0700] {logging_mixin.py:190} INFO - [2024-11-11T00:33:24.345+0700] {dagbag.py:588} INFO - Filling up the DagBag from /home/game/learning/12_DataEnd/airflow/airflow-install/airflow/dags/hello.py
[2024-11-11T00:33:24.350+0700] {processor.py:925} INFO - DAG(s) 'some_dag' retrieved from /home/game/learning/12_DataEnd/airflow/airflow-install/airflow/dags/hello.py
[2024-11-11T00:33:24.457+0700] {logging_mixin.py:190} INFO - [2024-11-11T00:33:24.457+0700] {dag.py:3239} INFO - Sync 1 DAGs
[2024-11-11T00:33:24.464+0700] {logging_mixin.py:190} INFO - [2024-11-11T00:33:24.464+0700] {dag.py:4180} INFO - Setting next_dagrun for some_dag to 2024-11-10 17:33:24.346884+00:00, run_after=2024-11-11 17:33:24.346884+00:00
[2024-11-11T00:33:24.477+0700] {processor.py:208} INFO - Processing /home/game/learning/12_DataEnd/airflow/airflow-install/airflow/dags/hello.py took 0.144 seconds
[2024-11-11T00:33:54.557+0700] {processor.py:186} INFO - Started process (PID=105521) to work on /home/game/learning/12_DataEnd/airflow/airflow-install/airflow/dags/hello.py
[2024-11-11T00:33:54.563+0700] {processor.py:914} INFO - Processing file /home/game/learning/12_DataEnd/airflow/airflow-install/airflow/dags/hello.py for tasks to queue
[2024-11-11T00:33:54.564+0700] {logging_mixin.py:190} INFO - [2024-11-11T00:33:54.564+0700] {dagbag.py:588} INFO - Filling up the DagBag from /home/game/learning/12_DataEnd/airflow/airflow-install/airflow/dags/hello.py
[2024-11-11T00:33:54.569+0700] {processor.py:925} INFO - DAG(s) 'some_dag' retrieved from /home/game/learning/12_DataEnd/airflow/airflow-install/airflow/dags/hello.py
[2024-11-11T00:33:54.676+0700] {logging_mixin.py:190} INFO - [2024-11-11T00:33:54.676+0700] {dag.py:3239} INFO - Sync 1 DAGs
[2024-11-11T00:33:54.683+0700] {logging_mixin.py:190} INFO - [2024-11-11T00:33:54.683+0700] {dag.py:4180} INFO - Setting next_dagrun for some_dag to 2024-11-10 17:33:54.565920+00:00, run_after=2024-11-11 17:33:54.565920+00:00
[2024-11-11T00:33:54.696+0700] {processor.py:208} INFO - Processing /home/game/learning/12_DataEnd/airflow/airflow-install/airflow/dags/hello.py took 0.141 seconds
[2024-11-11T00:34:24.791+0700] {processor.py:186} INFO - Started process (PID=106152) to work on /home/game/learning/12_DataEnd/airflow/airflow-install/airflow/dags/hello.py
[2024-11-11T00:34:24.794+0700] {processor.py:914} INFO - Processing file /home/game/learning/12_DataEnd/airflow/airflow-install/airflow/dags/hello.py for tasks to queue
[2024-11-11T00:34:24.796+0700] {logging_mixin.py:190} INFO - [2024-11-11T00:34:24.796+0700] {dagbag.py:588} INFO - Filling up the DagBag from /home/game/learning/12_DataEnd/airflow/airflow-install/airflow/dags/hello.py
[2024-11-11T00:34:24.801+0700] {processor.py:925} INFO - DAG(s) 'some_dag' retrieved from /home/game/learning/12_DataEnd/airflow/airflow-install/airflow/dags/hello.py
[2024-11-11T00:34:24.909+0700] {logging_mixin.py:190} INFO - [2024-11-11T00:34:24.909+0700] {dag.py:3239} INFO - Sync 1 DAGs
[2024-11-11T00:34:24.917+0700] {logging_mixin.py:190} INFO - [2024-11-11T00:34:24.917+0700] {dag.py:4180} INFO - Setting next_dagrun for some_dag to 2024-11-10 17:34:24.797352+00:00, run_after=2024-11-11 17:34:24.797352+00:00
[2024-11-11T00:34:24.931+0700] {processor.py:208} INFO - Processing /home/game/learning/12_DataEnd/airflow/airflow-install/airflow/dags/hello.py took 0.144 seconds
[2024-11-11T00:34:55.045+0700] {processor.py:186} INFO - Started process (PID=106785) to work on /home/game/learning/12_DataEnd/airflow/airflow-install/airflow/dags/hello.py
[2024-11-11T00:34:55.048+0700] {processor.py:914} INFO - Processing file /home/game/learning/12_DataEnd/airflow/airflow-install/airflow/dags/hello.py for tasks to queue
[2024-11-11T00:34:55.049+0700] {logging_mixin.py:190} INFO - [2024-11-11T00:34:55.049+0700] {dagbag.py:588} INFO - Filling up the DagBag from /home/game/learning/12_DataEnd/airflow/airflow-install/airflow/dags/hello.py
[2024-11-11T00:34:55.055+0700] {processor.py:925} INFO - DAG(s) 'some_dag' retrieved from /home/game/learning/12_DataEnd/airflow/airflow-install/airflow/dags/hello.py
[2024-11-11T00:34:55.164+0700] {logging_mixin.py:190} INFO - [2024-11-11T00:34:55.164+0700] {dag.py:3239} INFO - Sync 1 DAGs
[2024-11-11T00:34:55.172+0700] {logging_mixin.py:190} INFO - [2024-11-11T00:34:55.172+0700] {dag.py:4180} INFO - Setting next_dagrun for some_dag to 2024-11-10 17:34:55.051323+00:00, run_after=2024-11-11 17:34:55.051323+00:00
[2024-11-11T00:34:55.185+0700] {processor.py:208} INFO - Processing /home/game/learning/12_DataEnd/airflow/airflow-install/airflow/dags/hello.py took 0.146 seconds
[2024-11-11T00:35:25.262+0700] {processor.py:186} INFO - Started process (PID=107418) to work on /home/game/learning/12_DataEnd/airflow/airflow-install/airflow/dags/hello.py
[2024-11-11T00:35:25.265+0700] {processor.py:914} INFO - Processing file /home/game/learning/12_DataEnd/airflow/airflow-install/airflow/dags/hello.py for tasks to queue
[2024-11-11T00:35:25.266+0700] {logging_mixin.py:190} INFO - [2024-11-11T00:35:25.266+0700] {dagbag.py:588} INFO - Filling up the DagBag from /home/game/learning/12_DataEnd/airflow/airflow-install/airflow/dags/hello.py
[2024-11-11T00:35:25.271+0700] {processor.py:925} INFO - DAG(s) 'some_dag' retrieved from /home/game/learning/12_DataEnd/airflow/airflow-install/airflow/dags/hello.py
[2024-11-11T00:35:25.401+0700] {logging_mixin.py:190} INFO - [2024-11-11T00:35:25.401+0700] {dag.py:3239} INFO - Sync 1 DAGs
[2024-11-11T00:35:25.411+0700] {logging_mixin.py:190} INFO - [2024-11-11T00:35:25.411+0700] {dag.py:4180} INFO - Setting next_dagrun for some_dag to 2024-11-10 17:35:25.267695+00:00, run_after=2024-11-11 17:35:25.267695+00:00
[2024-11-11T00:35:25.425+0700] {processor.py:208} INFO - Processing /home/game/learning/12_DataEnd/airflow/airflow-install/airflow/dags/hello.py took 0.167 seconds
[2024-11-11T00:35:55.486+0700] {processor.py:186} INFO - Started process (PID=108053) to work on /home/game/learning/12_DataEnd/airflow/airflow-install/airflow/dags/hello.py
[2024-11-11T00:35:55.489+0700] {processor.py:914} INFO - Processing file /home/game/learning/12_DataEnd/airflow/airflow-install/airflow/dags/hello.py for tasks to queue
[2024-11-11T00:35:55.490+0700] {logging_mixin.py:190} INFO - [2024-11-11T00:35:55.490+0700] {dagbag.py:588} INFO - Filling up the DagBag from /home/game/learning/12_DataEnd/airflow/airflow-install/airflow/dags/hello.py
[2024-11-11T00:35:55.495+0700] {processor.py:925} INFO - DAG(s) 'some_dag' retrieved from /home/game/learning/12_DataEnd/airflow/airflow-install/airflow/dags/hello.py
[2024-11-11T00:35:55.622+0700] {logging_mixin.py:190} INFO - [2024-11-11T00:35:55.622+0700] {dag.py:3239} INFO - Sync 1 DAGs
[2024-11-11T00:35:55.630+0700] {logging_mixin.py:190} INFO - [2024-11-11T00:35:55.630+0700] {dag.py:4180} INFO - Setting next_dagrun for some_dag to 2024-11-10 17:35:55.491912+00:00, run_after=2024-11-11 17:35:55.491912+00:00
[2024-11-11T00:35:55.643+0700] {processor.py:208} INFO - Processing /home/game/learning/12_DataEnd/airflow/airflow-install/airflow/dags/hello.py took 0.160 seconds
[2024-11-11T00:36:26.703+0700] {processor.py:186} INFO - Started process (PID=108746) to work on /home/game/learning/12_DataEnd/airflow/airflow-install/airflow/dags/hello.py
[2024-11-11T00:36:26.706+0700] {processor.py:914} INFO - Processing file /home/game/learning/12_DataEnd/airflow/airflow-install/airflow/dags/hello.py for tasks to queue
[2024-11-11T00:36:26.708+0700] {logging_mixin.py:190} INFO - [2024-11-11T00:36:26.708+0700] {dagbag.py:588} INFO - Filling up the DagBag from /home/game/learning/12_DataEnd/airflow/airflow-install/airflow/dags/hello.py
[2024-11-11T00:36:26.717+0700] {processor.py:925} INFO - DAG(s) 'some_dag' retrieved from /home/game/learning/12_DataEnd/airflow/airflow-install/airflow/dags/hello.py
[2024-11-11T00:36:26.862+0700] {logging_mixin.py:190} INFO - [2024-11-11T00:36:26.862+0700] {dag.py:3239} INFO - Sync 1 DAGs
[2024-11-11T00:36:26.870+0700] {logging_mixin.py:190} INFO - [2024-11-11T00:36:26.870+0700] {dag.py:4180} INFO - Setting next_dagrun for some_dag to 2024-11-10 17:36:26.710760+00:00, run_after=2024-11-11 17:36:26.710760+00:00
[2024-11-11T00:36:26.883+0700] {processor.py:208} INFO - Processing /home/game/learning/12_DataEnd/airflow/airflow-install/airflow/dags/hello.py took 0.186 seconds
[2024-11-11T00:36:56.992+0700] {processor.py:186} INFO - Started process (PID=109389) to work on /home/game/learning/12_DataEnd/airflow/airflow-install/airflow/dags/hello.py
[2024-11-11T00:36:56.996+0700] {processor.py:914} INFO - Processing file /home/game/learning/12_DataEnd/airflow/airflow-install/airflow/dags/hello.py for tasks to queue
[2024-11-11T00:36:56.998+0700] {logging_mixin.py:190} INFO - [2024-11-11T00:36:56.997+0700] {dagbag.py:588} INFO - Filling up the DagBag from /home/game/learning/12_DataEnd/airflow/airflow-install/airflow/dags/hello.py
[2024-11-11T00:36:57.003+0700] {processor.py:925} INFO - DAG(s) 'some_dag' retrieved from /home/game/learning/12_DataEnd/airflow/airflow-install/airflow/dags/hello.py
[2024-11-11T00:36:57.117+0700] {logging_mixin.py:190} INFO - [2024-11-11T00:36:57.117+0700] {dag.py:3239} INFO - Sync 1 DAGs
[2024-11-11T00:36:57.125+0700] {logging_mixin.py:190} INFO - [2024-11-11T00:36:57.125+0700] {dag.py:4180} INFO - Setting next_dagrun for some_dag to 2024-11-10 17:36:56.999871+00:00, run_after=2024-11-11 17:36:56.999871+00:00
[2024-11-11T00:36:57.138+0700] {processor.py:208} INFO - Processing /home/game/learning/12_DataEnd/airflow/airflow-install/airflow/dags/hello.py took 0.152 seconds
[2024-11-11T00:37:27.269+0700] {processor.py:186} INFO - Started process (PID=109992) to work on /home/game/learning/12_DataEnd/airflow/airflow-install/airflow/dags/hello.py
[2024-11-11T00:37:27.272+0700] {processor.py:914} INFO - Processing file /home/game/learning/12_DataEnd/airflow/airflow-install/airflow/dags/hello.py for tasks to queue
[2024-11-11T00:37:27.345+0700] {logging_mixin.py:190} INFO - [2024-11-11T00:37:27.345+0700] {dagbag.py:588} INFO - Filling up the DagBag from /home/game/learning/12_DataEnd/airflow/airflow-install/airflow/dags/hello.py
[2024-11-11T00:37:27.348+0700] {processor.py:925} INFO - DAG(s) 'some_dag' retrieved from /home/game/learning/12_DataEnd/airflow/airflow-install/airflow/dags/hello.py
[2024-11-11T00:37:27.398+0700] {logging_mixin.py:190} INFO - [2024-11-11T00:37:27.398+0700] {dag.py:3239} INFO - Sync 1 DAGs
[2024-11-11T00:37:27.407+0700] {logging_mixin.py:190} INFO - [2024-11-11T00:37:27.407+0700] {dag.py:4180} INFO - Setting next_dagrun for some_dag to 2024-11-10 17:37:27.346577+00:00, run_after=2024-11-11 17:37:27.346577+00:00
[2024-11-11T00:37:27.422+0700] {processor.py:208} INFO - Processing /home/game/learning/12_DataEnd/airflow/airflow-install/airflow/dags/hello.py took 0.158 seconds
[2024-11-11T00:37:57.532+0700] {processor.py:186} INFO - Started process (PID=110628) to work on /home/game/learning/12_DataEnd/airflow/airflow-install/airflow/dags/hello.py
[2024-11-11T00:37:57.535+0700] {processor.py:914} INFO - Processing file /home/game/learning/12_DataEnd/airflow/airflow-install/airflow/dags/hello.py for tasks to queue
[2024-11-11T00:37:57.536+0700] {logging_mixin.py:190} INFO - [2024-11-11T00:37:57.536+0700] {dagbag.py:588} INFO - Filling up the DagBag from /home/game/learning/12_DataEnd/airflow/airflow-install/airflow/dags/hello.py
[2024-11-11T00:37:57.541+0700] {processor.py:925} INFO - DAG(s) 'some_dag' retrieved from /home/game/learning/12_DataEnd/airflow/airflow-install/airflow/dags/hello.py
[2024-11-11T00:37:57.591+0700] {logging_mixin.py:190} INFO - [2024-11-11T00:37:57.591+0700] {dag.py:3239} INFO - Sync 1 DAGs
[2024-11-11T00:37:57.600+0700] {logging_mixin.py:190} INFO - [2024-11-11T00:37:57.600+0700] {dag.py:4180} INFO - Setting next_dagrun for some_dag to 2024-11-10 17:37:57.537694+00:00, run_after=2024-11-11 17:37:57.537694+00:00
[2024-11-11T00:37:57.612+0700] {processor.py:208} INFO - Processing /home/game/learning/12_DataEnd/airflow/airflow-install/airflow/dags/hello.py took 0.085 seconds
[2024-11-11T00:38:27.757+0700] {processor.py:186} INFO - Started process (PID=111273) to work on /home/game/learning/12_DataEnd/airflow/airflow-install/airflow/dags/hello.py
[2024-11-11T00:38:27.760+0700] {processor.py:914} INFO - Processing file /home/game/learning/12_DataEnd/airflow/airflow-install/airflow/dags/hello.py for tasks to queue
[2024-11-11T00:38:27.762+0700] {logging_mixin.py:190} INFO - [2024-11-11T00:38:27.761+0700] {dagbag.py:588} INFO - Filling up the DagBag from /home/game/learning/12_DataEnd/airflow/airflow-install/airflow/dags/hello.py
[2024-11-11T00:38:27.769+0700] {processor.py:925} INFO - DAG(s) 'some_dag' retrieved from /home/game/learning/12_DataEnd/airflow/airflow-install/airflow/dags/hello.py
[2024-11-11T00:38:27.824+0700] {logging_mixin.py:190} INFO - [2024-11-11T00:38:27.824+0700] {dag.py:3239} INFO - Sync 1 DAGs
[2024-11-11T00:38:27.835+0700] {logging_mixin.py:190} INFO - [2024-11-11T00:38:27.834+0700] {dag.py:4180} INFO - Setting next_dagrun for some_dag to 2024-11-10 17:38:27.763884+00:00, run_after=2024-11-11 17:38:27.763884+00:00
[2024-11-11T00:38:27.849+0700] {processor.py:208} INFO - Processing /home/game/learning/12_DataEnd/airflow/airflow-install/airflow/dags/hello.py took 0.096 seconds
[2024-11-11T00:38:58.002+0700] {processor.py:186} INFO - Started process (PID=111862) to work on /home/game/learning/12_DataEnd/airflow/airflow-install/airflow/dags/hello.py
[2024-11-11T00:38:58.005+0700] {processor.py:914} INFO - Processing file /home/game/learning/12_DataEnd/airflow/airflow-install/airflow/dags/hello.py for tasks to queue
[2024-11-11T00:38:58.006+0700] {logging_mixin.py:190} INFO - [2024-11-11T00:38:58.006+0700] {dagbag.py:588} INFO - Filling up the DagBag from /home/game/learning/12_DataEnd/airflow/airflow-install/airflow/dags/hello.py
[2024-11-11T00:38:58.011+0700] {processor.py:925} INFO - DAG(s) 'some_dag' retrieved from /home/game/learning/12_DataEnd/airflow/airflow-install/airflow/dags/hello.py
[2024-11-11T00:38:58.062+0700] {logging_mixin.py:190} INFO - [2024-11-11T00:38:58.062+0700] {dag.py:3239} INFO - Sync 1 DAGs
[2024-11-11T00:38:58.072+0700] {logging_mixin.py:190} INFO - [2024-11-11T00:38:58.071+0700] {dag.py:4180} INFO - Setting next_dagrun for some_dag to 2024-11-10 17:38:58.007882+00:00, run_after=2024-11-11 17:38:58.007882+00:00
[2024-11-11T00:38:58.083+0700] {processor.py:208} INFO - Processing /home/game/learning/12_DataEnd/airflow/airflow-install/airflow/dags/hello.py took 0.083 seconds
[2024-11-11T00:39:28.228+0700] {processor.py:186} INFO - Started process (PID=112519) to work on /home/game/learning/12_DataEnd/airflow/airflow-install/airflow/dags/hello.py
[2024-11-11T00:39:28.231+0700] {processor.py:914} INFO - Processing file /home/game/learning/12_DataEnd/airflow/airflow-install/airflow/dags/hello.py for tasks to queue
[2024-11-11T00:39:28.233+0700] {logging_mixin.py:190} INFO - [2024-11-11T00:39:28.232+0700] {dagbag.py:588} INFO - Filling up the DagBag from /home/game/learning/12_DataEnd/airflow/airflow-install/airflow/dags/hello.py
[2024-11-11T00:39:28.239+0700] {processor.py:925} INFO - DAG(s) 'some_dag' retrieved from /home/game/learning/12_DataEnd/airflow/airflow-install/airflow/dags/hello.py
[2024-11-11T00:39:28.293+0700] {logging_mixin.py:190} INFO - [2024-11-11T00:39:28.293+0700] {dag.py:3239} INFO - Sync 1 DAGs
[2024-11-11T00:39:28.305+0700] {logging_mixin.py:190} INFO - [2024-11-11T00:39:28.305+0700] {dag.py:4180} INFO - Setting next_dagrun for some_dag to 2024-11-10 17:39:28.235060+00:00, run_after=2024-11-11 17:39:28.235060+00:00
[2024-11-11T00:39:28.318+0700] {processor.py:208} INFO - Processing /home/game/learning/12_DataEnd/airflow/airflow-install/airflow/dags/hello.py took 0.094 seconds
[2024-11-11T00:39:58.460+0700] {processor.py:186} INFO - Started process (PID=113156) to work on /home/game/learning/12_DataEnd/airflow/airflow-install/airflow/dags/hello.py
[2024-11-11T00:39:58.463+0700] {processor.py:914} INFO - Processing file /home/game/learning/12_DataEnd/airflow/airflow-install/airflow/dags/hello.py for tasks to queue
[2024-11-11T00:39:58.465+0700] {logging_mixin.py:190} INFO - [2024-11-11T00:39:58.465+0700] {dagbag.py:588} INFO - Filling up the DagBag from /home/game/learning/12_DataEnd/airflow/airflow-install/airflow/dags/hello.py
[2024-11-11T00:39:58.473+0700] {processor.py:925} INFO - DAG(s) 'some_dag' retrieved from /home/game/learning/12_DataEnd/airflow/airflow-install/airflow/dags/hello.py
[2024-11-11T00:39:58.525+0700] {logging_mixin.py:190} INFO - [2024-11-11T00:39:58.525+0700] {dag.py:3239} INFO - Sync 1 DAGs
[2024-11-11T00:39:58.537+0700] {logging_mixin.py:190} INFO - [2024-11-11T00:39:58.536+0700] {dag.py:4180} INFO - Setting next_dagrun for some_dag to 2024-11-10 17:39:58.467360+00:00, run_after=2024-11-11 17:39:58.467360+00:00
[2024-11-11T00:39:58.554+0700] {processor.py:208} INFO - Processing /home/game/learning/12_DataEnd/airflow/airflow-install/airflow/dags/hello.py took 0.098 seconds
[2024-11-11T00:40:28.678+0700] {processor.py:186} INFO - Started process (PID=113875) to work on /home/game/learning/12_DataEnd/airflow/airflow-install/airflow/dags/hello.py
[2024-11-11T00:40:28.680+0700] {processor.py:914} INFO - Processing file /home/game/learning/12_DataEnd/airflow/airflow-install/airflow/dags/hello.py for tasks to queue
[2024-11-11T00:40:28.681+0700] {logging_mixin.py:190} INFO - [2024-11-11T00:40:28.681+0700] {dagbag.py:588} INFO - Filling up the DagBag from /home/game/learning/12_DataEnd/airflow/airflow-install/airflow/dags/hello.py
[2024-11-11T00:40:28.687+0700] {processor.py:925} INFO - DAG(s) 'some_dag' retrieved from /home/game/learning/12_DataEnd/airflow/airflow-install/airflow/dags/hello.py
[2024-11-11T00:40:28.744+0700] {logging_mixin.py:190} INFO - [2024-11-11T00:40:28.744+0700] {dag.py:3239} INFO - Sync 1 DAGs
[2024-11-11T00:40:28.753+0700] {logging_mixin.py:190} INFO - [2024-11-11T00:40:28.753+0700] {dag.py:4180} INFO - Setting next_dagrun for some_dag to 2024-11-10 17:40:28.683279+00:00, run_after=2024-11-11 17:40:28.683279+00:00
[2024-11-11T00:40:28.767+0700] {processor.py:208} INFO - Processing /home/game/learning/12_DataEnd/airflow/airflow-install/airflow/dags/hello.py took 0.092 seconds
[2024-11-11T00:40:58.966+0700] {processor.py:186} INFO - Started process (PID=114536) to work on /home/game/learning/12_DataEnd/airflow/airflow-install/airflow/dags/hello.py
[2024-11-11T00:40:58.967+0700] {processor.py:914} INFO - Processing file /home/game/learning/12_DataEnd/airflow/airflow-install/airflow/dags/hello.py for tasks to queue
[2024-11-11T00:40:58.971+0700] {logging_mixin.py:190} INFO - [2024-11-11T00:40:58.971+0700] {dagbag.py:588} INFO - Filling up the DagBag from /home/game/learning/12_DataEnd/airflow/airflow-install/airflow/dags/hello.py
[2024-11-11T00:40:58.983+0700] {processor.py:925} INFO - DAG(s) 'some_dag' retrieved from /home/game/learning/12_DataEnd/airflow/airflow-install/airflow/dags/hello.py
[2024-11-11T00:40:59.046+0700] {logging_mixin.py:190} INFO - [2024-11-11T00:40:59.046+0700] {dag.py:3239} INFO - Sync 1 DAGs
[2024-11-11T00:40:59.055+0700] {logging_mixin.py:190} INFO - [2024-11-11T00:40:59.055+0700] {dag.py:4180} INFO - Setting next_dagrun for some_dag to 2024-11-10 17:40:58.975668+00:00, run_after=2024-11-11 17:40:58.975668+00:00
[2024-11-11T00:40:59.067+0700] {processor.py:208} INFO - Processing /home/game/learning/12_DataEnd/airflow/airflow-install/airflow/dags/hello.py took 0.107 seconds
[2024-11-11T00:41:29.224+0700] {processor.py:186} INFO - Started process (PID=115175) to work on /home/game/learning/12_DataEnd/airflow/airflow-install/airflow/dags/hello.py
[2024-11-11T00:41:29.230+0700] {processor.py:914} INFO - Processing file /home/game/learning/12_DataEnd/airflow/airflow-install/airflow/dags/hello.py for tasks to queue
[2024-11-11T00:41:29.231+0700] {logging_mixin.py:190} INFO - [2024-11-11T00:41:29.231+0700] {dagbag.py:588} INFO - Filling up the DagBag from /home/game/learning/12_DataEnd/airflow/airflow-install/airflow/dags/hello.py
[2024-11-11T00:41:29.236+0700] {processor.py:925} INFO - DAG(s) 'some_dag' retrieved from /home/game/learning/12_DataEnd/airflow/airflow-install/airflow/dags/hello.py
[2024-11-11T00:41:29.301+0700] {logging_mixin.py:190} INFO - [2024-11-11T00:41:29.301+0700] {dag.py:3239} INFO - Sync 1 DAGs
[2024-11-11T00:41:29.311+0700] {logging_mixin.py:190} INFO - [2024-11-11T00:41:29.311+0700] {dag.py:4180} INFO - Setting next_dagrun for some_dag to 2024-11-10 17:41:29.232702+00:00, run_after=2024-11-11 17:41:29.232702+00:00
[2024-11-11T00:41:29.327+0700] {processor.py:208} INFO - Processing /home/game/learning/12_DataEnd/airflow/airflow-install/airflow/dags/hello.py took 0.107 seconds
[2024-11-11T00:41:59.461+0700] {processor.py:186} INFO - Started process (PID=115806) to work on /home/game/learning/12_DataEnd/airflow/airflow-install/airflow/dags/hello.py
[2024-11-11T00:41:59.467+0700] {processor.py:914} INFO - Processing file /home/game/learning/12_DataEnd/airflow/airflow-install/airflow/dags/hello.py for tasks to queue
[2024-11-11T00:41:59.469+0700] {logging_mixin.py:190} INFO - [2024-11-11T00:41:59.468+0700] {dagbag.py:588} INFO - Filling up the DagBag from /home/game/learning/12_DataEnd/airflow/airflow-install/airflow/dags/hello.py
[2024-11-11T00:41:59.474+0700] {processor.py:925} INFO - DAG(s) 'some_dag' retrieved from /home/game/learning/12_DataEnd/airflow/airflow-install/airflow/dags/hello.py
[2024-11-11T00:41:59.537+0700] {logging_mixin.py:190} INFO - [2024-11-11T00:41:59.537+0700] {dag.py:3239} INFO - Sync 1 DAGs
[2024-11-11T00:41:59.549+0700] {logging_mixin.py:190} INFO - [2024-11-11T00:41:59.549+0700] {dag.py:4180} INFO - Setting next_dagrun for some_dag to 2024-11-10 17:41:59.470224+00:00, run_after=2024-11-11 17:41:59.470224+00:00
[2024-11-11T00:41:59.566+0700] {processor.py:208} INFO - Processing /home/game/learning/12_DataEnd/airflow/airflow-install/airflow/dags/hello.py took 0.111 seconds
[2024-11-11T00:42:29.702+0700] {processor.py:186} INFO - Started process (PID=116480) to work on /home/game/learning/12_DataEnd/airflow/airflow-install/airflow/dags/hello.py
[2024-11-11T00:42:29.708+0700] {processor.py:914} INFO - Processing file /home/game/learning/12_DataEnd/airflow/airflow-install/airflow/dags/hello.py for tasks to queue
[2024-11-11T00:42:29.711+0700] {logging_mixin.py:190} INFO - [2024-11-11T00:42:29.710+0700] {dagbag.py:588} INFO - Filling up the DagBag from /home/game/learning/12_DataEnd/airflow/airflow-install/airflow/dags/hello.py
[2024-11-11T00:42:29.718+0700] {processor.py:925} INFO - DAG(s) 'some_dag' retrieved from /home/game/learning/12_DataEnd/airflow/airflow-install/airflow/dags/hello.py
[2024-11-11T00:42:29.764+0700] {logging_mixin.py:190} INFO - [2024-11-11T00:42:29.764+0700] {dag.py:3239} INFO - Sync 1 DAGs
[2024-11-11T00:42:29.773+0700] {logging_mixin.py:190} INFO - [2024-11-11T00:42:29.773+0700] {dag.py:4180} INFO - Setting next_dagrun for some_dag to 2024-11-10 17:42:29.713559+00:00, run_after=2024-11-11 17:42:29.713559+00:00
[2024-11-11T00:42:29.784+0700] {processor.py:208} INFO - Processing /home/game/learning/12_DataEnd/airflow/airflow-install/airflow/dags/hello.py took 0.088 seconds
[2024-11-11T00:42:59.919+0700] {processor.py:186} INFO - Started process (PID=117133) to work on /home/game/learning/12_DataEnd/airflow/airflow-install/airflow/dags/hello.py
[2024-11-11T00:42:59.924+0700] {processor.py:914} INFO - Processing file /home/game/learning/12_DataEnd/airflow/airflow-install/airflow/dags/hello.py for tasks to queue
[2024-11-11T00:42:59.926+0700] {logging_mixin.py:190} INFO - [2024-11-11T00:42:59.926+0700] {dagbag.py:588} INFO - Filling up the DagBag from /home/game/learning/12_DataEnd/airflow/airflow-install/airflow/dags/hello.py
[2024-11-11T00:42:59.934+0700] {processor.py:925} INFO - DAG(s) 'some_dag' retrieved from /home/game/learning/12_DataEnd/airflow/airflow-install/airflow/dags/hello.py
[2024-11-11T00:42:59.987+0700] {logging_mixin.py:190} INFO - [2024-11-11T00:42:59.987+0700] {dag.py:3239} INFO - Sync 1 DAGs
[2024-11-11T00:42:59.996+0700] {logging_mixin.py:190} INFO - [2024-11-11T00:42:59.995+0700] {dag.py:4180} INFO - Setting next_dagrun for some_dag to 2024-11-10 17:42:59.928187+00:00, run_after=2024-11-11 17:42:59.928187+00:00
[2024-11-11T00:43:00.011+0700] {processor.py:208} INFO - Processing /home/game/learning/12_DataEnd/airflow/airflow-install/airflow/dags/hello.py took 0.099 seconds
