[2024-11-11T00:21:36.264+0700] {processor.py:186} INFO - Started process (PID=84082) to work on /home/game/learning/12_DataEnd/airflow/airflow-install/airflow/dags/hello3.py
[2024-11-11T00:21:36.265+0700] {processor.py:914} INFO - Processing file /home/game/learning/12_DataEnd/airflow/airflow-install/airflow/dags/hello3.py for tasks to queue
[2024-11-11T00:21:36.267+0700] {logging_mixin.py:190} INFO - [2024-11-11T00:21:36.266+0700] {dagbag.py:588} INFO - Filling up the DagBag from /home/game/learning/12_DataEnd/airflow/airflow-install/airflow/dags/hello3.py
[2024-11-11T00:21:36.274+0700] {processor.py:925} INFO - DAG(s) 'hello_world_dag' retrieved from /home/game/learning/12_DataEnd/airflow/airflow-install/airflow/dags/hello3.py
[2024-11-11T00:21:36.322+0700] {logging_mixin.py:190} INFO - [2024-11-11T00:21:36.322+0700] {dag.py:3239} INFO - Sync 1 DAGs
[2024-11-11T00:21:36.332+0700] {logging_mixin.py:190} INFO - [2024-11-11T00:21:36.332+0700] {dag.py:4180} INFO - Setting next_dagrun for hello_world_dag to 2023-05-06 00:00:00+00:00, run_after=2023-05-07 00:00:00+00:00
[2024-11-11T00:21:36.346+0700] {processor.py:208} INFO - Processing /home/game/learning/12_DataEnd/airflow/airflow-install/airflow/dags/hello3.py took 0.086 seconds
[2024-11-11T00:22:07.250+0700] {processor.py:186} INFO - Started process (PID=86046) to work on /home/game/learning/12_DataEnd/airflow/airflow-install/airflow/dags/hello3.py
[2024-11-11T00:22:07.253+0700] {processor.py:914} INFO - Processing file /home/game/learning/12_DataEnd/airflow/airflow-install/airflow/dags/hello3.py for tasks to queue
[2024-11-11T00:22:07.254+0700] {logging_mixin.py:190} INFO - [2024-11-11T00:22:07.254+0700] {dagbag.py:588} INFO - Filling up the DagBag from /home/game/learning/12_DataEnd/airflow/airflow-install/airflow/dags/hello3.py
[2024-11-11T00:22:07.258+0700] {processor.py:925} INFO - DAG(s) 'hello_world_dag' retrieved from /home/game/learning/12_DataEnd/airflow/airflow-install/airflow/dags/hello3.py
[2024-11-11T00:22:07.269+0700] {logging_mixin.py:190} INFO - [2024-11-11T00:22:07.269+0700] {dag.py:3239} INFO - Sync 1 DAGs
[2024-11-11T00:22:07.281+0700] {logging_mixin.py:190} INFO - [2024-11-11T00:22:07.281+0700] {dag.py:4180} INFO - Setting next_dagrun for hello_world_dag to 2023-05-26 00:00:00+00:00, run_after=2023-05-27 00:00:00+00:00
[2024-11-11T00:22:07.294+0700] {processor.py:208} INFO - Processing /home/game/learning/12_DataEnd/airflow/airflow-install/airflow/dags/hello3.py took 0.046 seconds
[2024-11-11T00:22:38.116+0700] {processor.py:186} INFO - Started process (PID=87976) to work on /home/game/learning/12_DataEnd/airflow/airflow-install/airflow/dags/hello3.py
[2024-11-11T00:22:38.119+0700] {processor.py:914} INFO - Processing file /home/game/learning/12_DataEnd/airflow/airflow-install/airflow/dags/hello3.py for tasks to queue
[2024-11-11T00:22:38.120+0700] {logging_mixin.py:190} INFO - [2024-11-11T00:22:38.120+0700] {dagbag.py:588} INFO - Filling up the DagBag from /home/game/learning/12_DataEnd/airflow/airflow-install/airflow/dags/hello3.py
[2024-11-11T00:22:38.124+0700] {processor.py:925} INFO - DAG(s) 'hello_world_dag' retrieved from /home/game/learning/12_DataEnd/airflow/airflow-install/airflow/dags/hello3.py
[2024-11-11T00:22:38.128+0700] {logging_mixin.py:190} INFO - [2024-11-11T00:22:38.128+0700] {dag.py:3239} INFO - Sync 1 DAGs
[2024-11-11T00:22:38.138+0700] {logging_mixin.py:190} INFO - [2024-11-11T00:22:38.138+0700] {dag.py:4180} INFO - Setting next_dagrun for hello_world_dag to 2023-06-15 00:00:00+00:00, run_after=2023-06-16 00:00:00+00:00
[2024-11-11T00:22:38.151+0700] {processor.py:208} INFO - Processing /home/game/learning/12_DataEnd/airflow/airflow-install/airflow/dags/hello3.py took 0.037 seconds
[2024-11-11T00:23:08.266+0700] {processor.py:186} INFO - Started process (PID=90090) to work on /home/game/learning/12_DataEnd/airflow/airflow-install/airflow/dags/hello3.py
[2024-11-11T00:23:08.266+0700] {processor.py:914} INFO - Processing file /home/game/learning/12_DataEnd/airflow/airflow-install/airflow/dags/hello3.py for tasks to queue
[2024-11-11T00:23:08.268+0700] {logging_mixin.py:190} INFO - [2024-11-11T00:23:08.267+0700] {dagbag.py:588} INFO - Filling up the DagBag from /home/game/learning/12_DataEnd/airflow/airflow-install/airflow/dags/hello3.py
[2024-11-11T00:23:08.272+0700] {processor.py:925} INFO - DAG(s) 'hello_world_dag' retrieved from /home/game/learning/12_DataEnd/airflow/airflow-install/airflow/dags/hello3.py
[2024-11-11T00:23:08.320+0700] {logging_mixin.py:190} INFO - [2024-11-11T00:23:08.320+0700] {dag.py:3239} INFO - Sync 1 DAGs
[2024-11-11T00:23:08.328+0700] {logging_mixin.py:190} INFO - [2024-11-11T00:23:08.328+0700] {dag.py:4180} INFO - Setting next_dagrun for hello_world_dag to 2023-07-04 00:00:00+00:00, run_after=2023-07-05 00:00:00+00:00
[2024-11-11T00:23:08.341+0700] {processor.py:208} INFO - Processing /home/game/learning/12_DataEnd/airflow/airflow-install/airflow/dags/hello3.py took 0.078 seconds
[2024-11-11T00:23:38.676+0700] {processor.py:186} INFO - Started process (PID=92233) to work on /home/game/learning/12_DataEnd/airflow/airflow-install/airflow/dags/hello3.py
[2024-11-11T00:23:38.679+0700] {processor.py:914} INFO - Processing file /home/game/learning/12_DataEnd/airflow/airflow-install/airflow/dags/hello3.py for tasks to queue
[2024-11-11T00:23:38.681+0700] {logging_mixin.py:190} INFO - [2024-11-11T00:23:38.681+0700] {dagbag.py:588} INFO - Filling up the DagBag from /home/game/learning/12_DataEnd/airflow/airflow-install/airflow/dags/hello3.py
[2024-11-11T00:23:38.687+0700] {processor.py:925} INFO - DAG(s) 'hello_world_dag' retrieved from /home/game/learning/12_DataEnd/airflow/airflow-install/airflow/dags/hello3.py
[2024-11-11T00:23:38.697+0700] {logging_mixin.py:190} INFO - [2024-11-11T00:23:38.697+0700] {dag.py:3239} INFO - Sync 1 DAGs
[2024-11-11T00:23:38.708+0700] {logging_mixin.py:190} INFO - [2024-11-11T00:23:38.708+0700] {dag.py:4180} INFO - Setting next_dagrun for hello_world_dag to 2024-11-02 00:00:00+00:00, run_after=2024-11-03 00:00:00+00:00
[2024-11-11T00:23:38.744+0700] {processor.py:208} INFO - Processing /home/game/learning/12_DataEnd/airflow/airflow-install/airflow/dags/hello3.py took 0.071 seconds
[2024-11-11T00:24:09.471+0700] {processor.py:186} INFO - Started process (PID=93460) to work on /home/game/learning/12_DataEnd/airflow/airflow-install/airflow/dags/hello3.py
[2024-11-11T00:24:09.473+0700] {processor.py:914} INFO - Processing file /home/game/learning/12_DataEnd/airflow/airflow-install/airflow/dags/hello3.py for tasks to queue
[2024-11-11T00:24:09.475+0700] {logging_mixin.py:190} INFO - [2024-11-11T00:24:09.474+0700] {dagbag.py:588} INFO - Filling up the DagBag from /home/game/learning/12_DataEnd/airflow/airflow-install/airflow/dags/hello3.py
[2024-11-11T00:24:09.480+0700] {processor.py:925} INFO - DAG(s) 'hello_world_dag' retrieved from /home/game/learning/12_DataEnd/airflow/airflow-install/airflow/dags/hello3.py
[2024-11-11T00:24:09.484+0700] {logging_mixin.py:190} INFO - [2024-11-11T00:24:09.484+0700] {dag.py:3239} INFO - Sync 1 DAGs
[2024-11-11T00:24:09.494+0700] {logging_mixin.py:190} INFO - [2024-11-11T00:24:09.494+0700] {dag.py:4180} INFO - Setting next_dagrun for hello_world_dag to 2024-11-10 00:00:00+00:00, run_after=2024-11-11 00:00:00+00:00
[2024-11-11T00:24:09.506+0700] {processor.py:208} INFO - Processing /home/game/learning/12_DataEnd/airflow/airflow-install/airflow/dags/hello3.py took 0.040 seconds
[2024-11-11T00:24:39.716+0700] {processor.py:186} INFO - Started process (PID=94164) to work on /home/game/learning/12_DataEnd/airflow/airflow-install/airflow/dags/hello3.py
[2024-11-11T00:24:39.717+0700] {processor.py:914} INFO - Processing file /home/game/learning/12_DataEnd/airflow/airflow-install/airflow/dags/hello3.py for tasks to queue
[2024-11-11T00:24:39.719+0700] {logging_mixin.py:190} INFO - [2024-11-11T00:24:39.719+0700] {dagbag.py:588} INFO - Filling up the DagBag from /home/game/learning/12_DataEnd/airflow/airflow-install/airflow/dags/hello3.py
[2024-11-11T00:24:39.726+0700] {processor.py:925} INFO - DAG(s) 'hello_world_dag' retrieved from /home/game/learning/12_DataEnd/airflow/airflow-install/airflow/dags/hello3.py
[2024-11-11T00:24:39.776+0700] {logging_mixin.py:190} INFO - [2024-11-11T00:24:39.775+0700] {dag.py:3239} INFO - Sync 1 DAGs
[2024-11-11T00:24:39.785+0700] {logging_mixin.py:190} INFO - [2024-11-11T00:24:39.785+0700] {dag.py:4180} INFO - Setting next_dagrun for hello_world_dag to 2024-11-10 00:00:00+00:00, run_after=2024-11-11 00:00:00+00:00
[2024-11-11T00:24:39.796+0700] {processor.py:208} INFO - Processing /home/game/learning/12_DataEnd/airflow/airflow-install/airflow/dags/hello3.py took 0.085 seconds
[2024-11-11T00:25:10.017+0700] {processor.py:186} INFO - Started process (PID=94788) to work on /home/game/learning/12_DataEnd/airflow/airflow-install/airflow/dags/hello3.py
[2024-11-11T00:25:10.020+0700] {processor.py:914} INFO - Processing file /home/game/learning/12_DataEnd/airflow/airflow-install/airflow/dags/hello3.py for tasks to queue
[2024-11-11T00:25:10.022+0700] {logging_mixin.py:190} INFO - [2024-11-11T00:25:10.022+0700] {dagbag.py:588} INFO - Filling up the DagBag from /home/game/learning/12_DataEnd/airflow/airflow-install/airflow/dags/hello3.py
[2024-11-11T00:25:10.029+0700] {processor.py:925} INFO - DAG(s) 'hello_world_dag' retrieved from /home/game/learning/12_DataEnd/airflow/airflow-install/airflow/dags/hello3.py
[2024-11-11T00:25:10.040+0700] {logging_mixin.py:190} INFO - [2024-11-11T00:25:10.040+0700] {dag.py:3239} INFO - Sync 1 DAGs
[2024-11-11T00:25:10.050+0700] {logging_mixin.py:190} INFO - [2024-11-11T00:25:10.050+0700] {dag.py:4180} INFO - Setting next_dagrun for hello_world_dag to 2024-11-10 00:00:00+00:00, run_after=2024-11-11 00:00:00+00:00
[2024-11-11T00:25:10.061+0700] {processor.py:208} INFO - Processing /home/game/learning/12_DataEnd/airflow/airflow-install/airflow/dags/hello3.py took 0.048 seconds
[2024-11-11T00:25:40.763+0700] {processor.py:186} INFO - Started process (PID=95401) to work on /home/game/learning/12_DataEnd/airflow/airflow-install/airflow/dags/hello3.py
[2024-11-11T00:25:40.766+0700] {processor.py:914} INFO - Processing file /home/game/learning/12_DataEnd/airflow/airflow-install/airflow/dags/hello3.py for tasks to queue
[2024-11-11T00:25:40.767+0700] {logging_mixin.py:190} INFO - [2024-11-11T00:25:40.767+0700] {dagbag.py:588} INFO - Filling up the DagBag from /home/game/learning/12_DataEnd/airflow/airflow-install/airflow/dags/hello3.py
[2024-11-11T00:25:40.773+0700] {processor.py:925} INFO - DAG(s) 'hello_world_dag' retrieved from /home/game/learning/12_DataEnd/airflow/airflow-install/airflow/dags/hello3.py
[2024-11-11T00:25:40.777+0700] {logging_mixin.py:190} INFO - [2024-11-11T00:25:40.777+0700] {dag.py:3239} INFO - Sync 1 DAGs
[2024-11-11T00:25:40.788+0700] {logging_mixin.py:190} INFO - [2024-11-11T00:25:40.788+0700] {dag.py:4180} INFO - Setting next_dagrun for hello_world_dag to 2024-11-10 00:00:00+00:00, run_after=2024-11-11 00:00:00+00:00
[2024-11-11T00:25:40.800+0700] {processor.py:208} INFO - Processing /home/game/learning/12_DataEnd/airflow/airflow-install/airflow/dags/hello3.py took 0.040 seconds
[2024-11-11T00:26:11.707+0700] {processor.py:186} INFO - Started process (PID=96045) to work on /home/game/learning/12_DataEnd/airflow/airflow-install/airflow/dags/hello3.py
[2024-11-11T00:26:11.710+0700] {processor.py:914} INFO - Processing file /home/game/learning/12_DataEnd/airflow/airflow-install/airflow/dags/hello3.py for tasks to queue
[2024-11-11T00:26:11.711+0700] {logging_mixin.py:190} INFO - [2024-11-11T00:26:11.711+0700] {dagbag.py:588} INFO - Filling up the DagBag from /home/game/learning/12_DataEnd/airflow/airflow-install/airflow/dags/hello3.py
[2024-11-11T00:26:11.718+0700] {processor.py:925} INFO - DAG(s) 'hello_world_dag' retrieved from /home/game/learning/12_DataEnd/airflow/airflow-install/airflow/dags/hello3.py
[2024-11-11T00:26:11.768+0700] {logging_mixin.py:190} INFO - [2024-11-11T00:26:11.768+0700] {dag.py:3239} INFO - Sync 1 DAGs
[2024-11-11T00:26:11.777+0700] {logging_mixin.py:190} INFO - [2024-11-11T00:26:11.777+0700] {dag.py:4180} INFO - Setting next_dagrun for hello_world_dag to 2024-11-10 00:00:00+00:00, run_after=2024-11-11 00:00:00+00:00
[2024-11-11T00:26:11.790+0700] {processor.py:208} INFO - Processing /home/game/learning/12_DataEnd/airflow/airflow-install/airflow/dags/hello3.py took 0.087 seconds
[2024-11-11T00:26:42.038+0700] {processor.py:186} INFO - Started process (PID=96664) to work on /home/game/learning/12_DataEnd/airflow/airflow-install/airflow/dags/hello3.py
[2024-11-11T00:26:42.041+0700] {processor.py:914} INFO - Processing file /home/game/learning/12_DataEnd/airflow/airflow-install/airflow/dags/hello3.py for tasks to queue
[2024-11-11T00:26:42.042+0700] {logging_mixin.py:190} INFO - [2024-11-11T00:26:42.042+0700] {dagbag.py:588} INFO - Filling up the DagBag from /home/game/learning/12_DataEnd/airflow/airflow-install/airflow/dags/hello3.py
[2024-11-11T00:26:42.048+0700] {processor.py:925} INFO - DAG(s) 'hello_world_dag' retrieved from /home/game/learning/12_DataEnd/airflow/airflow-install/airflow/dags/hello3.py
[2024-11-11T00:26:42.058+0700] {logging_mixin.py:190} INFO - [2024-11-11T00:26:42.058+0700] {dag.py:3239} INFO - Sync 1 DAGs
[2024-11-11T00:26:42.068+0700] {logging_mixin.py:190} INFO - [2024-11-11T00:26:42.068+0700] {dag.py:4180} INFO - Setting next_dagrun for hello_world_dag to 2024-11-10 00:00:00+00:00, run_after=2024-11-11 00:00:00+00:00
[2024-11-11T00:26:42.080+0700] {processor.py:208} INFO - Processing /home/game/learning/12_DataEnd/airflow/airflow-install/airflow/dags/hello3.py took 0.046 seconds
[2024-11-11T00:27:12.357+0700] {processor.py:186} INFO - Started process (PID=97290) to work on /home/game/learning/12_DataEnd/airflow/airflow-install/airflow/dags/hello3.py
[2024-11-11T00:27:12.360+0700] {processor.py:914} INFO - Processing file /home/game/learning/12_DataEnd/airflow/airflow-install/airflow/dags/hello3.py for tasks to queue
[2024-11-11T00:27:12.361+0700] {logging_mixin.py:190} INFO - [2024-11-11T00:27:12.361+0700] {dagbag.py:588} INFO - Filling up the DagBag from /home/game/learning/12_DataEnd/airflow/airflow-install/airflow/dags/hello3.py
[2024-11-11T00:27:12.367+0700] {processor.py:925} INFO - DAG(s) 'hello_world_dag' retrieved from /home/game/learning/12_DataEnd/airflow/airflow-install/airflow/dags/hello3.py
[2024-11-11T00:27:12.371+0700] {logging_mixin.py:190} INFO - [2024-11-11T00:27:12.371+0700] {dag.py:3239} INFO - Sync 1 DAGs
[2024-11-11T00:27:12.381+0700] {logging_mixin.py:190} INFO - [2024-11-11T00:27:12.381+0700] {dag.py:4180} INFO - Setting next_dagrun for hello_world_dag to 2024-11-10 00:00:00+00:00, run_after=2024-11-11 00:00:00+00:00
[2024-11-11T00:27:12.394+0700] {processor.py:208} INFO - Processing /home/game/learning/12_DataEnd/airflow/airflow-install/airflow/dags/hello3.py took 0.041 seconds
[2024-11-11T00:27:42.710+0700] {processor.py:186} INFO - Started process (PID=97883) to work on /home/game/learning/12_DataEnd/airflow/airflow-install/airflow/dags/hello3.py
[2024-11-11T00:27:42.713+0700] {processor.py:914} INFO - Processing file /home/game/learning/12_DataEnd/airflow/airflow-install/airflow/dags/hello3.py for tasks to queue
[2024-11-11T00:27:42.715+0700] {logging_mixin.py:190} INFO - [2024-11-11T00:27:42.715+0700] {dagbag.py:588} INFO - Filling up the DagBag from /home/game/learning/12_DataEnd/airflow/airflow-install/airflow/dags/hello3.py
[2024-11-11T00:27:42.722+0700] {processor.py:925} INFO - DAG(s) 'hello_world_dag' retrieved from /home/game/learning/12_DataEnd/airflow/airflow-install/airflow/dags/hello3.py
[2024-11-11T00:27:42.768+0700] {logging_mixin.py:190} INFO - [2024-11-11T00:27:42.768+0700] {dag.py:3239} INFO - Sync 1 DAGs
[2024-11-11T00:27:42.777+0700] {logging_mixin.py:190} INFO - [2024-11-11T00:27:42.777+0700] {dag.py:4180} INFO - Setting next_dagrun for hello_world_dag to 2024-11-10 00:00:00+00:00, run_after=2024-11-11 00:00:00+00:00
[2024-11-11T00:27:42.788+0700] {processor.py:208} INFO - Processing /home/game/learning/12_DataEnd/airflow/airflow-install/airflow/dags/hello3.py took 0.083 seconds
[2024-11-11T00:28:13.057+0700] {processor.py:186} INFO - Started process (PID=98522) to work on /home/game/learning/12_DataEnd/airflow/airflow-install/airflow/dags/hello3.py
[2024-11-11T00:28:13.060+0700] {processor.py:914} INFO - Processing file /home/game/learning/12_DataEnd/airflow/airflow-install/airflow/dags/hello3.py for tasks to queue
[2024-11-11T00:28:13.062+0700] {logging_mixin.py:190} INFO - [2024-11-11T00:28:13.062+0700] {dagbag.py:588} INFO - Filling up the DagBag from /home/game/learning/12_DataEnd/airflow/airflow-install/airflow/dags/hello3.py
[2024-11-11T00:28:13.066+0700] {processor.py:925} INFO - DAG(s) 'hello_world_dag' retrieved from /home/game/learning/12_DataEnd/airflow/airflow-install/airflow/dags/hello3.py
[2024-11-11T00:28:13.077+0700] {logging_mixin.py:190} INFO - [2024-11-11T00:28:13.076+0700] {dag.py:3239} INFO - Sync 1 DAGs
[2024-11-11T00:28:13.086+0700] {logging_mixin.py:190} INFO - [2024-11-11T00:28:13.086+0700] {dag.py:4180} INFO - Setting next_dagrun for hello_world_dag to 2024-11-10 00:00:00+00:00, run_after=2024-11-11 00:00:00+00:00
[2024-11-11T00:28:13.099+0700] {processor.py:208} INFO - Processing /home/game/learning/12_DataEnd/airflow/airflow-install/airflow/dags/hello3.py took 0.045 seconds
[2024-11-11T00:28:43.393+0700] {processor.py:186} INFO - Started process (PID=99145) to work on /home/game/learning/12_DataEnd/airflow/airflow-install/airflow/dags/hello3.py
[2024-11-11T00:28:43.396+0700] {processor.py:914} INFO - Processing file /home/game/learning/12_DataEnd/airflow/airflow-install/airflow/dags/hello3.py for tasks to queue
[2024-11-11T00:28:43.397+0700] {logging_mixin.py:190} INFO - [2024-11-11T00:28:43.397+0700] {dagbag.py:588} INFO - Filling up the DagBag from /home/game/learning/12_DataEnd/airflow/airflow-install/airflow/dags/hello3.py
[2024-11-11T00:28:43.402+0700] {processor.py:925} INFO - DAG(s) 'hello_world_dag' retrieved from /home/game/learning/12_DataEnd/airflow/airflow-install/airflow/dags/hello3.py
[2024-11-11T00:28:43.406+0700] {logging_mixin.py:190} INFO - [2024-11-11T00:28:43.406+0700] {dag.py:3239} INFO - Sync 1 DAGs
[2024-11-11T00:28:43.418+0700] {logging_mixin.py:190} INFO - [2024-11-11T00:28:43.418+0700] {dag.py:4180} INFO - Setting next_dagrun for hello_world_dag to 2024-11-10 00:00:00+00:00, run_after=2024-11-11 00:00:00+00:00
[2024-11-11T00:28:43.431+0700] {processor.py:208} INFO - Processing /home/game/learning/12_DataEnd/airflow/airflow-install/airflow/dags/hello3.py took 0.041 seconds
[2024-11-11T00:29:13.596+0700] {processor.py:186} INFO - Started process (PID=99760) to work on /home/game/learning/12_DataEnd/airflow/airflow-install/airflow/dags/hello3.py
[2024-11-11T00:29:13.598+0700] {processor.py:914} INFO - Processing file /home/game/learning/12_DataEnd/airflow/airflow-install/airflow/dags/hello3.py for tasks to queue
[2024-11-11T00:29:13.600+0700] {logging_mixin.py:190} INFO - [2024-11-11T00:29:13.600+0700] {dagbag.py:588} INFO - Filling up the DagBag from /home/game/learning/12_DataEnd/airflow/airflow-install/airflow/dags/hello3.py
[2024-11-11T00:29:13.609+0700] {processor.py:925} INFO - DAG(s) 'hello_world_dag' retrieved from /home/game/learning/12_DataEnd/airflow/airflow-install/airflow/dags/hello3.py
[2024-11-11T00:29:13.657+0700] {logging_mixin.py:190} INFO - [2024-11-11T00:29:13.657+0700] {dag.py:3239} INFO - Sync 1 DAGs
[2024-11-11T00:29:13.665+0700] {logging_mixin.py:190} INFO - [2024-11-11T00:29:13.665+0700] {dag.py:4180} INFO - Setting next_dagrun for hello_world_dag to 2024-11-10 00:00:00+00:00, run_after=2024-11-11 00:00:00+00:00
[2024-11-11T00:29:13.677+0700] {processor.py:208} INFO - Processing /home/game/learning/12_DataEnd/airflow/airflow-install/airflow/dags/hello3.py took 0.086 seconds
[2024-11-11T00:29:43.776+0700] {processor.py:186} INFO - Started process (PID=100366) to work on /home/game/learning/12_DataEnd/airflow/airflow-install/airflow/dags/hello3.py
[2024-11-11T00:29:43.782+0700] {processor.py:914} INFO - Processing file /home/game/learning/12_DataEnd/airflow/airflow-install/airflow/dags/hello3.py for tasks to queue
[2024-11-11T00:29:43.783+0700] {logging_mixin.py:190} INFO - [2024-11-11T00:29:43.783+0700] {dagbag.py:588} INFO - Filling up the DagBag from /home/game/learning/12_DataEnd/airflow/airflow-install/airflow/dags/hello3.py
[2024-11-11T00:29:43.790+0700] {processor.py:925} INFO - DAG(s) 'hello_world_dag' retrieved from /home/game/learning/12_DataEnd/airflow/airflow-install/airflow/dags/hello3.py
[2024-11-11T00:29:43.804+0700] {logging_mixin.py:190} INFO - [2024-11-11T00:29:43.803+0700] {dag.py:3239} INFO - Sync 1 DAGs
[2024-11-11T00:29:43.815+0700] {logging_mixin.py:190} INFO - [2024-11-11T00:29:43.815+0700] {dag.py:4180} INFO - Setting next_dagrun for hello_world_dag to 2024-11-10 00:00:00+00:00, run_after=2024-11-11 00:00:00+00:00
[2024-11-11T00:29:43.827+0700] {processor.py:208} INFO - Processing /home/game/learning/12_DataEnd/airflow/airflow-install/airflow/dags/hello3.py took 0.055 seconds
[2024-11-11T00:30:13.967+0700] {processor.py:186} INFO - Started process (PID=100971) to work on /home/game/learning/12_DataEnd/airflow/airflow-install/airflow/dags/hello3.py
[2024-11-11T00:30:13.970+0700] {processor.py:914} INFO - Processing file /home/game/learning/12_DataEnd/airflow/airflow-install/airflow/dags/hello3.py for tasks to queue
[2024-11-11T00:30:13.971+0700] {logging_mixin.py:190} INFO - [2024-11-11T00:30:13.971+0700] {dagbag.py:588} INFO - Filling up the DagBag from /home/game/learning/12_DataEnd/airflow/airflow-install/airflow/dags/hello3.py
[2024-11-11T00:30:13.976+0700] {processor.py:925} INFO - DAG(s) 'hello_world_dag' retrieved from /home/game/learning/12_DataEnd/airflow/airflow-install/airflow/dags/hello3.py
[2024-11-11T00:30:13.981+0700] {logging_mixin.py:190} INFO - [2024-11-11T00:30:13.980+0700] {dag.py:3239} INFO - Sync 1 DAGs
[2024-11-11T00:30:13.992+0700] {logging_mixin.py:190} INFO - [2024-11-11T00:30:13.992+0700] {dag.py:4180} INFO - Setting next_dagrun for hello_world_dag to 2024-11-10 00:00:00+00:00, run_after=2024-11-11 00:00:00+00:00
[2024-11-11T00:30:14.005+0700] {processor.py:208} INFO - Processing /home/game/learning/12_DataEnd/airflow/airflow-install/airflow/dags/hello3.py took 0.042 seconds
[2024-11-11T00:30:44.139+0700] {processor.py:186} INFO - Started process (PID=101581) to work on /home/game/learning/12_DataEnd/airflow/airflow-install/airflow/dags/hello3.py
[2024-11-11T00:30:44.140+0700] {processor.py:914} INFO - Processing file /home/game/learning/12_DataEnd/airflow/airflow-install/airflow/dags/hello3.py for tasks to queue
[2024-11-11T00:30:44.141+0700] {logging_mixin.py:190} INFO - [2024-11-11T00:30:44.141+0700] {dagbag.py:588} INFO - Filling up the DagBag from /home/game/learning/12_DataEnd/airflow/airflow-install/airflow/dags/hello3.py
[2024-11-11T00:30:44.146+0700] {processor.py:925} INFO - DAG(s) 'hello_world_dag' retrieved from /home/game/learning/12_DataEnd/airflow/airflow-install/airflow/dags/hello3.py
[2024-11-11T00:30:44.192+0700] {logging_mixin.py:190} INFO - [2024-11-11T00:30:44.192+0700] {dag.py:3239} INFO - Sync 1 DAGs
[2024-11-11T00:30:44.203+0700] {logging_mixin.py:190} INFO - [2024-11-11T00:30:44.202+0700] {dag.py:4180} INFO - Setting next_dagrun for hello_world_dag to 2024-11-10 00:00:00+00:00, run_after=2024-11-11 00:00:00+00:00
[2024-11-11T00:30:44.307+0700] {processor.py:208} INFO - Processing /home/game/learning/12_DataEnd/airflow/airflow-install/airflow/dags/hello3.py took 0.172 seconds
[2024-11-11T00:31:14.399+0700] {processor.py:186} INFO - Started process (PID=102174) to work on /home/game/learning/12_DataEnd/airflow/airflow-install/airflow/dags/hello3.py
[2024-11-11T00:31:14.404+0700] {processor.py:914} INFO - Processing file /home/game/learning/12_DataEnd/airflow/airflow-install/airflow/dags/hello3.py for tasks to queue
[2024-11-11T00:31:14.406+0700] {logging_mixin.py:190} INFO - [2024-11-11T00:31:14.406+0700] {dagbag.py:588} INFO - Filling up the DagBag from /home/game/learning/12_DataEnd/airflow/airflow-install/airflow/dags/hello3.py
[2024-11-11T00:31:14.411+0700] {processor.py:925} INFO - DAG(s) 'hello_world_dag' retrieved from /home/game/learning/12_DataEnd/airflow/airflow-install/airflow/dags/hello3.py
[2024-11-11T00:31:14.421+0700] {logging_mixin.py:190} INFO - [2024-11-11T00:31:14.421+0700] {dag.py:3239} INFO - Sync 1 DAGs
[2024-11-11T00:31:14.431+0700] {logging_mixin.py:190} INFO - [2024-11-11T00:31:14.431+0700] {dag.py:4180} INFO - Setting next_dagrun for hello_world_dag to 2024-11-10 00:00:00+00:00, run_after=2024-11-11 00:00:00+00:00
[2024-11-11T00:31:14.443+0700] {processor.py:208} INFO - Processing /home/game/learning/12_DataEnd/airflow/airflow-install/airflow/dags/hello3.py took 0.048 seconds
[2024-11-11T00:31:44.579+0700] {processor.py:186} INFO - Started process (PID=102722) to work on /home/game/learning/12_DataEnd/airflow/airflow-install/airflow/dags/hello3.py
[2024-11-11T00:31:44.582+0700] {processor.py:914} INFO - Processing file /home/game/learning/12_DataEnd/airflow/airflow-install/airflow/dags/hello3.py for tasks to queue
[2024-11-11T00:31:44.583+0700] {logging_mixin.py:190} INFO - [2024-11-11T00:31:44.583+0700] {dagbag.py:588} INFO - Filling up the DagBag from /home/game/learning/12_DataEnd/airflow/airflow-install/airflow/dags/hello3.py
[2024-11-11T00:31:44.588+0700] {processor.py:925} INFO - DAG(s) 'hello_world_dag' retrieved from /home/game/learning/12_DataEnd/airflow/airflow-install/airflow/dags/hello3.py
[2024-11-11T00:31:44.592+0700] {logging_mixin.py:190} INFO - [2024-11-11T00:31:44.592+0700] {dag.py:3239} INFO - Sync 1 DAGs
[2024-11-11T00:31:44.602+0700] {logging_mixin.py:190} INFO - [2024-11-11T00:31:44.602+0700] {dag.py:4180} INFO - Setting next_dagrun for hello_world_dag to 2024-11-10 00:00:00+00:00, run_after=2024-11-11 00:00:00+00:00
[2024-11-11T00:31:44.613+0700] {processor.py:208} INFO - Processing /home/game/learning/12_DataEnd/airflow/airflow-install/airflow/dags/hello3.py took 0.039 seconds
[2024-11-11T00:32:14.773+0700] {processor.py:186} INFO - Started process (PID=103358) to work on /home/game/learning/12_DataEnd/airflow/airflow-install/airflow/dags/hello3.py
[2024-11-11T00:32:14.779+0700] {processor.py:914} INFO - Processing file /home/game/learning/12_DataEnd/airflow/airflow-install/airflow/dags/hello3.py for tasks to queue
[2024-11-11T00:32:14.780+0700] {logging_mixin.py:190} INFO - [2024-11-11T00:32:14.780+0700] {dagbag.py:588} INFO - Filling up the DagBag from /home/game/learning/12_DataEnd/airflow/airflow-install/airflow/dags/hello3.py
[2024-11-11T00:32:14.788+0700] {processor.py:925} INFO - DAG(s) 'hello_world_dag' retrieved from /home/game/learning/12_DataEnd/airflow/airflow-install/airflow/dags/hello3.py
[2024-11-11T00:32:14.899+0700] {logging_mixin.py:190} INFO - [2024-11-11T00:32:14.899+0700] {dag.py:3239} INFO - Sync 1 DAGs
[2024-11-11T00:32:14.907+0700] {logging_mixin.py:190} INFO - [2024-11-11T00:32:14.907+0700] {dag.py:4180} INFO - Setting next_dagrun for hello_world_dag to 2024-11-10 00:00:00+00:00, run_after=2024-11-11 00:00:00+00:00
[2024-11-11T00:32:14.918+0700] {processor.py:208} INFO - Processing /home/game/learning/12_DataEnd/airflow/airflow-install/airflow/dags/hello3.py took 0.150 seconds
[2024-11-11T00:32:45.047+0700] {processor.py:186} INFO - Started process (PID=104003) to work on /home/game/learning/12_DataEnd/airflow/airflow-install/airflow/dags/hello3.py
[2024-11-11T00:32:45.050+0700] {processor.py:914} INFO - Processing file /home/game/learning/12_DataEnd/airflow/airflow-install/airflow/dags/hello3.py for tasks to queue
[2024-11-11T00:32:45.052+0700] {logging_mixin.py:190} INFO - [2024-11-11T00:32:45.052+0700] {dagbag.py:588} INFO - Filling up the DagBag from /home/game/learning/12_DataEnd/airflow/airflow-install/airflow/dags/hello3.py
[2024-11-11T00:32:45.057+0700] {processor.py:925} INFO - DAG(s) 'hello_world_dag' retrieved from /home/game/learning/12_DataEnd/airflow/airflow-install/airflow/dags/hello3.py
[2024-11-11T00:32:45.068+0700] {logging_mixin.py:190} INFO - [2024-11-11T00:32:45.068+0700] {dag.py:3239} INFO - Sync 1 DAGs
[2024-11-11T00:32:45.078+0700] {logging_mixin.py:190} INFO - [2024-11-11T00:32:45.077+0700] {dag.py:4180} INFO - Setting next_dagrun for hello_world_dag to 2024-11-10 00:00:00+00:00, run_after=2024-11-11 00:00:00+00:00
[2024-11-11T00:32:45.089+0700] {processor.py:208} INFO - Processing /home/game/learning/12_DataEnd/airflow/airflow-install/airflow/dags/hello3.py took 0.046 seconds
[2024-11-11T00:33:15.230+0700] {processor.py:186} INFO - Started process (PID=104690) to work on /home/game/learning/12_DataEnd/airflow/airflow-install/airflow/dags/hello3.py
[2024-11-11T00:33:15.233+0700] {processor.py:914} INFO - Processing file /home/game/learning/12_DataEnd/airflow/airflow-install/airflow/dags/hello3.py for tasks to queue
[2024-11-11T00:33:15.235+0700] {logging_mixin.py:190} INFO - [2024-11-11T00:33:15.234+0700] {dagbag.py:588} INFO - Filling up the DagBag from /home/game/learning/12_DataEnd/airflow/airflow-install/airflow/dags/hello3.py
[2024-11-11T00:33:15.243+0700] {processor.py:925} INFO - DAG(s) 'hello_world_dag' retrieved from /home/game/learning/12_DataEnd/airflow/airflow-install/airflow/dags/hello3.py
[2024-11-11T00:33:15.250+0700] {logging_mixin.py:190} INFO - [2024-11-11T00:33:15.249+0700] {dag.py:3239} INFO - Sync 1 DAGs
[2024-11-11T00:33:15.261+0700] {logging_mixin.py:190} INFO - [2024-11-11T00:33:15.261+0700] {dag.py:4180} INFO - Setting next_dagrun for hello_world_dag to 2024-11-10 00:00:00+00:00, run_after=2024-11-11 00:00:00+00:00
[2024-11-11T00:33:15.273+0700] {processor.py:208} INFO - Processing /home/game/learning/12_DataEnd/airflow/airflow-install/airflow/dags/hello3.py took 0.048 seconds
[2024-11-11T00:33:45.441+0700] {processor.py:186} INFO - Started process (PID=105317) to work on /home/game/learning/12_DataEnd/airflow/airflow-install/airflow/dags/hello3.py
[2024-11-11T00:33:45.447+0700] {processor.py:914} INFO - Processing file /home/game/learning/12_DataEnd/airflow/airflow-install/airflow/dags/hello3.py for tasks to queue
[2024-11-11T00:33:45.450+0700] {logging_mixin.py:190} INFO - [2024-11-11T00:33:45.450+0700] {dagbag.py:588} INFO - Filling up the DagBag from /home/game/learning/12_DataEnd/airflow/airflow-install/airflow/dags/hello3.py
[2024-11-11T00:33:45.457+0700] {processor.py:925} INFO - DAG(s) 'hello_world_dag' retrieved from /home/game/learning/12_DataEnd/airflow/airflow-install/airflow/dags/hello3.py
[2024-11-11T00:33:45.566+0700] {logging_mixin.py:190} INFO - [2024-11-11T00:33:45.566+0700] {dag.py:3239} INFO - Sync 1 DAGs
[2024-11-11T00:33:45.574+0700] {logging_mixin.py:190} INFO - [2024-11-11T00:33:45.573+0700] {dag.py:4180} INFO - Setting next_dagrun for hello_world_dag to 2024-11-10 00:00:00+00:00, run_after=2024-11-11 00:00:00+00:00
[2024-11-11T00:33:45.585+0700] {processor.py:208} INFO - Processing /home/game/learning/12_DataEnd/airflow/airflow-install/airflow/dags/hello3.py took 0.149 seconds
[2024-11-11T00:34:15.742+0700] {processor.py:186} INFO - Started process (PID=105920) to work on /home/game/learning/12_DataEnd/airflow/airflow-install/airflow/dags/hello3.py
[2024-11-11T00:34:15.745+0700] {processor.py:914} INFO - Processing file /home/game/learning/12_DataEnd/airflow/airflow-install/airflow/dags/hello3.py for tasks to queue
[2024-11-11T00:34:15.747+0700] {logging_mixin.py:190} INFO - [2024-11-11T00:34:15.747+0700] {dagbag.py:588} INFO - Filling up the DagBag from /home/game/learning/12_DataEnd/airflow/airflow-install/airflow/dags/hello3.py
[2024-11-11T00:34:15.753+0700] {processor.py:925} INFO - DAG(s) 'hello_world_dag' retrieved from /home/game/learning/12_DataEnd/airflow/airflow-install/airflow/dags/hello3.py
[2024-11-11T00:34:15.766+0700] {logging_mixin.py:190} INFO - [2024-11-11T00:34:15.766+0700] {dag.py:3239} INFO - Sync 1 DAGs
[2024-11-11T00:34:15.781+0700] {logging_mixin.py:190} INFO - [2024-11-11T00:34:15.781+0700] {dag.py:4180} INFO - Setting next_dagrun for hello_world_dag to 2024-11-10 00:00:00+00:00, run_after=2024-11-11 00:00:00+00:00
[2024-11-11T00:34:15.795+0700] {processor.py:208} INFO - Processing /home/game/learning/12_DataEnd/airflow/airflow-install/airflow/dags/hello3.py took 0.059 seconds
[2024-11-11T00:34:45.946+0700] {processor.py:186} INFO - Started process (PID=106554) to work on /home/game/learning/12_DataEnd/airflow/airflow-install/airflow/dags/hello3.py
[2024-11-11T00:34:45.949+0700] {processor.py:914} INFO - Processing file /home/game/learning/12_DataEnd/airflow/airflow-install/airflow/dags/hello3.py for tasks to queue
[2024-11-11T00:34:45.950+0700] {logging_mixin.py:190} INFO - [2024-11-11T00:34:45.949+0700] {dagbag.py:588} INFO - Filling up the DagBag from /home/game/learning/12_DataEnd/airflow/airflow-install/airflow/dags/hello3.py
[2024-11-11T00:34:45.954+0700] {processor.py:925} INFO - DAG(s) 'hello_world_dag' retrieved from /home/game/learning/12_DataEnd/airflow/airflow-install/airflow/dags/hello3.py
[2024-11-11T00:34:45.958+0700] {logging_mixin.py:190} INFO - [2024-11-11T00:34:45.958+0700] {dag.py:3239} INFO - Sync 1 DAGs
[2024-11-11T00:34:45.969+0700] {logging_mixin.py:190} INFO - [2024-11-11T00:34:45.968+0700] {dag.py:4180} INFO - Setting next_dagrun for hello_world_dag to 2024-11-10 00:00:00+00:00, run_after=2024-11-11 00:00:00+00:00
[2024-11-11T00:34:45.980+0700] {processor.py:208} INFO - Processing /home/game/learning/12_DataEnd/airflow/airflow-install/airflow/dags/hello3.py took 0.038 seconds
[2024-11-11T00:35:16.147+0700] {processor.py:186} INFO - Started process (PID=107210) to work on /home/game/learning/12_DataEnd/airflow/airflow-install/airflow/dags/hello3.py
[2024-11-11T00:35:16.150+0700] {processor.py:914} INFO - Processing file /home/game/learning/12_DataEnd/airflow/airflow-install/airflow/dags/hello3.py for tasks to queue
[2024-11-11T00:35:16.152+0700] {logging_mixin.py:190} INFO - [2024-11-11T00:35:16.152+0700] {dagbag.py:588} INFO - Filling up the DagBag from /home/game/learning/12_DataEnd/airflow/airflow-install/airflow/dags/hello3.py
[2024-11-11T00:35:16.158+0700] {processor.py:925} INFO - DAG(s) 'hello_world_dag' retrieved from /home/game/learning/12_DataEnd/airflow/airflow-install/airflow/dags/hello3.py
[2024-11-11T00:35:16.277+0700] {logging_mixin.py:190} INFO - [2024-11-11T00:35:16.276+0700] {dag.py:3239} INFO - Sync 1 DAGs
[2024-11-11T00:35:16.287+0700] {logging_mixin.py:190} INFO - [2024-11-11T00:35:16.287+0700] {dag.py:4180} INFO - Setting next_dagrun for hello_world_dag to 2024-11-10 00:00:00+00:00, run_after=2024-11-11 00:00:00+00:00
[2024-11-11T00:35:16.302+0700] {processor.py:208} INFO - Processing /home/game/learning/12_DataEnd/airflow/airflow-install/airflow/dags/hello3.py took 0.162 seconds
[2024-11-11T00:35:46.426+0700] {processor.py:186} INFO - Started process (PID=107821) to work on /home/game/learning/12_DataEnd/airflow/airflow-install/airflow/dags/hello3.py
[2024-11-11T00:35:46.429+0700] {processor.py:914} INFO - Processing file /home/game/learning/12_DataEnd/airflow/airflow-install/airflow/dags/hello3.py for tasks to queue
[2024-11-11T00:35:46.430+0700] {logging_mixin.py:190} INFO - [2024-11-11T00:35:46.430+0700] {dagbag.py:588} INFO - Filling up the DagBag from /home/game/learning/12_DataEnd/airflow/airflow-install/airflow/dags/hello3.py
[2024-11-11T00:35:46.435+0700] {processor.py:925} INFO - DAG(s) 'hello_world_dag' retrieved from /home/game/learning/12_DataEnd/airflow/airflow-install/airflow/dags/hello3.py
[2024-11-11T00:35:46.447+0700] {logging_mixin.py:190} INFO - [2024-11-11T00:35:46.447+0700] {dag.py:3239} INFO - Sync 1 DAGs
[2024-11-11T00:35:46.528+0700] {logging_mixin.py:190} INFO - [2024-11-11T00:35:46.528+0700] {dag.py:4180} INFO - Setting next_dagrun for hello_world_dag to 2024-11-10 00:00:00+00:00, run_after=2024-11-11 00:00:00+00:00
[2024-11-11T00:35:46.542+0700] {processor.py:208} INFO - Processing /home/game/learning/12_DataEnd/airflow/airflow-install/airflow/dags/hello3.py took 0.119 seconds
[2024-11-11T00:36:16.668+0700] {processor.py:186} INFO - Started process (PID=108483) to work on /home/game/learning/12_DataEnd/airflow/airflow-install/airflow/dags/hello3.py
[2024-11-11T00:36:16.670+0700] {processor.py:914} INFO - Processing file /home/game/learning/12_DataEnd/airflow/airflow-install/airflow/dags/hello3.py for tasks to queue
[2024-11-11T00:36:16.671+0700] {logging_mixin.py:190} INFO - [2024-11-11T00:36:16.671+0700] {dagbag.py:588} INFO - Filling up the DagBag from /home/game/learning/12_DataEnd/airflow/airflow-install/airflow/dags/hello3.py
[2024-11-11T00:36:16.677+0700] {processor.py:925} INFO - DAG(s) 'hello_world_dag' retrieved from /home/game/learning/12_DataEnd/airflow/airflow-install/airflow/dags/hello3.py
[2024-11-11T00:36:16.686+0700] {logging_mixin.py:190} INFO - [2024-11-11T00:36:16.686+0700] {dag.py:3239} INFO - Sync 1 DAGs
[2024-11-11T00:36:16.766+0700] {logging_mixin.py:190} INFO - [2024-11-11T00:36:16.766+0700] {dag.py:4180} INFO - Setting next_dagrun for hello_world_dag to 2024-11-10 00:00:00+00:00, run_after=2024-11-11 00:00:00+00:00
[2024-11-11T00:36:16.778+0700] {processor.py:208} INFO - Processing /home/game/learning/12_DataEnd/airflow/airflow-install/airflow/dags/hello3.py took 0.114 seconds
[2024-11-11T00:36:46.969+0700] {processor.py:186} INFO - Started process (PID=109135) to work on /home/game/learning/12_DataEnd/airflow/airflow-install/airflow/dags/hello3.py
[2024-11-11T00:36:46.972+0700] {processor.py:914} INFO - Processing file /home/game/learning/12_DataEnd/airflow/airflow-install/airflow/dags/hello3.py for tasks to queue
[2024-11-11T00:36:46.975+0700] {logging_mixin.py:190} INFO - [2024-11-11T00:36:46.974+0700] {dagbag.py:588} INFO - Filling up the DagBag from /home/game/learning/12_DataEnd/airflow/airflow-install/airflow/dags/hello3.py
[2024-11-11T00:36:46.981+0700] {processor.py:925} INFO - DAG(s) 'hello_world_dag' retrieved from /home/game/learning/12_DataEnd/airflow/airflow-install/airflow/dags/hello3.py
[2024-11-11T00:36:47.089+0700] {logging_mixin.py:190} INFO - [2024-11-11T00:36:47.089+0700] {dag.py:3239} INFO - Sync 1 DAGs
[2024-11-11T00:36:47.098+0700] {logging_mixin.py:190} INFO - [2024-11-11T00:36:47.098+0700] {dag.py:4180} INFO - Setting next_dagrun for hello_world_dag to 2024-11-10 00:00:00+00:00, run_after=2024-11-11 00:00:00+00:00
[2024-11-11T00:36:47.111+0700] {processor.py:208} INFO - Processing /home/game/learning/12_DataEnd/airflow/airflow-install/airflow/dags/hello3.py took 0.147 seconds
[2024-11-11T00:37:17.254+0700] {processor.py:186} INFO - Started process (PID=109802) to work on /home/game/learning/12_DataEnd/airflow/airflow-install/airflow/dags/hello3.py
[2024-11-11T00:37:17.257+0700] {processor.py:914} INFO - Processing file /home/game/learning/12_DataEnd/airflow/airflow-install/airflow/dags/hello3.py for tasks to queue
[2024-11-11T00:37:17.258+0700] {logging_mixin.py:190} INFO - [2024-11-11T00:37:17.258+0700] {dagbag.py:588} INFO - Filling up the DagBag from /home/game/learning/12_DataEnd/airflow/airflow-install/airflow/dags/hello3.py
[2024-11-11T00:37:17.332+0700] {processor.py:925} INFO - DAG(s) 'hello_world_dag' retrieved from /home/game/learning/12_DataEnd/airflow/airflow-install/airflow/dags/hello3.py
[2024-11-11T00:37:17.340+0700] {logging_mixin.py:190} INFO - [2024-11-11T00:37:17.340+0700] {dag.py:3239} INFO - Sync 1 DAGs
[2024-11-11T00:37:17.349+0700] {logging_mixin.py:190} INFO - [2024-11-11T00:37:17.349+0700] {dag.py:4180} INFO - Setting next_dagrun for hello_world_dag to 2024-11-10 00:00:00+00:00, run_after=2024-11-11 00:00:00+00:00
[2024-11-11T00:37:17.362+0700] {processor.py:208} INFO - Processing /home/game/learning/12_DataEnd/airflow/airflow-install/airflow/dags/hello3.py took 0.112 seconds
[2024-11-11T00:37:47.534+0700] {processor.py:186} INFO - Started process (PID=110381) to work on /home/game/learning/12_DataEnd/airflow/airflow-install/airflow/dags/hello3.py
[2024-11-11T00:37:47.537+0700] {processor.py:914} INFO - Processing file /home/game/learning/12_DataEnd/airflow/airflow-install/airflow/dags/hello3.py for tasks to queue
[2024-11-11T00:37:47.539+0700] {logging_mixin.py:190} INFO - [2024-11-11T00:37:47.539+0700] {dagbag.py:588} INFO - Filling up the DagBag from /home/game/learning/12_DataEnd/airflow/airflow-install/airflow/dags/hello3.py
[2024-11-11T00:37:47.544+0700] {processor.py:925} INFO - DAG(s) 'hello_world_dag' retrieved from /home/game/learning/12_DataEnd/airflow/airflow-install/airflow/dags/hello3.py
[2024-11-11T00:37:47.547+0700] {logging_mixin.py:190} INFO - [2024-11-11T00:37:47.547+0700] {dag.py:3239} INFO - Sync 1 DAGs
[2024-11-11T00:37:47.559+0700] {logging_mixin.py:190} INFO - [2024-11-11T00:37:47.558+0700] {dag.py:4180} INFO - Setting next_dagrun for hello_world_dag to 2024-11-10 00:00:00+00:00, run_after=2024-11-11 00:00:00+00:00
[2024-11-11T00:37:47.572+0700] {processor.py:208} INFO - Processing /home/game/learning/12_DataEnd/airflow/airflow-install/airflow/dags/hello3.py took 0.042 seconds
[2024-11-11T00:38:17.699+0700] {processor.py:186} INFO - Started process (PID=111051) to work on /home/game/learning/12_DataEnd/airflow/airflow-install/airflow/dags/hello3.py
[2024-11-11T00:38:17.701+0700] {processor.py:914} INFO - Processing file /home/game/learning/12_DataEnd/airflow/airflow-install/airflow/dags/hello3.py for tasks to queue
[2024-11-11T00:38:17.702+0700] {logging_mixin.py:190} INFO - [2024-11-11T00:38:17.702+0700] {dagbag.py:588} INFO - Filling up the DagBag from /home/game/learning/12_DataEnd/airflow/airflow-install/airflow/dags/hello3.py
[2024-11-11T00:38:17.707+0700] {processor.py:925} INFO - DAG(s) 'hello_world_dag' retrieved from /home/game/learning/12_DataEnd/airflow/airflow-install/airflow/dags/hello3.py
[2024-11-11T00:38:17.756+0700] {logging_mixin.py:190} INFO - [2024-11-11T00:38:17.755+0700] {dag.py:3239} INFO - Sync 1 DAGs
[2024-11-11T00:38:17.765+0700] {logging_mixin.py:190} INFO - [2024-11-11T00:38:17.765+0700] {dag.py:4180} INFO - Setting next_dagrun for hello_world_dag to 2024-11-10 00:00:00+00:00, run_after=2024-11-11 00:00:00+00:00
[2024-11-11T00:38:17.779+0700] {processor.py:208} INFO - Processing /home/game/learning/12_DataEnd/airflow/airflow-install/airflow/dags/hello3.py took 0.084 seconds
[2024-11-11T00:38:47.924+0700] {processor.py:186} INFO - Started process (PID=111665) to work on /home/game/learning/12_DataEnd/airflow/airflow-install/airflow/dags/hello3.py
[2024-11-11T00:38:47.927+0700] {processor.py:914} INFO - Processing file /home/game/learning/12_DataEnd/airflow/airflow-install/airflow/dags/hello3.py for tasks to queue
[2024-11-11T00:38:47.929+0700] {logging_mixin.py:190} INFO - [2024-11-11T00:38:47.929+0700] {dagbag.py:588} INFO - Filling up the DagBag from /home/game/learning/12_DataEnd/airflow/airflow-install/airflow/dags/hello3.py
[2024-11-11T00:38:47.936+0700] {processor.py:925} INFO - DAG(s) 'hello_world_dag' retrieved from /home/game/learning/12_DataEnd/airflow/airflow-install/airflow/dags/hello3.py
[2024-11-11T00:38:47.947+0700] {logging_mixin.py:190} INFO - [2024-11-11T00:38:47.947+0700] {dag.py:3239} INFO - Sync 1 DAGs
[2024-11-11T00:38:47.958+0700] {logging_mixin.py:190} INFO - [2024-11-11T00:38:47.958+0700] {dag.py:4180} INFO - Setting next_dagrun for hello_world_dag to 2024-11-10 00:00:00+00:00, run_after=2024-11-11 00:00:00+00:00
[2024-11-11T00:38:47.971+0700] {processor.py:208} INFO - Processing /home/game/learning/12_DataEnd/airflow/airflow-install/airflow/dags/hello3.py took 0.052 seconds
[2024-11-11T00:39:18.137+0700] {processor.py:186} INFO - Started process (PID=112275) to work on /home/game/learning/12_DataEnd/airflow/airflow-install/airflow/dags/hello3.py
[2024-11-11T00:39:18.140+0700] {processor.py:914} INFO - Processing file /home/game/learning/12_DataEnd/airflow/airflow-install/airflow/dags/hello3.py for tasks to queue
[2024-11-11T00:39:18.141+0700] {logging_mixin.py:190} INFO - [2024-11-11T00:39:18.141+0700] {dagbag.py:588} INFO - Filling up the DagBag from /home/game/learning/12_DataEnd/airflow/airflow-install/airflow/dags/hello3.py
[2024-11-11T00:39:18.146+0700] {processor.py:925} INFO - DAG(s) 'hello_world_dag' retrieved from /home/game/learning/12_DataEnd/airflow/airflow-install/airflow/dags/hello3.py
[2024-11-11T00:39:18.154+0700] {logging_mixin.py:190} INFO - [2024-11-11T00:39:18.153+0700] {dag.py:3239} INFO - Sync 1 DAGs
[2024-11-11T00:39:18.167+0700] {logging_mixin.py:190} INFO - [2024-11-11T00:39:18.166+0700] {dag.py:4180} INFO - Setting next_dagrun for hello_world_dag to 2024-11-10 00:00:00+00:00, run_after=2024-11-11 00:00:00+00:00
[2024-11-11T00:39:18.179+0700] {processor.py:208} INFO - Processing /home/game/learning/12_DataEnd/airflow/airflow-install/airflow/dags/hello3.py took 0.046 seconds
[2024-11-11T00:39:48.388+0700] {processor.py:186} INFO - Started process (PID=112909) to work on /home/game/learning/12_DataEnd/airflow/airflow-install/airflow/dags/hello3.py
[2024-11-11T00:39:48.390+0700] {processor.py:914} INFO - Processing file /home/game/learning/12_DataEnd/airflow/airflow-install/airflow/dags/hello3.py for tasks to queue
[2024-11-11T00:39:48.392+0700] {logging_mixin.py:190} INFO - [2024-11-11T00:39:48.391+0700] {dagbag.py:588} INFO - Filling up the DagBag from /home/game/learning/12_DataEnd/airflow/airflow-install/airflow/dags/hello3.py
[2024-11-11T00:39:48.397+0700] {processor.py:925} INFO - DAG(s) 'hello_world_dag' retrieved from /home/game/learning/12_DataEnd/airflow/airflow-install/airflow/dags/hello3.py
[2024-11-11T00:39:48.449+0700] {logging_mixin.py:190} INFO - [2024-11-11T00:39:48.448+0700] {dag.py:3239} INFO - Sync 1 DAGs
[2024-11-11T00:39:48.461+0700] {logging_mixin.py:190} INFO - [2024-11-11T00:39:48.461+0700] {dag.py:4180} INFO - Setting next_dagrun for hello_world_dag to 2024-11-10 00:00:00+00:00, run_after=2024-11-11 00:00:00+00:00
[2024-11-11T00:39:48.475+0700] {processor.py:208} INFO - Processing /home/game/learning/12_DataEnd/airflow/airflow-install/airflow/dags/hello3.py took 0.090 seconds
[2024-11-11T00:40:18.602+0700] {processor.py:186} INFO - Started process (PID=113621) to work on /home/game/learning/12_DataEnd/airflow/airflow-install/airflow/dags/hello3.py
[2024-11-11T00:40:18.605+0700] {processor.py:914} INFO - Processing file /home/game/learning/12_DataEnd/airflow/airflow-install/airflow/dags/hello3.py for tasks to queue
[2024-11-11T00:40:18.606+0700] {logging_mixin.py:190} INFO - [2024-11-11T00:40:18.606+0700] {dagbag.py:588} INFO - Filling up the DagBag from /home/game/learning/12_DataEnd/airflow/airflow-install/airflow/dags/hello3.py
[2024-11-11T00:40:18.613+0700] {processor.py:925} INFO - DAG(s) 'hello_world_dag' retrieved from /home/game/learning/12_DataEnd/airflow/airflow-install/airflow/dags/hello3.py
[2024-11-11T00:40:18.623+0700] {logging_mixin.py:190} INFO - [2024-11-11T00:40:18.623+0700] {dag.py:3239} INFO - Sync 1 DAGs
[2024-11-11T00:40:18.633+0700] {logging_mixin.py:190} INFO - [2024-11-11T00:40:18.633+0700] {dag.py:4180} INFO - Setting next_dagrun for hello_world_dag to 2024-11-10 00:00:00+00:00, run_after=2024-11-11 00:00:00+00:00
[2024-11-11T00:40:18.645+0700] {processor.py:208} INFO - Processing /home/game/learning/12_DataEnd/airflow/airflow-install/airflow/dags/hello3.py took 0.048 seconds
[2024-11-11T00:40:48.831+0700] {processor.py:186} INFO - Started process (PID=114297) to work on /home/game/learning/12_DataEnd/airflow/airflow-install/airflow/dags/hello3.py
[2024-11-11T00:40:48.837+0700] {processor.py:914} INFO - Processing file /home/game/learning/12_DataEnd/airflow/airflow-install/airflow/dags/hello3.py for tasks to queue
[2024-11-11T00:40:48.838+0700] {logging_mixin.py:190} INFO - [2024-11-11T00:40:48.838+0700] {dagbag.py:588} INFO - Filling up the DagBag from /home/game/learning/12_DataEnd/airflow/airflow-install/airflow/dags/hello3.py
[2024-11-11T00:40:48.846+0700] {processor.py:925} INFO - DAG(s) 'hello_world_dag' retrieved from /home/game/learning/12_DataEnd/airflow/airflow-install/airflow/dags/hello3.py
[2024-11-11T00:40:48.851+0700] {logging_mixin.py:190} INFO - [2024-11-11T00:40:48.851+0700] {dag.py:3239} INFO - Sync 1 DAGs
[2024-11-11T00:40:48.862+0700] {logging_mixin.py:190} INFO - [2024-11-11T00:40:48.862+0700] {dag.py:4180} INFO - Setting next_dagrun for hello_world_dag to 2024-11-10 00:00:00+00:00, run_after=2024-11-11 00:00:00+00:00
[2024-11-11T00:40:48.877+0700] {processor.py:208} INFO - Processing /home/game/learning/12_DataEnd/airflow/airflow-install/airflow/dags/hello3.py took 0.051 seconds
[2024-11-11T00:41:19.156+0700] {processor.py:186} INFO - Started process (PID=114947) to work on /home/game/learning/12_DataEnd/airflow/airflow-install/airflow/dags/hello3.py
[2024-11-11T00:41:19.162+0700] {processor.py:914} INFO - Processing file /home/game/learning/12_DataEnd/airflow/airflow-install/airflow/dags/hello3.py for tasks to queue
[2024-11-11T00:41:19.164+0700] {logging_mixin.py:190} INFO - [2024-11-11T00:41:19.163+0700] {dagbag.py:588} INFO - Filling up the DagBag from /home/game/learning/12_DataEnd/airflow/airflow-install/airflow/dags/hello3.py
[2024-11-11T00:41:19.177+0700] {processor.py:925} INFO - DAG(s) 'hello_world_dag' retrieved from /home/game/learning/12_DataEnd/airflow/airflow-install/airflow/dags/hello3.py
[2024-11-11T00:41:19.256+0700] {logging_mixin.py:190} INFO - [2024-11-11T00:41:19.255+0700] {dag.py:3239} INFO - Sync 1 DAGs
[2024-11-11T00:41:19.273+0700] {logging_mixin.py:190} INFO - [2024-11-11T00:41:19.273+0700] {dag.py:4180} INFO - Setting next_dagrun for hello_world_dag to 2024-11-10 00:00:00+00:00, run_after=2024-11-11 00:00:00+00:00
[2024-11-11T00:41:19.294+0700] {processor.py:208} INFO - Processing /home/game/learning/12_DataEnd/airflow/airflow-install/airflow/dags/hello3.py took 0.142 seconds
[2024-11-11T00:41:49.371+0700] {processor.py:186} INFO - Started process (PID=115576) to work on /home/game/learning/12_DataEnd/airflow/airflow-install/airflow/dags/hello3.py
[2024-11-11T00:41:49.377+0700] {processor.py:914} INFO - Processing file /home/game/learning/12_DataEnd/airflow/airflow-install/airflow/dags/hello3.py for tasks to queue
[2024-11-11T00:41:49.378+0700] {logging_mixin.py:190} INFO - [2024-11-11T00:41:49.378+0700] {dagbag.py:588} INFO - Filling up the DagBag from /home/game/learning/12_DataEnd/airflow/airflow-install/airflow/dags/hello3.py
[2024-11-11T00:41:49.385+0700] {processor.py:925} INFO - DAG(s) 'hello_world_dag' retrieved from /home/game/learning/12_DataEnd/airflow/airflow-install/airflow/dags/hello3.py
[2024-11-11T00:41:49.398+0700] {logging_mixin.py:190} INFO - [2024-11-11T00:41:49.398+0700] {dag.py:3239} INFO - Sync 1 DAGs
[2024-11-11T00:41:49.409+0700] {logging_mixin.py:190} INFO - [2024-11-11T00:41:49.409+0700] {dag.py:4180} INFO - Setting next_dagrun for hello_world_dag to 2024-11-10 00:00:00+00:00, run_after=2024-11-11 00:00:00+00:00
[2024-11-11T00:41:49.421+0700] {processor.py:208} INFO - Processing /home/game/learning/12_DataEnd/airflow/airflow-install/airflow/dags/hello3.py took 0.055 seconds
[2024-11-11T00:42:19.623+0700] {processor.py:186} INFO - Started process (PID=116232) to work on /home/game/learning/12_DataEnd/airflow/airflow-install/airflow/dags/hello3.py
[2024-11-11T00:42:19.628+0700] {processor.py:914} INFO - Processing file /home/game/learning/12_DataEnd/airflow/airflow-install/airflow/dags/hello3.py for tasks to queue
[2024-11-11T00:42:19.631+0700] {logging_mixin.py:190} INFO - [2024-11-11T00:42:19.630+0700] {dagbag.py:588} INFO - Filling up the DagBag from /home/game/learning/12_DataEnd/airflow/airflow-install/airflow/dags/hello3.py
[2024-11-11T00:42:19.636+0700] {processor.py:925} INFO - DAG(s) 'hello_world_dag' retrieved from /home/game/learning/12_DataEnd/airflow/airflow-install/airflow/dags/hello3.py
[2024-11-11T00:42:19.640+0700] {logging_mixin.py:190} INFO - [2024-11-11T00:42:19.640+0700] {dag.py:3239} INFO - Sync 1 DAGs
[2024-11-11T00:42:19.652+0700] {logging_mixin.py:190} INFO - [2024-11-11T00:42:19.652+0700] {dag.py:4180} INFO - Setting next_dagrun for hello_world_dag to 2024-11-10 00:00:00+00:00, run_after=2024-11-11 00:00:00+00:00
[2024-11-11T00:42:19.664+0700] {processor.py:208} INFO - Processing /home/game/learning/12_DataEnd/airflow/airflow-install/airflow/dags/hello3.py took 0.044 seconds
[2024-11-11T00:42:49.837+0700] {processor.py:186} INFO - Started process (PID=116921) to work on /home/game/learning/12_DataEnd/airflow/airflow-install/airflow/dags/hello3.py
[2024-11-11T00:42:49.843+0700] {processor.py:914} INFO - Processing file /home/game/learning/12_DataEnd/airflow/airflow-install/airflow/dags/hello3.py for tasks to queue
[2024-11-11T00:42:49.846+0700] {logging_mixin.py:190} INFO - [2024-11-11T00:42:49.845+0700] {dagbag.py:588} INFO - Filling up the DagBag from /home/game/learning/12_DataEnd/airflow/airflow-install/airflow/dags/hello3.py
[2024-11-11T00:42:49.852+0700] {processor.py:925} INFO - DAG(s) 'hello_world_dag' retrieved from /home/game/learning/12_DataEnd/airflow/airflow-install/airflow/dags/hello3.py
[2024-11-11T00:42:49.900+0700] {logging_mixin.py:190} INFO - [2024-11-11T00:42:49.900+0700] {dag.py:3239} INFO - Sync 1 DAGs
[2024-11-11T00:42:49.910+0700] {logging_mixin.py:190} INFO - [2024-11-11T00:42:49.910+0700] {dag.py:4180} INFO - Setting next_dagrun for hello_world_dag to 2024-11-10 00:00:00+00:00, run_after=2024-11-11 00:00:00+00:00
[2024-11-11T00:42:49.923+0700] {processor.py:208} INFO - Processing /home/game/learning/12_DataEnd/airflow/airflow-install/airflow/dags/hello3.py took 0.091 seconds
[2024-11-11T00:43:20.072+0700] {processor.py:186} INFO - Started process (PID=117796) to work on /home/game/learning/12_DataEnd/airflow/airflow-install/airflow/dags/hello3.py
[2024-11-11T00:43:20.073+0700] {processor.py:914} INFO - Processing file /home/game/learning/12_DataEnd/airflow/airflow-install/airflow/dags/hello3.py for tasks to queue
[2024-11-11T00:43:20.075+0700] {logging_mixin.py:190} INFO - [2024-11-11T00:43:20.075+0700] {dagbag.py:588} INFO - Filling up the DagBag from /home/game/learning/12_DataEnd/airflow/airflow-install/airflow/dags/hello3.py
[2024-11-11T00:43:20.084+0700] {processor.py:925} INFO - DAG(s) 'hello_world_dag' retrieved from /home/game/learning/12_DataEnd/airflow/airflow-install/airflow/dags/hello3.py
[2024-11-11T00:43:20.107+0700] {logging_mixin.py:190} INFO - [2024-11-11T00:43:20.106+0700] {dag.py:3239} INFO - Sync 1 DAGs
[2024-11-11T00:43:20.130+0700] {logging_mixin.py:190} INFO - [2024-11-11T00:43:20.130+0700] {dag.py:4180} INFO - Setting next_dagrun for hello_world_dag to 2024-11-10 00:00:00+00:00, run_after=2024-11-11 00:00:00+00:00
[2024-11-11T00:43:20.155+0700] {processor.py:208} INFO - Processing /home/game/learning/12_DataEnd/airflow/airflow-install/airflow/dags/hello3.py took 0.088 seconds
