[2024-11-09 02:14:05,257] {taskinstance.py:903} INFO - Dependencies all met for <TaskInstance: tutorial.sleep 2024-11-08T00:00:00+00:00 [queued]>
[2024-11-09 02:14:05,287] {taskinstance.py:903} INFO - Dependencies all met for <TaskInstance: tutorial.sleep 2024-11-08T00:00:00+00:00 [queued]>
[2024-11-09 02:14:05,287] {taskinstance.py:1095} INFO - 
--------------------------------------------------------------------------------
[2024-11-09 02:14:05,287] {taskinstance.py:1096} INFO - Starting attempt 1 of 4
[2024-11-09 02:14:05,287] {taskinstance.py:1097} INFO - 
--------------------------------------------------------------------------------
[2024-11-09 02:14:05,290] {taskinstance.py:1115} INFO - Executing <Task(BashOperator): sleep> on 2024-11-08T00:00:00+00:00
[2024-11-09 02:14:05,293] {standard_task_runner.py:52} INFO - Started process 96 to run task
[2024-11-09 02:14:05,295] {standard_task_runner.py:76} INFO - Running: ['***', 'tasks', 'run', 'tutorial', 'sleep', '2024-11-08T00:00:00+00:00', '--job-id', '435', '--pool', 'default_pool', '--raw', '--subdir', '/home/***/.local/lib/python3.6/site-packages/***/example_dags/tutorial.py', '--cfg-path', '/tmp/tmpg7vtsbiy', '--error-file', '/tmp/tmprs_sgkcr']
[2024-11-09 02:14:05,295] {standard_task_runner.py:77} INFO - Job 435: Subtask sleep
[2024-11-09 02:14:05,320] {logging_mixin.py:109} INFO - Running <TaskInstance: tutorial.sleep 2024-11-08T00:00:00+00:00 [running]> on host 1d84451931cc
[2024-11-09 02:14:05,352] {taskinstance.py:1254} INFO - Exporting the following env vars:
AIRFLOW_CTX_DAG_EMAIL=***@example.com
AIRFLOW_CTX_DAG_OWNER=***
AIRFLOW_CTX_DAG_ID=tutorial
AIRFLOW_CTX_TASK_ID=sleep
AIRFLOW_CTX_EXECUTION_DATE=2024-11-08T00:00:00+00:00
AIRFLOW_CTX_DAG_RUN_ID=scheduled__2024-11-08T00:00:00+00:00
[2024-11-09 02:14:05,353] {subprocess.py:52} INFO - Tmp dir root location: 
 /tmp
[2024-11-09 02:14:05,353] {subprocess.py:63} INFO - Running command: ['bash', '-c', 'sleep 5']
[2024-11-09 02:14:05,358] {subprocess.py:74} INFO - Output:
[2024-11-09 02:14:10,360] {subprocess.py:82} INFO - Command exited with return code 0
[2024-11-09 02:14:10,531] {taskinstance.py:1219} INFO - Marking task as SUCCESS. dag_id=tutorial, task_id=sleep, execution_date=20241108T000000, start_date=20241109T021405, end_date=20241109T021410
[2024-11-09 02:14:10,581] {local_task_job.py:151} INFO - Task exited with return code 0
[2024-11-09 02:14:10,614] {local_task_job.py:261} INFO - 0 downstream tasks scheduled from follow-on schedule check
