[2024-11-09 02:14:04,096] {taskinstance.py:903} INFO - Dependencies all met for <TaskInstance: tutorial.print_date 2024-11-08T00:00:00+00:00 [queued]>
[2024-11-09 02:14:04,107] {taskinstance.py:903} INFO - Dependencies all met for <TaskInstance: tutorial.print_date 2024-11-08T00:00:00+00:00 [queued]>
[2024-11-09 02:14:04,108] {taskinstance.py:1095} INFO - 
--------------------------------------------------------------------------------
[2024-11-09 02:14:04,108] {taskinstance.py:1096} INFO - Starting attempt 1 of 2
[2024-11-09 02:14:04,108] {taskinstance.py:1097} INFO - 
--------------------------------------------------------------------------------
[2024-11-09 02:14:04,114] {taskinstance.py:1115} INFO - Executing <Task(BashOperator): print_date> on 2024-11-08T00:00:00+00:00
[2024-11-09 02:14:04,117] {standard_task_runner.py:52} INFO - Started process 76 to run task
[2024-11-09 02:14:04,119] {standard_task_runner.py:76} INFO - Running: ['***', 'tasks', 'run', 'tutorial', 'print_date', '2024-11-08T00:00:00+00:00', '--job-id', '432', '--pool', 'default_pool', '--raw', '--subdir', '/home/***/.local/lib/python3.6/site-packages/***/example_dags/tutorial.py', '--cfg-path', '/tmp/tmp63yvxxn9', '--error-file', '/tmp/tmp2yvpw190']
[2024-11-09 02:14:04,120] {standard_task_runner.py:77} INFO - Job 432: Subtask print_date
[2024-11-09 02:14:04,151] {logging_mixin.py:109} INFO - Running <TaskInstance: tutorial.print_date 2024-11-08T00:00:00+00:00 [running]> on host 1d84451931cc
[2024-11-09 02:14:04,191] {taskinstance.py:1254} INFO - Exporting the following env vars:
AIRFLOW_CTX_DAG_EMAIL=***@example.com
AIRFLOW_CTX_DAG_OWNER=***
AIRFLOW_CTX_DAG_ID=tutorial
AIRFLOW_CTX_TASK_ID=print_date
AIRFLOW_CTX_EXECUTION_DATE=2024-11-08T00:00:00+00:00
AIRFLOW_CTX_DAG_RUN_ID=scheduled__2024-11-08T00:00:00+00:00
[2024-11-09 02:14:04,191] {subprocess.py:52} INFO - Tmp dir root location: 
 /tmp
[2024-11-09 02:14:04,192] {subprocess.py:63} INFO - Running command: ['bash', '-c', 'date']
[2024-11-09 02:14:04,198] {subprocess.py:74} INFO - Output:
[2024-11-09 02:14:04,229] {subprocess.py:78} INFO - Sat Nov  9 02:14:04 UTC 2024
[2024-11-09 02:14:04,229] {subprocess.py:82} INFO - Command exited with return code 0
[2024-11-09 02:14:04,252] {taskinstance.py:1219} INFO - Marking task as SUCCESS. dag_id=tutorial, task_id=print_date, execution_date=20241108T000000, start_date=20241109T021404, end_date=20241109T021404
[2024-11-09 02:14:04,293] {local_task_job.py:151} INFO - Task exited with return code 0
[2024-11-09 02:14:04,312] {local_task_job.py:261} INFO - 2 downstream tasks scheduled from follow-on schedule check
