[2024-11-11T00:10:46.426+0700] {manager.py:483} INFO - Processing files using up to 1 processes at a time 
[2024-11-11T00:10:46.426+0700] {manager.py:484} INFO - Process each file at most once every 30 seconds
[2024-11-11T00:10:46.426+0700] {manager.py:485} INFO - Checking for new files in /home/game/learning/12_DataEnd/airflow/airflow-install/airflow/dags every 300 seconds
[2024-11-11T00:10:46.426+0700] {manager.py:821} INFO - Searching for files in /home/game/learning/12_DataEnd/airflow/airflow-install/airflow/dags
[2024-11-11T00:10:46.431+0700] {manager.py:824} INFO - There are 57 files in /home/game/learning/12_DataEnd/airflow/airflow-install/airflow/dags
[2024-11-11T00:10:46.762+0700] {manager.py:997} INFO - 
================================================================================
DAG File Processing Stats

File Path                                                                                                                                                                            PID    Runtime      # DAGs    # Errors  Last Runtime    Last Run               Last # of DB Queries
-----------------------------------------------------------------------------------------------------------------------------------------------------------------------------------  -----  ---------  --------  ----------  --------------  -------------------  ----------------------
/home/game/.cache/pypoetry/virtualenvs/airflow-install-dU2IC21M-py3.12/lib/python3.12/site-packages/airflow/example_dags/example_outlet_event_extra.py                                                        3           0  0.30s           2024-11-10T17:10:46                     118
/home/game/.cache/pypoetry/virtualenvs/airflow-install-dU2IC21M-py3.12/lib/python3.12/site-packages/airflow/example_dags/example_branch_labels.py                                                             0           0                                                            0
/home/game/.cache/pypoetry/virtualenvs/airflow-install-dU2IC21M-py3.12/lib/python3.12/site-packages/airflow/example_dags/example_setup_teardown_taskflow.py                                                   0           0                                                            0
/home/game/.cache/pypoetry/virtualenvs/airflow-install-dU2IC21M-py3.12/lib/python3.12/site-packages/airflow/example_dags/example_bash_decorator.py                                                            0           0                                                            0
/home/game/.cache/pypoetry/virtualenvs/airflow-install-dU2IC21M-py3.12/lib/python3.12/site-packages/airflow/example_dags/example_task_group.py                                                                0           0                                                            0
/home/game/.cache/pypoetry/virtualenvs/airflow-install-dU2IC21M-py3.12/lib/python3.12/site-packages/airflow/example_dags/example_task_group_decorator.py                                                      0           0                                                            0
/home/game/.cache/pypoetry/virtualenvs/airflow-install-dU2IC21M-py3.12/lib/python3.12/site-packages/airflow/example_dags/example_xcom.py                                                                      0           0                                                            0
/home/game/.cache/pypoetry/virtualenvs/airflow-install-dU2IC21M-py3.12/lib/python3.12/site-packages/airflow/example_dags/example_display_name.py                                                              0           0                                                            0
/home/game/.cache/pypoetry/virtualenvs/airflow-install-dU2IC21M-py3.12/lib/python3.12/site-packages/airflow/example_dags/example_trigger_controller_dag.py                                                    0           0                                                            0
/home/game/.cache/pypoetry/virtualenvs/airflow-install-dU2IC21M-py3.12/lib/python3.12/site-packages/airflow/example_dags/example_local_kubernetes_executor.py                                                 0           0                                                            0
/home/game/.cache/pypoetry/virtualenvs/airflow-install-dU2IC21M-py3.12/lib/python3.12/site-packages/airflow/example_dags/tutorial_taskflow_api_virtualenv.py                                                  0           0                                                            0
/home/game/.cache/pypoetry/virtualenvs/airflow-install-dU2IC21M-py3.12/lib/python3.12/site-packages/airflow/example_dags/example_dataset_alias.py                                                             0           0                                                            0
/home/game/.cache/pypoetry/virtualenvs/airflow-install-dU2IC21M-py3.12/lib/python3.12/site-packages/airflow/example_dags/example_dag_decorator.py                                                             0           0                                                            0
/home/game/.cache/pypoetry/virtualenvs/airflow-install-dU2IC21M-py3.12/lib/python3.12/site-packages/airflow/example_dags/example_sla_dag.py                                                                   0           0                                                            0
/home/game/.cache/pypoetry/virtualenvs/airflow-install-dU2IC21M-py3.12/lib/python3.12/site-packages/airflow/example_dags/example_branch_day_of_week_operator.py                                               0           0                                                            0
/home/game/.cache/pypoetry/virtualenvs/airflow-install-dU2IC21M-py3.12/lib/python3.12/site-packages/airflow/example_dags/example_nested_branch_dag.py                                                         0           0                                                            0
/home/game/.cache/pypoetry/virtualenvs/airflow-install-dU2IC21M-py3.12/lib/python3.12/site-packages/airflow/example_dags/example_branch_operator_decorator.py                                                 0           0                                                            0
/home/game/.cache/pypoetry/virtualenvs/airflow-install-dU2IC21M-py3.12/lib/python3.12/site-packages/airflow/example_dags/example_trigger_target_dag.py                                                        0           0                                                            0
/home/game/.cache/pypoetry/virtualenvs/airflow-install-dU2IC21M-py3.12/lib/python3.12/site-packages/airflow/example_dags/example_dynamic_task_mapping.py                                                      0           0                                                            0
/home/game/.cache/pypoetry/virtualenvs/airflow-install-dU2IC21M-py3.12/lib/python3.12/site-packages/airflow/example_dags/example_passing_params_via_test_command.py                                           0           0                                                            0
/home/game/.cache/pypoetry/virtualenvs/airflow-install-dU2IC21M-py3.12/lib/python3.12/site-packages/airflow/example_dags/example_dynamic_task_mapping_with_no_taskflow_operators.py                           0           0                                                            0
/home/game/.cache/pypoetry/virtualenvs/airflow-install-dU2IC21M-py3.12/lib/python3.12/site-packages/airflow/example_dags/example_workday_timetable.py                                                         0           0                                                            0
/home/game/.cache/pypoetry/virtualenvs/airflow-install-dU2IC21M-py3.12/lib/python3.12/site-packages/airflow/example_dags/example_subdag_operator.py                                                           0           0                                                            0
/home/game/.cache/pypoetry/virtualenvs/airflow-install-dU2IC21M-py3.12/lib/python3.12/site-packages/airflow/example_dags/tutorial_objectstorage.py                                                            0           0                                                            0
/home/game/.cache/pypoetry/virtualenvs/airflow-install-dU2IC21M-py3.12/lib/python3.12/site-packages/airflow/example_dags/tutorial.py                                                                          0           0                                                            0
/home/game/.cache/pypoetry/virtualenvs/airflow-install-dU2IC21M-py3.12/lib/python3.12/site-packages/airflow/example_dags/example_sensor_decorator.py                                                          0           0                                                            0
/home/game/.cache/pypoetry/virtualenvs/airflow-install-dU2IC21M-py3.12/lib/python3.12/site-packages/airflow/example_dags/example_complex.py                                                                   0           0                                                            0
/home/game/.cache/pypoetry/virtualenvs/airflow-install-dU2IC21M-py3.12/lib/python3.12/site-packages/airflow/example_dags/example_python_operator.py                                                           0           0                                                            0
/home/game/.cache/pypoetry/virtualenvs/airflow-install-dU2IC21M-py3.12/lib/python3.12/site-packages/airflow/example_dags/example_params_ui_tutorial.py                                                        0           0                                                            0
/home/game/.cache/pypoetry/virtualenvs/airflow-install-dU2IC21M-py3.12/lib/python3.12/site-packages/airflow/example_dags/example_kubernetes_executor.py                                                       0           0                                                            0
/home/game/.cache/pypoetry/virtualenvs/airflow-install-dU2IC21M-py3.12/lib/python3.12/site-packages/airflow/example_dags/example_external_task_marker_dag.py                                                  0           0                                                            0
/home/game/.cache/pypoetry/virtualenvs/airflow-install-dU2IC21M-py3.12/lib/python3.12/site-packages/airflow/example_dags/example_short_circuit_decorator.py                                                   0           0                                                            0
/home/game/.cache/pypoetry/virtualenvs/airflow-install-dU2IC21M-py3.12/lib/python3.12/site-packages/airflow/example_dags/example_inlet_event_extra.py                                                         0           0                                                            0
/home/game/.cache/pypoetry/virtualenvs/airflow-install-dU2IC21M-py3.12/lib/python3.12/site-packages/airflow/example_dags/tutorial_taskflow_templates.py                                                       0           0                                                            0
/home/game/.cache/pypoetry/virtualenvs/airflow-install-dU2IC21M-py3.12/lib/python3.12/site-packages/airflow/example_dags/example_python_decorator.py                                                          0           0                                                            0
/home/game/.cache/pypoetry/virtualenvs/airflow-install-dU2IC21M-py3.12/lib/python3.12/site-packages/airflow/example_dags/example_latest_only.py                                                               0           0                                                            0
/home/game/.cache/pypoetry/virtualenvs/airflow-install-dU2IC21M-py3.12/lib/python3.12/site-packages/airflow/example_dags/example_short_circuit_operator.py                                                    0           0                                                            0
/home/game/.cache/pypoetry/virtualenvs/airflow-install-dU2IC21M-py3.12/lib/python3.12/site-packages/airflow/example_dags/example_branch_datetime_operator.py                                                  0           0                                                            0
/home/game/.cache/pypoetry/virtualenvs/airflow-install-dU2IC21M-py3.12/lib/python3.12/site-packages/airflow/example_dags/example_xcomargs.py                                                                  0           0                                                            0
/home/game/.cache/pypoetry/virtualenvs/airflow-install-dU2IC21M-py3.12/lib/python3.12/site-packages/airflow/example_dags/example_bash_operator.py                                                             0           0                                                            0
/home/game/.cache/pypoetry/virtualenvs/airflow-install-dU2IC21M-py3.12/lib/python3.12/site-packages/airflow/example_dags/example_params_trigger_ui.py                                                         0           0                                                            0
/home/game/.cache/pypoetry/virtualenvs/airflow-install-dU2IC21M-py3.12/lib/python3.12/site-packages/airflow/example_dags/tutorial_taskflow_api.py                                                             0           0                                                            0
/home/game/.cache/pypoetry/virtualenvs/airflow-install-dU2IC21M-py3.12/lib/python3.12/site-packages/airflow/example_dags/example_skip_dag.py                                                                  0           0                                                            0
/home/game/.cache/pypoetry/virtualenvs/airflow-install-dU2IC21M-py3.12/lib/python3.12/site-packages/airflow/example_dags/example_latest_only_with_trigger.py                                                  0           0                                                            0
/home/game/.cache/pypoetry/virtualenvs/airflow-install-dU2IC21M-py3.12/lib/python3.12/site-packages/airflow/example_dags/example_datasets.py                                                                  0           0                                                            0
/home/game/.cache/pypoetry/virtualenvs/airflow-install-dU2IC21M-py3.12/lib/python3.12/site-packages/airflow/example_dags/example_branch_operator.py                                                           0           0                                                            0
/home/game/.cache/pypoetry/virtualenvs/airflow-install-dU2IC21M-py3.12/lib/python3.12/site-packages/airflow/example_dags/example_dataset_alias_with_no_taskflow.py                                            0           0                                                            0
/home/game/.cache/pypoetry/virtualenvs/airflow-install-dU2IC21M-py3.12/lib/python3.12/site-packages/airflow/example_dags/example_setup_teardown.py                                                            0           0                                                            0
/home/game/.cache/pypoetry/virtualenvs/airflow-install-dU2IC21M-py3.12/lib/python3.12/site-packages/airflow/example_dags/example_branch_python_dop_operator_3.py                                              0           0                                                            0
/home/game/.cache/pypoetry/virtualenvs/airflow-install-dU2IC21M-py3.12/lib/python3.12/site-packages/airflow/example_dags/example_time_delta_sensor_async.py                                                   0           0                                                            0
/home/game/.cache/pypoetry/virtualenvs/airflow-install-dU2IC21M-py3.12/lib/python3.12/site-packages/airflow/example_dags/tutorial_dag.py                                                                      0           0                                                            0
/home/game/.cache/pypoetry/virtualenvs/airflow-install-dU2IC21M-py3.12/lib/python3.12/site-packages/airflow/example_dags/example_sensors.py                                                                   0           0                                                            0
/home/game/.cache/pypoetry/virtualenvs/airflow-install-dU2IC21M-py3.12/lib/python3.12/site-packages/airflow/example_dags/plugins/listener_plugin.py                                                           0           0                                                            0
/home/game/.cache/pypoetry/virtualenvs/airflow-install-dU2IC21M-py3.12/lib/python3.12/site-packages/airflow/example_dags/plugins/workday.py                                                                   0           0                                                            0
/home/game/.cache/pypoetry/virtualenvs/airflow-install-dU2IC21M-py3.12/lib/python3.12/site-packages/airflow/example_dags/plugins/event_listener.py                                                            0           0                                                            0
/home/game/.cache/pypoetry/virtualenvs/airflow-install-dU2IC21M-py3.12/lib/python3.12/site-packages/airflow/example_dags/plugins/decreasing_priority_weight_strategy.py                                       0           0                                                            0
/home/game/.cache/pypoetry/virtualenvs/airflow-install-dU2IC21M-py3.12/lib/python3.12/site-packages/airflow/example_dags/subdags/subdag.py                                                                    0           0                                                            0
================================================================================
[2024-11-11T00:11:16.868+0700] {manager.py:997} INFO - 
================================================================================
DAG File Processing Stats

File Path                                                                                                                                                                            PID    Runtime      # DAGs    # Errors  Last Runtime    Last Run               Last # of DB Queries
-----------------------------------------------------------------------------------------------------------------------------------------------------------------------------------  -----  ---------  --------  ----------  --------------  -------------------  ----------------------
/home/game/.cache/pypoetry/virtualenvs/airflow-install-dU2IC21M-py3.12/lib/python3.12/site-packages/airflow/example_dags/example_outlet_event_extra.py                                                        3           0  0.30s           2024-11-10T17:10:46                     118
/home/game/.cache/pypoetry/virtualenvs/airflow-install-dU2IC21M-py3.12/lib/python3.12/site-packages/airflow/example_dags/example_dataset_alias.py                                                             4           0  0.30s           2024-11-10T17:10:56                     157
/home/game/.cache/pypoetry/virtualenvs/airflow-install-dU2IC21M-py3.12/lib/python3.12/site-packages/airflow/example_dags/tutorial_taskflow_api_virtualenv.py                                                  1           0  0.21s           2024-11-10T17:10:56                      43
/home/game/.cache/pypoetry/virtualenvs/airflow-install-dU2IC21M-py3.12/lib/python3.12/site-packages/airflow/example_dags/example_external_task_marker_dag.py                                                  2           0  0.20s           2024-11-10T17:11:15                      79
/home/game/.cache/pypoetry/virtualenvs/airflow-install-dU2IC21M-py3.12/lib/python3.12/site-packages/airflow/example_dags/example_xcom.py                                                                      1           0  0.20s           2024-11-10T17:10:51                      45
/home/game/.cache/pypoetry/virtualenvs/airflow-install-dU2IC21M-py3.12/lib/python3.12/site-packages/airflow/example_dags/example_short_circuit_decorator.py                                                   1           0  0.20s           2024-11-10T17:11:16                      43
/home/game/.cache/pypoetry/virtualenvs/airflow-install-dU2IC21M-py3.12/lib/python3.12/site-packages/airflow/example_dags/example_dag_decorator.py                                                             1           0  0.20s           2024-11-10T17:10:58                      43
/home/game/.cache/pypoetry/virtualenvs/airflow-install-dU2IC21M-py3.12/lib/python3.12/site-packages/airflow/example_dags/example_inlet_event_extra.py                                                         2           0  0.20s           2024-11-10T17:11:16                      81
/home/game/.cache/pypoetry/virtualenvs/airflow-install-dU2IC21M-py3.12/lib/python3.12/site-packages/airflow/example_dags/example_nested_branch_dag.py                                                         1           0  0.20s           2024-11-10T17:11:00                      45
/home/game/.cache/pypoetry/virtualenvs/airflow-install-dU2IC21M-py3.12/lib/python3.12/site-packages/airflow/example_dags/example_trigger_target_dag.py                                                        1           0  0.20s           2024-11-10T17:11:01                      43
/home/game/.cache/pypoetry/virtualenvs/airflow-install-dU2IC21M-py3.12/lib/python3.12/site-packages/airflow/example_dags/example_params_ui_tutorial.py                                                        1           0  0.20s           2024-11-10T17:11:12                      43
/home/game/.cache/pypoetry/virtualenvs/airflow-install-dU2IC21M-py3.12/lib/python3.12/site-packages/airflow/example_dags/example_passing_params_via_test_command.py                                           1           0  0.20s           2024-11-10T17:11:03                      45
/home/game/.cache/pypoetry/virtualenvs/airflow-install-dU2IC21M-py3.12/lib/python3.12/site-packages/airflow/example_dags/example_dynamic_task_mapping_with_no_taskflow_operators.py                           1           0  0.20s           2024-11-10T17:11:04                      43
/home/game/.cache/pypoetry/virtualenvs/airflow-install-dU2IC21M-py3.12/lib/python3.12/site-packages/airflow/example_dags/example_subdag_operator.py                                                           3           0  0.20s           2024-11-10T17:11:06                      53
/home/game/.cache/pypoetry/virtualenvs/airflow-install-dU2IC21M-py3.12/lib/python3.12/site-packages/airflow/example_dags/example_complex.py                                                                   1           0  0.20s           2024-11-10T17:11:11                      43
/home/game/.cache/pypoetry/virtualenvs/airflow-install-dU2IC21M-py3.12/lib/python3.12/site-packages/airflow/example_dags/example_task_group_decorator.py                                                      1           0  0.20s           2024-11-10T17:10:50                      43
/home/game/.cache/pypoetry/virtualenvs/airflow-install-dU2IC21M-py3.12/lib/python3.12/site-packages/airflow/example_dags/tutorial_objectstorage.py                                                            1           0  0.20s           2024-11-10T17:11:07                      43
/home/game/.cache/pypoetry/virtualenvs/airflow-install-dU2IC21M-py3.12/lib/python3.12/site-packages/airflow/example_dags/example_python_operator.py                                                           1           0  0.20s           2024-11-10T17:11:12                      43
/home/game/.cache/pypoetry/virtualenvs/airflow-install-dU2IC21M-py3.12/lib/python3.12/site-packages/airflow/example_dags/example_dynamic_task_mapping.py                                                      1           0  0.20s           2024-11-10T17:11:02                      43
/home/game/.cache/pypoetry/virtualenvs/airflow-install-dU2IC21M-py3.12/lib/python3.12/site-packages/airflow/example_dags/example_task_group.py                                                                1           0  0.20s           2024-11-10T17:10:49                      43
/home/game/.cache/pypoetry/virtualenvs/airflow-install-dU2IC21M-py3.12/lib/python3.12/site-packages/airflow/example_dags/example_trigger_controller_dag.py                                                    1           0  0.20s           2024-11-10T17:10:54                      45
/home/game/.cache/pypoetry/virtualenvs/airflow-install-dU2IC21M-py3.12/lib/python3.12/site-packages/airflow/example_dags/example_setup_teardown_taskflow.py                                                   1           0  0.20s           2024-11-10T17:10:48                      43
/home/game/.cache/pypoetry/virtualenvs/airflow-install-dU2IC21M-py3.12/lib/python3.12/site-packages/airflow/example_dags/example_workday_timetable.py                                                         1           0  0.20s           2024-11-10T17:11:05                      45
/home/game/.cache/pypoetry/virtualenvs/airflow-install-dU2IC21M-py3.12/lib/python3.12/site-packages/airflow/example_dags/example_sla_dag.py                                                                   1           0  0.20s           2024-11-10T17:10:59                      45
/home/game/.cache/pypoetry/virtualenvs/airflow-install-dU2IC21M-py3.12/lib/python3.12/site-packages/airflow/example_dags/example_sensor_decorator.py                                                          1           0  0.20s           2024-11-10T17:11:09                      43
/home/game/.cache/pypoetry/virtualenvs/airflow-install-dU2IC21M-py3.12/lib/python3.12/site-packages/airflow/example_dags/tutorial.py                                                                          1           0  0.20s           2024-11-10T17:11:08                      45
/home/game/.cache/pypoetry/virtualenvs/airflow-install-dU2IC21M-py3.12/lib/python3.12/site-packages/airflow/example_dags/example_display_name.py                                                              1           0  0.20s           2024-11-10T17:10:52                      43
/home/game/.cache/pypoetry/virtualenvs/airflow-install-dU2IC21M-py3.12/lib/python3.12/site-packages/airflow/example_dags/example_kubernetes_executor.py                                                       0           0  0.10s           2024-11-10T17:11:13                       3
/home/game/.cache/pypoetry/virtualenvs/airflow-install-dU2IC21M-py3.12/lib/python3.12/site-packages/airflow/example_dags/example_local_kubernetes_executor.py                                                 0           0  0.10s           2024-11-10T17:10:55                       3
/home/game/.cache/pypoetry/virtualenvs/airflow-install-dU2IC21M-py3.12/lib/python3.12/site-packages/airflow/example_dags/example_branch_labels.py                                                             0           0                                                            0
/home/game/.cache/pypoetry/virtualenvs/airflow-install-dU2IC21M-py3.12/lib/python3.12/site-packages/airflow/example_dags/example_bash_decorator.py                                                            0           0                                                            0
/home/game/.cache/pypoetry/virtualenvs/airflow-install-dU2IC21M-py3.12/lib/python3.12/site-packages/airflow/example_dags/example_branch_day_of_week_operator.py                                               0           0                                                            0
/home/game/.cache/pypoetry/virtualenvs/airflow-install-dU2IC21M-py3.12/lib/python3.12/site-packages/airflow/example_dags/example_branch_operator_decorator.py                                                 0           0                                                            0
/home/game/.cache/pypoetry/virtualenvs/airflow-install-dU2IC21M-py3.12/lib/python3.12/site-packages/airflow/example_dags/tutorial_taskflow_templates.py                                                       0           0                                                            0
/home/game/.cache/pypoetry/virtualenvs/airflow-install-dU2IC21M-py3.12/lib/python3.12/site-packages/airflow/example_dags/example_python_decorator.py                                                          0           0                                                            0
/home/game/.cache/pypoetry/virtualenvs/airflow-install-dU2IC21M-py3.12/lib/python3.12/site-packages/airflow/example_dags/example_latest_only.py                                                               0           0                                                            0
/home/game/.cache/pypoetry/virtualenvs/airflow-install-dU2IC21M-py3.12/lib/python3.12/site-packages/airflow/example_dags/example_short_circuit_operator.py                                                    0           0                                                            0
/home/game/.cache/pypoetry/virtualenvs/airflow-install-dU2IC21M-py3.12/lib/python3.12/site-packages/airflow/example_dags/example_branch_datetime_operator.py                                                  0           0                                                            0
/home/game/.cache/pypoetry/virtualenvs/airflow-install-dU2IC21M-py3.12/lib/python3.12/site-packages/airflow/example_dags/example_xcomargs.py                                                                  0           0                                                            0
/home/game/.cache/pypoetry/virtualenvs/airflow-install-dU2IC21M-py3.12/lib/python3.12/site-packages/airflow/example_dags/example_bash_operator.py                                                             0           0                                                            0
/home/game/.cache/pypoetry/virtualenvs/airflow-install-dU2IC21M-py3.12/lib/python3.12/site-packages/airflow/example_dags/example_params_trigger_ui.py                                                         0           0                                                            0
/home/game/.cache/pypoetry/virtualenvs/airflow-install-dU2IC21M-py3.12/lib/python3.12/site-packages/airflow/example_dags/tutorial_taskflow_api.py                                                             0           0                                                            0
/home/game/.cache/pypoetry/virtualenvs/airflow-install-dU2IC21M-py3.12/lib/python3.12/site-packages/airflow/example_dags/example_skip_dag.py                                                                  0           0                                                            0
/home/game/.cache/pypoetry/virtualenvs/airflow-install-dU2IC21M-py3.12/lib/python3.12/site-packages/airflow/example_dags/example_latest_only_with_trigger.py                                                  0           0                                                            0
/home/game/.cache/pypoetry/virtualenvs/airflow-install-dU2IC21M-py3.12/lib/python3.12/site-packages/airflow/example_dags/example_datasets.py                                                                  0           0                                                            0
/home/game/.cache/pypoetry/virtualenvs/airflow-install-dU2IC21M-py3.12/lib/python3.12/site-packages/airflow/example_dags/example_branch_operator.py                                                           0           0                                                            0
/home/game/.cache/pypoetry/virtualenvs/airflow-install-dU2IC21M-py3.12/lib/python3.12/site-packages/airflow/example_dags/example_dataset_alias_with_no_taskflow.py                                            0           0                                                            0
/home/game/.cache/pypoetry/virtualenvs/airflow-install-dU2IC21M-py3.12/lib/python3.12/site-packages/airflow/example_dags/example_setup_teardown.py                                                            0           0                                                            0
/home/game/.cache/pypoetry/virtualenvs/airflow-install-dU2IC21M-py3.12/lib/python3.12/site-packages/airflow/example_dags/example_branch_python_dop_operator_3.py                                              0           0                                                            0
/home/game/.cache/pypoetry/virtualenvs/airflow-install-dU2IC21M-py3.12/lib/python3.12/site-packages/airflow/example_dags/example_time_delta_sensor_async.py                                                   0           0                                                            0
/home/game/.cache/pypoetry/virtualenvs/airflow-install-dU2IC21M-py3.12/lib/python3.12/site-packages/airflow/example_dags/tutorial_dag.py                                                                      0           0                                                            0
/home/game/.cache/pypoetry/virtualenvs/airflow-install-dU2IC21M-py3.12/lib/python3.12/site-packages/airflow/example_dags/example_sensors.py                                                                   0           0                                                            0
/home/game/.cache/pypoetry/virtualenvs/airflow-install-dU2IC21M-py3.12/lib/python3.12/site-packages/airflow/example_dags/plugins/listener_plugin.py                                                           0           0                                                            0
/home/game/.cache/pypoetry/virtualenvs/airflow-install-dU2IC21M-py3.12/lib/python3.12/site-packages/airflow/example_dags/plugins/workday.py                                                                   0           0                                                            0
/home/game/.cache/pypoetry/virtualenvs/airflow-install-dU2IC21M-py3.12/lib/python3.12/site-packages/airflow/example_dags/plugins/event_listener.py                                                            0           0                                                            0
/home/game/.cache/pypoetry/virtualenvs/airflow-install-dU2IC21M-py3.12/lib/python3.12/site-packages/airflow/example_dags/plugins/decreasing_priority_weight_strategy.py                                       0           0                                                            0
/home/game/.cache/pypoetry/virtualenvs/airflow-install-dU2IC21M-py3.12/lib/python3.12/site-packages/airflow/example_dags/subdags/subdag.py                                                                    0           0                                                            0
================================================================================
[2024-11-11T00:11:18.870+0700] {manager.py:465} INFO - Exiting gracefully upon receiving signal 15
[2024-11-11T00:13:17.383+0700] {manager.py:483} INFO - Processing files using up to 1 processes at a time 
[2024-11-11T00:13:17.383+0700] {manager.py:484} INFO - Process each file at most once every 30 seconds
[2024-11-11T00:13:17.383+0700] {manager.py:485} INFO - Checking for new files in /home/game/learning/12_DataEnd/airflow/airflow-install/airflow/dags every 300 seconds
[2024-11-11T00:13:17.383+0700] {manager.py:821} INFO - Searching for files in /home/game/learning/12_DataEnd/airflow/airflow-install/airflow/dags
[2024-11-11T00:13:17.384+0700] {manager.py:824} INFO - There are 0 files in /home/game/learning/12_DataEnd/airflow/airflow-install/airflow/dags
[2024-11-11T00:16:26.692+0700] {manager.py:465} INFO - Exiting gracefully upon receiving signal 15
[2024-11-11T00:16:35.518+0700] {manager.py:483} INFO - Processing files using up to 1 processes at a time 
[2024-11-11T00:16:35.518+0700] {manager.py:484} INFO - Process each file at most once every 30 seconds
[2024-11-11T00:16:35.518+0700] {manager.py:485} INFO - Checking for new files in /home/game/learning/12_DataEnd/airflow/airflow-install/airflow/dags every 300 seconds
[2024-11-11T00:16:35.518+0700] {manager.py:821} INFO - Searching for files in /home/game/learning/12_DataEnd/airflow/airflow-install/airflow/dags
[2024-11-11T00:16:35.519+0700] {manager.py:824} INFO - There are 2 files in /home/game/learning/12_DataEnd/airflow/airflow-install/airflow/dags
[2024-11-11T00:16:35.743+0700] {manager.py:997} INFO - 
================================================================================
DAG File Processing Stats

File Path                                                                      PID    Runtime      # DAGs    # Errors  Last Runtime    Last Run               Last # of DB Queries
-----------------------------------------------------------------------------  -----  ---------  --------  ----------  --------------  -------------------  ----------------------
/home/game/learning/12_DataEnd/airflow/airflow-install/airflow/dags/hello2.py                           1           0  0.20s           2024-11-10T17:16:35                      45
/home/game/learning/12_DataEnd/airflow/airflow-install/airflow/dags/hello.py                            0           0                                                            0
================================================================================
[2024-11-11T00:17:06.824+0700] {manager.py:997} INFO - 
================================================================================
DAG File Processing Stats

File Path                                                                      PID    Runtime      # DAGs    # Errors  Last Runtime    Last Run               Last # of DB Queries
-----------------------------------------------------------------------------  -----  ---------  --------  ----------  --------------  -------------------  ----------------------
/home/game/learning/12_DataEnd/airflow/airflow-install/airflow/dags/hello.py                            1           0  0.20s           2024-11-10T17:16:36                      45
/home/game/learning/12_DataEnd/airflow/airflow-install/airflow/dags/hello2.py                           1           0  0.10s           2024-11-10T17:17:06                      12
================================================================================
[2024-11-11T00:17:37.047+0700] {manager.py:997} INFO - 
================================================================================
DAG File Processing Stats

File Path                                                                      PID    Runtime      # DAGs    # Errors  Last Runtime    Last Run               Last # of DB Queries
-----------------------------------------------------------------------------  -----  ---------  --------  ----------  --------------  -------------------  ----------------------
/home/game/learning/12_DataEnd/airflow/airflow-install/airflow/dags/hello2.py                           1           0  0.10s           2024-11-10T17:17:37                      12
/home/game/learning/12_DataEnd/airflow/airflow-install/airflow/dags/hello.py                            1           0  0.10s           2024-11-10T17:17:07                      34
================================================================================
[2024-11-11T00:18:07.283+0700] {manager.py:997} INFO - 
================================================================================
DAG File Processing Stats

File Path                                                                      PID    Runtime      # DAGs    # Errors  Last Runtime    Last Run               Last # of DB Queries
-----------------------------------------------------------------------------  -----  ---------  --------  ----------  --------------  -------------------  ----------------------
/home/game/learning/12_DataEnd/airflow/airflow-install/airflow/dags/hello2.py                           1           0  0.10s           2024-11-10T17:18:07                      12
/home/game/learning/12_DataEnd/airflow/airflow-install/airflow/dags/hello.py                            1           0  0.10s           2024-11-10T17:17:38                      34
================================================================================
[2024-11-11T00:18:38.244+0700] {manager.py:997} INFO - 
================================================================================
DAG File Processing Stats

File Path                                                                      PID    Runtime      # DAGs    # Errors  Last Runtime    Last Run               Last # of DB Queries
-----------------------------------------------------------------------------  -----  ---------  --------  ----------  --------------  -------------------  ----------------------
/home/game/learning/12_DataEnd/airflow/airflow-install/airflow/dags/hello.py                            1           0  0.10s           2024-11-10T17:18:08                      34
/home/game/learning/12_DataEnd/airflow/airflow-install/airflow/dags/hello2.py                           1           0  0.10s           2024-11-10T17:18:38                      12
================================================================================
[2024-11-11T00:19:09.251+0700] {manager.py:997} INFO - 
================================================================================
DAG File Processing Stats

File Path                                                                      PID    Runtime      # DAGs    # Errors  Last Runtime    Last Run               Last # of DB Queries
-----------------------------------------------------------------------------  -----  ---------  --------  ----------  --------------  -------------------  ----------------------
/home/game/learning/12_DataEnd/airflow/airflow-install/airflow/dags/hello.py                            1           0  0.10s           2024-11-10T17:18:39                      34
/home/game/learning/12_DataEnd/airflow/airflow-install/airflow/dags/hello2.py                           1           0  0.10s           2024-11-10T17:19:09                      12
================================================================================
[2024-11-11T00:19:40.470+0700] {manager.py:997} INFO - 
================================================================================
DAG File Processing Stats

File Path                                                                      PID    Runtime      # DAGs    # Errors  Last Runtime    Last Run               Last # of DB Queries
-----------------------------------------------------------------------------  -----  ---------  --------  ----------  --------------  -------------------  ----------------------
/home/game/learning/12_DataEnd/airflow/airflow-install/airflow/dags/hello2.py                           1           0  0.10s           2024-11-10T17:19:40                      12
/home/game/learning/12_DataEnd/airflow/airflow-install/airflow/dags/hello.py                            1           0  0.10s           2024-11-10T17:19:10                      34
================================================================================
[2024-11-11T00:20:10.980+0700] {manager.py:997} INFO - 
================================================================================
DAG File Processing Stats

File Path                                                                      PID    Runtime      # DAGs    # Errors  Last Runtime    Last Run               Last # of DB Queries
-----------------------------------------------------------------------------  -----  ---------  --------  ----------  --------------  -------------------  ----------------------
/home/game/learning/12_DataEnd/airflow/airflow-install/airflow/dags/hello2.py                           1           0  0.10s           2024-11-10T17:20:10                      12
/home/game/learning/12_DataEnd/airflow/airflow-install/airflow/dags/hello.py                            1           0  0.10s           2024-11-10T17:19:41                      34
================================================================================
[2024-11-11T00:20:41.405+0700] {manager.py:997} INFO - 
================================================================================
DAG File Processing Stats

File Path                                                                      PID    Runtime      # DAGs    # Errors  Last Runtime    Last Run               Last # of DB Queries
-----------------------------------------------------------------------------  -----  ---------  --------  ----------  --------------  -------------------  ----------------------
/home/game/learning/12_DataEnd/airflow/airflow-install/airflow/dags/hello.py                            1           0  0.50s           2024-11-10T17:20:12                      34
/home/game/learning/12_DataEnd/airflow/airflow-install/airflow/dags/hello2.py                           1           0  0.10s           2024-11-10T17:20:41                      12
================================================================================
[2024-11-11T00:21:11.577+0700] {manager.py:997} INFO - 
================================================================================
DAG File Processing Stats

File Path                                                                      PID    Runtime      # DAGs    # Errors  Last Runtime    Last Run               Last # of DB Queries
-----------------------------------------------------------------------------  -----  ---------  --------  ----------  --------------  -------------------  ----------------------
/home/game/learning/12_DataEnd/airflow/airflow-install/airflow/dags/hello2.py                           1           0  0.10s           2024-11-10T17:21:11                      12
/home/game/learning/12_DataEnd/airflow/airflow-install/airflow/dags/hello.py                            1           0  0.10s           2024-11-10T17:20:43                      34
================================================================================
[2024-11-11T00:21:36.248+0700] {manager.py:821} INFO - Searching for files in /home/game/learning/12_DataEnd/airflow/airflow-install/airflow/dags
[2024-11-11T00:21:36.249+0700] {manager.py:824} INFO - There are 3 files in /home/game/learning/12_DataEnd/airflow/airflow-install/airflow/dags
[2024-11-11T00:21:42.807+0700] {manager.py:997} INFO - 
================================================================================
DAG File Processing Stats

File Path                                                                      PID    Runtime      # DAGs    # Errors  Last Runtime    Last Run               Last # of DB Queries
-----------------------------------------------------------------------------  -----  ---------  --------  ----------  --------------  -------------------  ----------------------
/home/game/learning/12_DataEnd/airflow/airflow-install/airflow/dags/hello2.py                           1           0  0.10s           2024-11-10T17:21:42                      11
/home/game/learning/12_DataEnd/airflow/airflow-install/airflow/dags/hello3.py                           1           0  0.10s           2024-11-10T17:21:36                      34
/home/game/learning/12_DataEnd/airflow/airflow-install/airflow/dags/hello.py                            1           0  0.10s           2024-11-10T17:21:14                      34
================================================================================
[2024-11-11T00:22:13.481+0700] {manager.py:997} INFO - 
================================================================================
DAG File Processing Stats

File Path                                                                      PID    Runtime      # DAGs    # Errors  Last Runtime    Last Run               Last # of DB Queries
-----------------------------------------------------------------------------  -----  ---------  --------  ----------  --------------  -------------------  ----------------------
/home/game/learning/12_DataEnd/airflow/airflow-install/airflow/dags/hello.py                            1           0  0.10s           2024-11-10T17:21:45                      34
/home/game/learning/12_DataEnd/airflow/airflow-install/airflow/dags/hello2.py                           1           0  0.10s           2024-11-10T17:22:13                      34
/home/game/learning/12_DataEnd/airflow/airflow-install/airflow/dags/hello3.py                           1           0  0.10s           2024-11-10T17:22:07                      12
================================================================================
[2024-11-11T00:22:44.454+0700] {manager.py:997} INFO - 
================================================================================
DAG File Processing Stats

File Path                                                                      PID    Runtime      # DAGs    # Errors  Last Runtime    Last Run               Last # of DB Queries
-----------------------------------------------------------------------------  -----  ---------  --------  ----------  --------------  -------------------  ----------------------
/home/game/learning/12_DataEnd/airflow/airflow-install/airflow/dags/hello2.py                           1           0  0.10s           2024-11-10T17:22:44                      12
/home/game/learning/12_DataEnd/airflow/airflow-install/airflow/dags/hello3.py                           1           0  0.10s           2024-11-10T17:22:38                      11
/home/game/learning/12_DataEnd/airflow/airflow-install/airflow/dags/hello.py                            1           0  0.10s           2024-11-10T17:22:16                      34
================================================================================
[2024-11-11T00:23:15.802+0700] {manager.py:997} INFO - 
================================================================================
DAG File Processing Stats

File Path                                                                      PID    Runtime      # DAGs    # Errors  Last Runtime    Last Run               Last # of DB Queries
-----------------------------------------------------------------------------  -----  ---------  --------  ----------  --------------  -------------------  ----------------------
/home/game/learning/12_DataEnd/airflow/airflow-install/airflow/dags/hello2.py                           1           0  0.10s           2024-11-10T17:23:15                      11
/home/game/learning/12_DataEnd/airflow/airflow-install/airflow/dags/hello3.py                           1           0  0.10s           2024-11-10T17:23:08                      34
/home/game/learning/12_DataEnd/airflow/airflow-install/airflow/dags/hello.py                            1           0  0.10s           2024-11-10T17:22:47                      34
================================================================================
[2024-11-11T00:23:46.087+0700] {manager.py:997} INFO - 
================================================================================
DAG File Processing Stats

File Path                                                                      PID    Runtime      # DAGs    # Errors  Last Runtime    Last Run               Last # of DB Queries
-----------------------------------------------------------------------------  -----  ---------  --------  ----------  --------------  -------------------  ----------------------
/home/game/learning/12_DataEnd/airflow/airflow-install/airflow/dags/hello3.py                           1           0  0.10s           2024-11-10T17:23:38                      12
/home/game/learning/12_DataEnd/airflow/airflow-install/airflow/dags/hello2.py                           1           0  0.10s           2024-11-10T17:23:46                      34
/home/game/learning/12_DataEnd/airflow/airflow-install/airflow/dags/hello.py                            1           0  0.10s           2024-11-10T17:23:18                      34
================================================================================
[2024-11-11T00:24:16.794+0700] {manager.py:997} INFO - 
================================================================================
DAG File Processing Stats

File Path                                                                      PID    Runtime      # DAGs    # Errors  Last Runtime    Last Run               Last # of DB Queries
-----------------------------------------------------------------------------  -----  ---------  --------  ----------  --------------  -------------------  ----------------------
/home/game/learning/12_DataEnd/airflow/airflow-install/airflow/dags/hello2.py                           1           0  0.10s           2024-11-10T17:24:16                      12
/home/game/learning/12_DataEnd/airflow/airflow-install/airflow/dags/hello3.py                           1           0  0.10s           2024-11-10T17:24:09                      11
/home/game/learning/12_DataEnd/airflow/airflow-install/airflow/dags/hello.py                            1           0  0.10s           2024-11-10T17:23:48                      34
================================================================================
[2024-11-11T00:24:47.791+0700] {manager.py:997} INFO - 
================================================================================
DAG File Processing Stats

File Path                                                                      PID    Runtime      # DAGs    # Errors  Last Runtime    Last Run               Last # of DB Queries
-----------------------------------------------------------------------------  -----  ---------  --------  ----------  --------------  -------------------  ----------------------
/home/game/learning/12_DataEnd/airflow/airflow-install/airflow/dags/hello3.py                           1           0  0.10s           2024-11-10T17:24:39                      34
/home/game/learning/12_DataEnd/airflow/airflow-install/airflow/dags/hello2.py                           1           0  0.10s           2024-11-10T17:24:47                      11
/home/game/learning/12_DataEnd/airflow/airflow-install/airflow/dags/hello.py                            1           0  0.10s           2024-11-10T17:24:18                      34
================================================================================
[2024-11-11T00:25:18.119+0700] {manager.py:997} INFO - 
================================================================================
DAG File Processing Stats

File Path                                                                      PID    Runtime      # DAGs    # Errors  Last Runtime    Last Run               Last # of DB Queries
-----------------------------------------------------------------------------  -----  ---------  --------  ----------  --------------  -------------------  ----------------------
/home/game/learning/12_DataEnd/airflow/airflow-install/airflow/dags/hello3.py                           1           0  0.10s           2024-11-10T17:25:10                      12
/home/game/learning/12_DataEnd/airflow/airflow-install/airflow/dags/hello2.py                           1           0  0.10s           2024-11-10T17:25:18                      34
/home/game/learning/12_DataEnd/airflow/airflow-install/airflow/dags/hello.py                            1           0  0.10s           2024-11-10T17:24:48                      34
================================================================================
[2024-11-11T00:25:48.444+0700] {manager.py:997} INFO - 
================================================================================
DAG File Processing Stats

File Path                                                                      PID    Runtime      # DAGs    # Errors  Last Runtime    Last Run               Last # of DB Queries
-----------------------------------------------------------------------------  -----  ---------  --------  ----------  --------------  -------------------  ----------------------
/home/game/learning/12_DataEnd/airflow/airflow-install/airflow/dags/hello.py                            1           0  0.11s           2024-11-10T17:25:19                      34
/home/game/learning/12_DataEnd/airflow/airflow-install/airflow/dags/hello2.py                           1           0  0.10s           2024-11-10T17:25:48                      12
/home/game/learning/12_DataEnd/airflow/airflow-install/airflow/dags/hello3.py                           1           0  0.10s           2024-11-10T17:25:40                      11
================================================================================
[2024-11-11T00:26:18.773+0700] {manager.py:997} INFO - 
================================================================================
DAG File Processing Stats

File Path                                                                      PID    Runtime      # DAGs    # Errors  Last Runtime    Last Run               Last # of DB Queries
-----------------------------------------------------------------------------  -----  ---------  --------  ----------  --------------  -------------------  ----------------------
/home/game/learning/12_DataEnd/airflow/airflow-install/airflow/dags/hello.py                            1           0  0.10s           2024-11-10T17:25:49                      34
/home/game/learning/12_DataEnd/airflow/airflow-install/airflow/dags/hello3.py                           1           0  0.10s           2024-11-10T17:26:11                      34
/home/game/learning/12_DataEnd/airflow/airflow-install/airflow/dags/hello2.py                           1           0  0.10s           2024-11-10T17:26:18                      11
================================================================================
[2024-11-11T00:26:36.250+0700] {manager.py:821} INFO - Searching for files in /home/game/learning/12_DataEnd/airflow/airflow-install/airflow/dags
[2024-11-11T00:26:36.251+0700] {manager.py:824} INFO - There are 3 files in /home/game/learning/12_DataEnd/airflow/airflow-install/airflow/dags
[2024-11-11T00:26:49.111+0700] {manager.py:997} INFO - 
================================================================================
DAG File Processing Stats

File Path                                                                      PID    Runtime      # DAGs    # Errors  Last Runtime    Last Run               Last # of DB Queries
-----------------------------------------------------------------------------  -----  ---------  --------  ----------  --------------  -------------------  ----------------------
/home/game/learning/12_DataEnd/airflow/airflow-install/airflow/dags/hello3.py                           1           0  0.10s           2024-11-10T17:26:42                      12
/home/game/learning/12_DataEnd/airflow/airflow-install/airflow/dags/hello2.py                           1           0  0.10s           2024-11-10T17:26:49                      34
/home/game/learning/12_DataEnd/airflow/airflow-install/airflow/dags/hello.py                            1           0  0.10s           2024-11-10T17:26:19                      34
================================================================================
[2024-11-11T00:27:19.451+0700] {manager.py:997} INFO - 
================================================================================
DAG File Processing Stats

File Path                                                                      PID    Runtime      # DAGs    # Errors  Last Runtime    Last Run               Last # of DB Queries
-----------------------------------------------------------------------------  -----  ---------  --------  ----------  --------------  -------------------  ----------------------
/home/game/learning/12_DataEnd/airflow/airflow-install/airflow/dags/hello3.py                           1           0  0.10s           2024-11-10T17:27:12                      11
/home/game/learning/12_DataEnd/airflow/airflow-install/airflow/dags/hello2.py                           1           0  0.10s           2024-11-10T17:27:19                      12
/home/game/learning/12_DataEnd/airflow/airflow-install/airflow/dags/hello.py                            1           0  0.10s           2024-11-10T17:26:50                      34
================================================================================
[2024-11-11T00:27:49.794+0700] {manager.py:997} INFO - 
================================================================================
DAG File Processing Stats

File Path                                                                      PID    Runtime      # DAGs    # Errors  Last Runtime    Last Run               Last # of DB Queries
-----------------------------------------------------------------------------  -----  ---------  --------  ----------  --------------  -------------------  ----------------------
/home/game/learning/12_DataEnd/airflow/airflow-install/airflow/dags/hello3.py                           1           0  0.10s           2024-11-10T17:27:42                      34
/home/game/learning/12_DataEnd/airflow/airflow-install/airflow/dags/hello.py                            1           0  0.10s           2024-11-10T17:27:20                      34
/home/game/learning/12_DataEnd/airflow/airflow-install/airflow/dags/hello2.py                           1           0  0.10s           2024-11-10T17:27:49                      11
================================================================================
[2024-11-11T00:28:20.141+0700] {manager.py:997} INFO - 
================================================================================
DAG File Processing Stats

File Path                                                                      PID    Runtime      # DAGs    # Errors  Last Runtime    Last Run               Last # of DB Queries
-----------------------------------------------------------------------------  -----  ---------  --------  ----------  --------------  -------------------  ----------------------
/home/game/learning/12_DataEnd/airflow/airflow-install/airflow/dags/hello3.py                           1           0  0.10s           2024-11-10T17:28:13                      12
/home/game/learning/12_DataEnd/airflow/airflow-install/airflow/dags/hello2.py                           1           0  0.10s           2024-11-10T17:28:20                      34
/home/game/learning/12_DataEnd/airflow/airflow-install/airflow/dags/hello.py                            1           0  0.10s           2024-11-10T17:27:50                      34
================================================================================
[2024-11-11T00:28:50.484+0700] {manager.py:997} INFO - 
================================================================================
DAG File Processing Stats

File Path                                                                      PID    Runtime      # DAGs    # Errors  Last Runtime    Last Run               Last # of DB Queries
-----------------------------------------------------------------------------  -----  ---------  --------  ----------  --------------  -------------------  ----------------------
/home/game/learning/12_DataEnd/airflow/airflow-install/airflow/dags/hello2.py                           1           0  0.10s           2024-11-10T17:28:50                      12
/home/game/learning/12_DataEnd/airflow/airflow-install/airflow/dags/hello.py                            1           0  0.10s           2024-11-10T17:28:21                      34
/home/game/learning/12_DataEnd/airflow/airflow-install/airflow/dags/hello3.py                           1           0  0.10s           2024-11-10T17:28:43                      11
================================================================================
[2024-11-11T00:29:20.821+0700] {manager.py:997} INFO - 
================================================================================
DAG File Processing Stats

File Path                                                                      PID    Runtime      # DAGs    # Errors  Last Runtime    Last Run               Last # of DB Queries
-----------------------------------------------------------------------------  -----  ---------  --------  ----------  --------------  -------------------  ----------------------
/home/game/learning/12_DataEnd/airflow/airflow-install/airflow/dags/hello2.py                           1           0  0.11s           2024-11-10T17:29:20                      11
/home/game/learning/12_DataEnd/airflow/airflow-install/airflow/dags/hello3.py                           1           0  0.10s           2024-11-10T17:29:13                      34
/home/game/learning/12_DataEnd/airflow/airflow-install/airflow/dags/hello.py                            1           0  0.10s           2024-11-10T17:28:51                      34
================================================================================
[2024-11-11T00:29:51.224+0700] {manager.py:997} INFO - 
================================================================================
DAG File Processing Stats

File Path                                                                      PID    Runtime      # DAGs    # Errors  Last Runtime    Last Run               Last # of DB Queries
-----------------------------------------------------------------------------  -----  ---------  --------  ----------  --------------  -------------------  ----------------------
/home/game/learning/12_DataEnd/airflow/airflow-install/airflow/dags/hello2.py                           1           0  0.20s           2024-11-10T17:29:51                      34
/home/game/learning/12_DataEnd/airflow/airflow-install/airflow/dags/hello.py                            1           0  0.11s           2024-11-10T17:29:21                      34
/home/game/learning/12_DataEnd/airflow/airflow-install/airflow/dags/hello3.py                           1           0  0.10s           2024-11-10T17:29:43                      12
================================================================================
[2024-11-11T00:30:21.564+0700] {manager.py:997} INFO - 
================================================================================
DAG File Processing Stats

File Path                                                                      PID    Runtime      # DAGs    # Errors  Last Runtime    Last Run               Last # of DB Queries
-----------------------------------------------------------------------------  -----  ---------  --------  ----------  --------------  -------------------  ----------------------
/home/game/learning/12_DataEnd/airflow/airflow-install/airflow/dags/hello3.py                           1           0  0.11s           2024-11-10T17:30:14                      11
/home/game/learning/12_DataEnd/airflow/airflow-install/airflow/dags/hello2.py                           1           0  0.10s           2024-11-10T17:30:21                      12
/home/game/learning/12_DataEnd/airflow/airflow-install/airflow/dags/hello.py                            1           0  0.10s           2024-11-10T17:29:51                      34
================================================================================
[2024-11-11T00:30:51.913+0700] {manager.py:997} INFO - 
================================================================================
DAG File Processing Stats

File Path                                                                      PID    Runtime      # DAGs    # Errors  Last Runtime    Last Run               Last # of DB Queries
-----------------------------------------------------------------------------  -----  ---------  --------  ----------  --------------  -------------------  ----------------------
/home/game/learning/12_DataEnd/airflow/airflow-install/airflow/dags/hello.py                            1           0  0.20s           2024-11-10T17:30:22                      34
/home/game/learning/12_DataEnd/airflow/airflow-install/airflow/dags/hello3.py                           1           0  0.20s           2024-11-10T17:30:44                      34
/home/game/learning/12_DataEnd/airflow/airflow-install/airflow/dags/hello2.py                           1           0  0.10s           2024-11-10T17:30:51                      11
================================================================================
[2024-11-11T00:31:22.355+0700] {manager.py:997} INFO - 
================================================================================
DAG File Processing Stats

File Path                                                                      PID    Runtime      # DAGs    # Errors  Last Runtime    Last Run               Last # of DB Queries
-----------------------------------------------------------------------------  -----  ---------  --------  ----------  --------------  -------------------  ----------------------
/home/game/learning/12_DataEnd/airflow/airflow-install/airflow/dags/hello2.py                           1           0  0.20s           2024-11-10T17:31:22                      34
/home/game/learning/12_DataEnd/airflow/airflow-install/airflow/dags/hello.py                            1           0  0.20s           2024-11-10T17:30:52                      34
/home/game/learning/12_DataEnd/airflow/airflow-install/airflow/dags/hello3.py                           1           0  0.10s           2024-11-10T17:31:14                      12
================================================================================
[2024-11-11T00:31:36.287+0700] {manager.py:821} INFO - Searching for files in /home/game/learning/12_DataEnd/airflow/airflow-install/airflow/dags
[2024-11-11T00:31:36.289+0700] {manager.py:824} INFO - There are 3 files in /home/game/learning/12_DataEnd/airflow/airflow-install/airflow/dags
[2024-11-11T00:31:52.527+0700] {manager.py:997} INFO - 
================================================================================
DAG File Processing Stats

File Path                                                                      PID    Runtime      # DAGs    # Errors  Last Runtime    Last Run               Last # of DB Queries
-----------------------------------------------------------------------------  -----  ---------  --------  ----------  --------------  -------------------  ----------------------
/home/game/learning/12_DataEnd/airflow/airflow-install/airflow/dags/hello.py                            1           0  0.20s           2024-11-10T17:31:23                      34
/home/game/learning/12_DataEnd/airflow/airflow-install/airflow/dags/hello3.py                           1           0  0.10s           2024-11-10T17:31:44                      11
/home/game/learning/12_DataEnd/airflow/airflow-install/airflow/dags/hello2.py                           1           0  0.10s           2024-11-10T17:31:52                      12
================================================================================
[2024-11-11T00:32:22.697+0700] {manager.py:997} INFO - 
================================================================================
DAG File Processing Stats

File Path                                                                      PID    Runtime      # DAGs    # Errors  Last Runtime    Last Run               Last # of DB Queries
-----------------------------------------------------------------------------  -----  ---------  --------  ----------  --------------  -------------------  ----------------------
/home/game/learning/12_DataEnd/airflow/airflow-install/airflow/dags/hello3.py                           1           0  0.20s           2024-11-10T17:32:14                      34
/home/game/learning/12_DataEnd/airflow/airflow-install/airflow/dags/hello.py                            1           0  0.20s           2024-11-10T17:31:53                      34
/home/game/learning/12_DataEnd/airflow/airflow-install/airflow/dags/hello2.py                           1           0  0.10s           2024-11-10T17:32:22                      11
================================================================================
[2024-11-11T00:32:52.962+0700] {manager.py:997} INFO - 
================================================================================
DAG File Processing Stats

File Path                                                                      PID    Runtime      # DAGs    # Errors  Last Runtime    Last Run               Last # of DB Queries
-----------------------------------------------------------------------------  -----  ---------  --------  ----------  --------------  -------------------  ----------------------
/home/game/learning/12_DataEnd/airflow/airflow-install/airflow/dags/hello2.py                           1           0  0.20s           2024-11-10T17:32:52                      34
/home/game/learning/12_DataEnd/airflow/airflow-install/airflow/dags/hello.py                            1           0  0.20s           2024-11-10T17:32:24                      34
/home/game/learning/12_DataEnd/airflow/airflow-install/airflow/dags/hello3.py                           1           0  0.10s           2024-11-10T17:32:45                      12
================================================================================
[2024-11-11T00:33:23.127+0700] {manager.py:997} INFO - 
================================================================================
DAG File Processing Stats

File Path                                                                      PID    Runtime      # DAGs    # Errors  Last Runtime    Last Run               Last # of DB Queries
-----------------------------------------------------------------------------  -----  ---------  --------  ----------  --------------  -------------------  ----------------------
/home/game/learning/12_DataEnd/airflow/airflow-install/airflow/dags/hello.py                            1           0  0.20s           2024-11-10T17:32:54                      34
/home/game/learning/12_DataEnd/airflow/airflow-install/airflow/dags/hello3.py                           1           0  0.10s           2024-11-10T17:33:15                      11
/home/game/learning/12_DataEnd/airflow/airflow-install/airflow/dags/hello2.py                           1           0  0.10s           2024-11-10T17:33:23                      12
================================================================================
[2024-11-11T00:33:53.279+0700] {manager.py:997} INFO - 
================================================================================
DAG File Processing Stats

File Path                                                                      PID    Runtime      # DAGs    # Errors  Last Runtime    Last Run               Last # of DB Queries
-----------------------------------------------------------------------------  -----  ---------  --------  ----------  --------------  -------------------  ----------------------
/home/game/learning/12_DataEnd/airflow/airflow-install/airflow/dags/hello.py                            1           0  0.20s           2024-11-10T17:33:24                      34
/home/game/learning/12_DataEnd/airflow/airflow-install/airflow/dags/hello3.py                           1           0  0.20s           2024-11-10T17:33:45                      34
/home/game/learning/12_DataEnd/airflow/airflow-install/airflow/dags/hello2.py                           1           0  0.10s           2024-11-10T17:33:53                      11
================================================================================
[2024-11-11T00:34:23.554+0700] {manager.py:997} INFO - 
================================================================================
DAG File Processing Stats

File Path                                                                      PID    Runtime      # DAGs    # Errors  Last Runtime    Last Run               Last # of DB Queries
-----------------------------------------------------------------------------  -----  ---------  --------  ----------  --------------  -------------------  ----------------------
/home/game/learning/12_DataEnd/airflow/airflow-install/airflow/dags/hello2.py                           1           0  0.21s           2024-11-10T17:34:23                      34
/home/game/learning/12_DataEnd/airflow/airflow-install/airflow/dags/hello.py                            1           0  0.20s           2024-11-10T17:33:54                      34
/home/game/learning/12_DataEnd/airflow/airflow-install/airflow/dags/hello3.py                           1           0  0.10s           2024-11-10T17:34:15                      12
================================================================================
[2024-11-11T00:34:53.831+0700] {manager.py:997} INFO - 
================================================================================
DAG File Processing Stats

File Path                                                                      PID    Runtime      # DAGs    # Errors  Last Runtime    Last Run               Last # of DB Queries
-----------------------------------------------------------------------------  -----  ---------  --------  ----------  --------------  -------------------  ----------------------
/home/game/learning/12_DataEnd/airflow/airflow-install/airflow/dags/hello2.py                           1           0  0.20s           2024-11-10T17:34:53                      12
/home/game/learning/12_DataEnd/airflow/airflow-install/airflow/dags/hello.py                            1           0  0.20s           2024-11-10T17:34:24                      34
/home/game/learning/12_DataEnd/airflow/airflow-install/airflow/dags/hello3.py                           1           0  0.10s           2024-11-10T17:34:46                      11
================================================================================
[2024-11-11T00:35:24.093+0700] {manager.py:997} INFO - 
================================================================================
DAG File Processing Stats

File Path                                                                      PID    Runtime      # DAGs    # Errors  Last Runtime    Last Run               Last # of DB Queries
-----------------------------------------------------------------------------  -----  ---------  --------  ----------  --------------  -------------------  ----------------------
/home/game/learning/12_DataEnd/airflow/airflow-install/airflow/dags/hello.py                            1           0  0.21s           2024-11-10T17:34:55                      34
/home/game/learning/12_DataEnd/airflow/airflow-install/airflow/dags/hello3.py                           1           0  0.20s           2024-11-10T17:35:16                      34
/home/game/learning/12_DataEnd/airflow/airflow-install/airflow/dags/hello2.py                           1           0  0.20s           2024-11-10T17:35:24                      11
================================================================================
[2024-11-11T00:35:54.367+0700] {manager.py:997} INFO - 
================================================================================
DAG File Processing Stats

File Path                                                                      PID    Runtime      # DAGs    # Errors  Last Runtime    Last Run               Last # of DB Queries
-----------------------------------------------------------------------------  -----  ---------  --------  ----------  --------------  -------------------  ----------------------
/home/game/learning/12_DataEnd/airflow/airflow-install/airflow/dags/hello2.py                           1           0  0.20s           2024-11-10T17:35:54                      34
/home/game/learning/12_DataEnd/airflow/airflow-install/airflow/dags/hello.py                            1           0  0.20s           2024-11-10T17:35:25                      34
/home/game/learning/12_DataEnd/airflow/airflow-install/airflow/dags/hello3.py                           1           0  0.20s           2024-11-10T17:35:46                      12
================================================================================
[2024-11-11T00:36:24.626+0700] {manager.py:997} INFO - 
================================================================================
DAG File Processing Stats

File Path                                                                      PID    Runtime      # DAGs    # Errors  Last Runtime    Last Run               Last # of DB Queries
-----------------------------------------------------------------------------  -----  ---------  --------  ----------  --------------  -------------------  ----------------------
/home/game/learning/12_DataEnd/airflow/airflow-install/airflow/dags/hello3.py                           1           0  0.20s           2024-11-10T17:36:16                      11
/home/game/learning/12_DataEnd/airflow/airflow-install/airflow/dags/hello2.py                           1           0  0.20s           2024-11-10T17:36:24                      12
/home/game/learning/12_DataEnd/airflow/airflow-install/airflow/dags/hello.py                            1           0  0.20s           2024-11-10T17:35:55                      34
================================================================================
[2024-11-11T00:36:36.323+0700] {manager.py:821} INFO - Searching for files in /home/game/learning/12_DataEnd/airflow/airflow-install/airflow/dags
[2024-11-11T00:36:36.325+0700] {manager.py:824} INFO - There are 3 files in /home/game/learning/12_DataEnd/airflow/airflow-install/airflow/dags
[2024-11-11T00:36:54.899+0700] {manager.py:997} INFO - 
================================================================================
DAG File Processing Stats

File Path                                                                      PID    Runtime      # DAGs    # Errors  Last Runtime    Last Run               Last # of DB Queries
-----------------------------------------------------------------------------  -----  ---------  --------  ----------  --------------  -------------------  ----------------------
/home/game/learning/12_DataEnd/airflow/airflow-install/airflow/dags/hello.py                            1           0  0.21s           2024-11-10T17:36:26                      34
/home/game/learning/12_DataEnd/airflow/airflow-install/airflow/dags/hello2.py                           1           0  0.20s           2024-11-10T17:36:54                      11
/home/game/learning/12_DataEnd/airflow/airflow-install/airflow/dags/hello3.py                           1           0  0.20s           2024-11-10T17:36:47                      34
================================================================================
[2024-11-11T00:37:25.190+0700] {manager.py:997} INFO - 
================================================================================
DAG File Processing Stats

File Path                                                                      PID    Runtime      # DAGs    # Errors  Last Runtime    Last Run               Last # of DB Queries
-----------------------------------------------------------------------------  -----  ---------  --------  ----------  --------------  -------------------  ----------------------
/home/game/learning/12_DataEnd/airflow/airflow-install/airflow/dags/hello.py                            1           0  0.20s           2024-11-10T17:36:57                      34
/home/game/learning/12_DataEnd/airflow/airflow-install/airflow/dags/hello2.py                           1           0  0.20s           2024-11-10T17:37:25                      34
/home/game/learning/12_DataEnd/airflow/airflow-install/airflow/dags/hello3.py                           1           0  0.20s           2024-11-10T17:37:17                      12
================================================================================
[2024-11-11T00:37:55.371+0700] {manager.py:997} INFO - 
================================================================================
DAG File Processing Stats

File Path                                                                      PID    Runtime      # DAGs    # Errors  Last Runtime    Last Run               Last # of DB Queries
-----------------------------------------------------------------------------  -----  ---------  --------  ----------  --------------  -------------------  ----------------------
/home/game/learning/12_DataEnd/airflow/airflow-install/airflow/dags/hello.py                            1           0  0.20s           2024-11-10T17:37:27                      34
/home/game/learning/12_DataEnd/airflow/airflow-install/airflow/dags/hello2.py                           1           0  0.11s           2024-11-10T17:37:55                      12
/home/game/learning/12_DataEnd/airflow/airflow-install/airflow/dags/hello3.py                           1           0  0.10s           2024-11-10T17:37:47                      11
================================================================================
[2024-11-11T00:38:25.548+0700] {manager.py:997} INFO - 
================================================================================
DAG File Processing Stats

File Path                                                                      PID    Runtime      # DAGs    # Errors  Last Runtime    Last Run               Last # of DB Queries
-----------------------------------------------------------------------------  -----  ---------  --------  ----------  --------------  -------------------  ----------------------
/home/game/learning/12_DataEnd/airflow/airflow-install/airflow/dags/hello.py                            1           0  0.10s           2024-11-10T17:37:57                      34
/home/game/learning/12_DataEnd/airflow/airflow-install/airflow/dags/hello2.py                           1           0  0.10s           2024-11-10T17:38:25                      11
/home/game/learning/12_DataEnd/airflow/airflow-install/airflow/dags/hello3.py                           1           0  0.10s           2024-11-10T17:38:17                      34
================================================================================
[2024-11-11T00:38:55.703+0700] {manager.py:997} INFO - 
================================================================================
DAG File Processing Stats

File Path                                                                      PID    Runtime      # DAGs    # Errors  Last Runtime    Last Run               Last # of DB Queries
-----------------------------------------------------------------------------  -----  ---------  --------  ----------  --------------  -------------------  ----------------------
/home/game/learning/12_DataEnd/airflow/airflow-install/airflow/dags/hello.py                            1           0  0.11s           2024-11-10T17:38:27                      34
/home/game/learning/12_DataEnd/airflow/airflow-install/airflow/dags/hello3.py                           1           0  0.10s           2024-11-10T17:38:48                      12
/home/game/learning/12_DataEnd/airflow/airflow-install/airflow/dags/hello2.py                           1           0  0.10s           2024-11-10T17:38:55                      34
================================================================================
[2024-11-11T00:39:25.861+0700] {manager.py:997} INFO - 
================================================================================
DAG File Processing Stats

File Path                                                                      PID    Runtime      # DAGs    # Errors  Last Runtime    Last Run               Last # of DB Queries
-----------------------------------------------------------------------------  -----  ---------  --------  ----------  --------------  -------------------  ----------------------
/home/game/learning/12_DataEnd/airflow/airflow-install/airflow/dags/hello2.py                           1           0  0.10s           2024-11-10T17:39:25                      12
/home/game/learning/12_DataEnd/airflow/airflow-install/airflow/dags/hello.py                            1           0  0.10s           2024-11-10T17:38:58                      34
/home/game/learning/12_DataEnd/airflow/airflow-install/airflow/dags/hello3.py                           1           0  0.10s           2024-11-10T17:39:18                      11
================================================================================
[2024-11-11T00:39:56.039+0700] {manager.py:997} INFO - 
================================================================================
DAG File Processing Stats

File Path                                                                      PID    Runtime      # DAGs    # Errors  Last Runtime    Last Run               Last # of DB Queries
-----------------------------------------------------------------------------  -----  ---------  --------  ----------  --------------  -------------------  ----------------------
/home/game/learning/12_DataEnd/airflow/airflow-install/airflow/dags/hello2.py                           1           0  0.11s           2024-11-10T17:39:56                      11
/home/game/learning/12_DataEnd/airflow/airflow-install/airflow/dags/hello.py                            1           0  0.10s           2024-11-10T17:39:28                      34
/home/game/learning/12_DataEnd/airflow/airflow-install/airflow/dags/hello3.py                           1           0  0.10s           2024-11-10T17:39:48                      34
================================================================================
[2024-11-11T00:40:26.320+0700] {manager.py:997} INFO - 
================================================================================
DAG File Processing Stats

File Path                                                                      PID    Runtime      # DAGs    # Errors  Last Runtime    Last Run               Last # of DB Queries
-----------------------------------------------------------------------------  -----  ---------  --------  ----------  --------------  -------------------  ----------------------
/home/game/learning/12_DataEnd/airflow/airflow-install/airflow/dags/hello.py                            1           0  0.20s           2024-11-10T17:39:58                      34
/home/game/learning/12_DataEnd/airflow/airflow-install/airflow/dags/hello2.py                           1           0  0.20s           2024-11-10T17:40:26                      34
/home/game/learning/12_DataEnd/airflow/airflow-install/airflow/dags/hello3.py                           1           0  0.10s           2024-11-10T17:40:18                      12
================================================================================
[2024-11-11T00:40:56.496+0700] {manager.py:997} INFO - 
================================================================================
DAG File Processing Stats

File Path                                                                      PID    Runtime      # DAGs    # Errors  Last Runtime    Last Run               Last # of DB Queries
-----------------------------------------------------------------------------  -----  ---------  --------  ----------  --------------  -------------------  ----------------------
/home/game/learning/12_DataEnd/airflow/airflow-install/airflow/dags/hello2.py                           1           0  0.11s           2024-11-10T17:40:56                      12
/home/game/learning/12_DataEnd/airflow/airflow-install/airflow/dags/hello3.py                           1           0  0.10s           2024-11-10T17:40:48                      11
/home/game/learning/12_DataEnd/airflow/airflow-install/airflow/dags/hello.py                            1           0  0.10s           2024-11-10T17:40:28                      34
================================================================================
[2024-11-11T00:41:26.693+0700] {manager.py:997} INFO - 
================================================================================
DAG File Processing Stats

File Path                                                                      PID    Runtime      # DAGs    # Errors  Last Runtime    Last Run               Last # of DB Queries
-----------------------------------------------------------------------------  -----  ---------  --------  ----------  --------------  -------------------  ----------------------
/home/game/learning/12_DataEnd/airflow/airflow-install/airflow/dags/hello.py                            1           0  0.21s           2024-11-10T17:40:59                      34
/home/game/learning/12_DataEnd/airflow/airflow-install/airflow/dags/hello3.py                           1           0  0.20s           2024-11-10T17:41:19                      34
/home/game/learning/12_DataEnd/airflow/airflow-install/airflow/dags/hello2.py                           1           0  0.10s           2024-11-10T17:41:26                      11
================================================================================
[2024-11-11T00:41:36.358+0700] {manager.py:821} INFO - Searching for files in /home/game/learning/12_DataEnd/airflow/airflow-install/airflow/dags
[2024-11-11T00:41:36.360+0700] {manager.py:824} INFO - There are 3 files in /home/game/learning/12_DataEnd/airflow/airflow-install/airflow/dags
[2024-11-11T00:41:56.863+0700] {manager.py:997} INFO - 
================================================================================
DAG File Processing Stats

File Path                                                                      PID    Runtime      # DAGs    # Errors  Last Runtime    Last Run               Last # of DB Queries
-----------------------------------------------------------------------------  -----  ---------  --------  ----------  --------------  -------------------  ----------------------
/home/game/learning/12_DataEnd/airflow/airflow-install/airflow/dags/hello.py                            1           0  0.20s           2024-11-10T17:41:29                      34
/home/game/learning/12_DataEnd/airflow/airflow-install/airflow/dags/hello2.py                           1           0  0.10s           2024-11-10T17:41:56                      34
/home/game/learning/12_DataEnd/airflow/airflow-install/airflow/dags/hello3.py                           1           0  0.10s           2024-11-10T17:41:49                      12
================================================================================
[2024-11-11T00:42:27.022+0700] {manager.py:997} INFO - 
================================================================================
DAG File Processing Stats

File Path                                                                      PID    Runtime      # DAGs    # Errors  Last Runtime    Last Run               Last # of DB Queries
-----------------------------------------------------------------------------  -----  ---------  --------  ----------  --------------  -------------------  ----------------------
/home/game/learning/12_DataEnd/airflow/airflow-install/airflow/dags/hello.py                            1           0  0.20s           2024-11-10T17:41:59                      34
/home/game/learning/12_DataEnd/airflow/airflow-install/airflow/dags/hello2.py                           1           0  0.10s           2024-11-10T17:42:27                      12
/home/game/learning/12_DataEnd/airflow/airflow-install/airflow/dags/hello3.py                           1           0  0.10s           2024-11-10T17:42:19                      11
================================================================================
[2024-11-11T00:42:57.185+0700] {manager.py:997} INFO - 
================================================================================
DAG File Processing Stats

File Path                                                                      PID    Runtime      # DAGs    # Errors  Last Runtime    Last Run               Last # of DB Queries
-----------------------------------------------------------------------------  -----  ---------  --------  ----------  --------------  -------------------  ----------------------
/home/game/learning/12_DataEnd/airflow/airflow-install/airflow/dags/hello3.py                           1           0  0.10s           2024-11-10T17:42:49                      34
/home/game/learning/12_DataEnd/airflow/airflow-install/airflow/dags/hello2.py                           1           0  0.10s           2024-11-10T17:42:57                      11
/home/game/learning/12_DataEnd/airflow/airflow-install/airflow/dags/hello.py                            1           0  0.10s           2024-11-10T17:42:29                      34
================================================================================
